Using pre-set license
Built from '2022.3/staging' branch; Version is '2022.3.8f1 (b5eafc012955) revision 11922172'; Using compiler version '192829333'; Build Type 'Release'
OS: 'Windows 11  (10.0.26100) 64bit Professional' Language: 'en' Physical Memory: 8001 MB
BatchMode: 1, IsHumanControllingUs: 0, StartBugReporterOnCrash: 0, Is64bit: 1, IsPro: 1

COMMAND LINE ARGUMENTS:
C:\Users\tiago.freitas\Documents\2022.3.8f1\Editor\Unity.exe
-adb2
-batchMode
-noUpm
-name
AssetImportWorker6
-projectPath
C:/Users/tiago.freitas/Documents/Escape/Escape-The-Maze-Tiago
-logFile
Logs/AssetImportWorker6.log
-srvPort
60547
Successfully changed project path to: C:/Users/tiago.freitas/Documents/Escape/Escape-The-Maze-Tiago
C:/Users/tiago.freitas/Documents/Escape/Escape-The-Maze-Tiago
[UnityMemory] Configuration Parameters - Can be set up in boot.config
    "memorysetup-bucket-allocator-granularity=16"
    "memorysetup-bucket-allocator-bucket-count=8"
    "memorysetup-bucket-allocator-block-size=33554432"
    "memorysetup-bucket-allocator-block-count=8"
    "memorysetup-main-allocator-block-size=16777216"
    "memorysetup-thread-allocator-block-size=16777216"
    "memorysetup-gfx-main-allocator-block-size=16777216"
    "memorysetup-gfx-thread-allocator-block-size=16777216"
    "memorysetup-cache-allocator-block-size=4194304"
    "memorysetup-typetree-allocator-block-size=2097152"
    "memorysetup-profiler-bucket-allocator-granularity=16"
    "memorysetup-profiler-bucket-allocator-bucket-count=8"
    "memorysetup-profiler-bucket-allocator-block-size=33554432"
    "memorysetup-profiler-bucket-allocator-block-count=8"
    "memorysetup-profiler-allocator-block-size=16777216"
    "memorysetup-profiler-editor-allocator-block-size=1048576"
    "memorysetup-temp-allocator-size-main=16777216"
    "memorysetup-job-temp-allocator-block-size=2097152"
    "memorysetup-job-temp-allocator-block-size-background=1048576"
    "memorysetup-job-temp-allocator-reduction-small-platforms=262144"
    "memorysetup-allocator-temp-initial-block-size-main=262144"
    "memorysetup-allocator-temp-initial-block-size-worker=262144"
    "memorysetup-temp-allocator-size-background-worker=32768"
    "memorysetup-temp-allocator-size-job-worker=262144"
    "memorysetup-temp-allocator-size-preload-manager=33554432"
    "memorysetup-temp-allocator-size-nav-mesh-worker=65536"
    "memorysetup-temp-allocator-size-audio-worker=65536"
    "memorysetup-temp-allocator-size-cloud-worker=32768"
    "memorysetup-temp-allocator-size-gi-baking-worker=262144"
    "memorysetup-temp-allocator-size-gfx=262144"
Player connection [20172] Host "[IP] 10.11.10.116 [Port] 0 [Flags] 2 [Guid] 2357678458 [EditorId] 2357678458 [Version] 1048832 [Id] WindowsEditor(7,DEV006) [Debug] 1 [PackageName] WindowsEditor [ProjectName] Editor" joined multi-casting on [225.0.0.222:54997]...

Player connection [20172] Host "[IP] 10.11.10.116 [Port] 0 [Flags] 2 [Guid] 2357678458 [EditorId] 2357678458 [Version] 1048832 [Id] WindowsEditor(7,DEV006) [Debug] 1 [PackageName] WindowsEditor [ProjectName] Editor" joined alternative multi-casting on [225.0.0.222:34997]...

[Physics::Module] Initialized MultithreadedJobDispatcher with 5 workers.
Refreshing native plugins compatible for Editor in 96.16 ms, found 8 plugins.
Preloading 0 native plugins for Editor in 0.00 ms.
Initialize engine version: 2022.3.8f1 (b5eafc012955)
[Subsystems] Discovering subsystems at path C:/Users/tiago.freitas/Documents/2022.3.8f1/Editor/Data/Resources/UnitySubsystems
[Subsystems] Discovering subsystems at path C:/Users/tiago.freitas/Documents/Escape/Escape-The-Maze-Tiago/Assets
GfxDevice: creating device client; threaded=0; jobified=0
Direct3D:
    Version:  Direct3D 11.0 [level 11.1]
    Renderer: Intel(R) UHD Graphics 630 (ID=0x3e92)
    Vendor:   Intel
    VRAM:     4000 MB
    Driver:   31.0.101.2130
Initialize mono
Mono path[0] = 'C:/Users/tiago.freitas/Documents/2022.3.8f1/Editor/Data/Managed'
Mono path[1] = 'C:/Users/tiago.freitas/Documents/2022.3.8f1/Editor/Data/MonoBleedingEdge/lib/mono/unityjit-win32'
Mono config path = 'C:/Users/tiago.freitas/Documents/2022.3.8f1/Editor/Data/MonoBleedingEdge/etc'
Using monoOptions --debugger-agent=transport=dt_socket,embedding=1,server=y,suspend=n,address=127.0.0.1:56876
Begin MonoManager ReloadAssembly
Registering precompiled unity dll's ...
Register platform support module: C:/Users/tiago.freitas/Documents/2022.3.8f1/Editor/Data/PlaybackEngines/WindowsStandaloneSupport/UnityEditor.WindowsStandalone.Extensions.dll
Registered in 0.027743 seconds.
- Loaded All Assemblies, in  1.284 seconds
Native extension for WindowsStandalone target not found
Mono: successfully reloaded assembly
- Finished resetting the current domain, in  0.943 seconds
Domain Reload Profiling: 2219ms
	BeginReloadAssembly (488ms)
		ExecutionOrderSort (0ms)
		DisableScriptedObjects (0ms)
		BackupInstance (0ms)
		ReleaseScriptingObjects (0ms)
		CreateAndSetChildDomain (3ms)
	RebuildCommonClasses (112ms)
	RebuildNativeTypeToScriptingClass (29ms)
	initialDomainReloadingComplete (220ms)
	LoadAllAssembliesAndSetupDomain (426ms)
		LoadAssemblies (477ms)
		RebuildTransferFunctionScriptingTraits (0ms)
		AnalyzeDomain (419ms)
			TypeCache.Refresh (413ms)
				TypeCache.ScanAssembly (363ms)
			ScanForSourceGeneratedMonoScriptInfo (1ms)
			ResolveRequiredComponents (2ms)
	FinalizeReload (944ms)
		ReleaseScriptCaches (0ms)
		RebuildScriptCaches (0ms)
		SetupLoadedEditorAssemblies (750ms)
			LogAssemblyErrors (0ms)
			InitializePlatformSupportModulesInManaged (46ms)
			SetLoadedEditorAssemblies (30ms)
			RefreshPlugins (0ms)
			BeforeProcessingInitializeOnLoad (6ms)
			ProcessInitializeOnLoadAttributes (464ms)
			ProcessInitializeOnLoadMethodAttributes (203ms)
			AfterProcessingInitializeOnLoad (0ms)
			EditorAssembliesLoaded (0ms)
		ExecutionOrderSort2 (0ms)
		AwakeInstancesAfterBackupRestoration (0ms)
========================================================================
Worker process is ready to serve import requests
Begin MonoManager ReloadAssembly
- Loaded All Assemblies, in  1.403 seconds
Refreshing native plugins compatible for Editor in 25.37 ms, found 8 plugins.
Native extension for WindowsStandalone target not found
Package Manager log level set to [2]
[Package Manager] Server::EnsureServerProcessIsRunning -- launch failed, reason: Unity was launched with the -noUpm command-line argument
[Package Manager] UpmClient::Send -- Unable to send message (not connected to UPM process).
[Package Manager] Cannot connect to Unity Package Manager local server
[Package Manager] Server::EnsureServerProcessIsRunning -- launch failed, reason: Unity was launched with the -noUpm command-line argument
[Package Manager] UpmClient::Send -- Unable to send message (not connected to UPM process).
[Package Manager] Cannot connect to Unity Package Manager local server
Mono: successfully reloaded assembly
[Package Manager] Server::EnsureServerProcessIsRunning -- launch failed, reason: Unity was launched with the -noUpm command-line argument
[Package Manager] UpmClient::Send -- Unable to send message (not connected to UPM process).
[Package Manager] Cannot connect to Unity Package Manager local server
[Package Manager] Server::EnsureServerProcessIsRunning -- launch failed, reason: Unity was launched with the -noUpm command-line argument
[Package Manager] UpmClient::Send -- Unable to send message (not connected to UPM process).
[Package Manager] Cannot connect to Unity Package Manager local server
- Finished resetting the current domain, in  1.026 seconds
Domain Reload Profiling: 2416ms
	BeginReloadAssembly (205ms)
		ExecutionOrderSort (0ms)
		DisableScriptedObjects (6ms)
		BackupInstance (0ms)
		ReleaseScriptingObjects (0ms)
		CreateAndSetChildDomain (29ms)
	RebuildCommonClasses (41ms)
	RebuildNativeTypeToScriptingClass (13ms)
	initialDomainReloadingComplete (65ms)
	LoadAllAssembliesAndSetupDomain (1066ms)
		LoadAssemblies (911ms)
		RebuildTransferFunctionScriptingTraits (0ms)
		AnalyzeDomain (273ms)
			TypeCache.Refresh (237ms)
				TypeCache.ScanAssembly (214ms)
			ScanForSourceGeneratedMonoScriptInfo (27ms)
			ResolveRequiredComponents (7ms)
	FinalizeReload (1027ms)
		ReleaseScriptCaches (0ms)
		RebuildScriptCaches (0ms)
		SetupLoadedEditorAssemblies (750ms)
			LogAssemblyErrors (0ms)
			InitializePlatformSupportModulesInManaged (13ms)
			SetLoadedEditorAssemblies (9ms)
			RefreshPlugins (0ms)
			BeforeProcessingInitializeOnLoad (132ms)
			ProcessInitializeOnLoadAttributes (518ms)
			ProcessInitializeOnLoadMethodAttributes (60ms)
			AfterProcessingInitializeOnLoad (19ms)
			EditorAssembliesLoaded (0ms)
		ExecutionOrderSort2 (0ms)
		AwakeInstancesAfterBackupRestoration (34ms)
Launched and connected shader compiler UnityShaderCompiler.exe after 0.13 seconds
Refreshing native plugins compatible for Editor in 21.59 ms, found 8 plugins.
Preloading 0 native plugins for Editor in 0.00 ms.
Unloading 3043 Unused Serialized files (Serialized files now loaded: 0)
Unloading 78 unused Assets / (1.3 MB). Loaded Objects now: 3514.
Memory consumption went from 135.3 MB to 134.0 MB.
Total: 5.276000 ms (FindLiveObjects: 0.489600 ms CreateObjectMapping: 0.239500 ms MarkObjects: 4.015500 ms  DeleteObjects: 0.530300 ms)

AssetImportParameters requested are different than current active one (requested -> active):
  custom:video-decoder-webm-vp8: 9c59270c3fd7afecdb556c50c9e8de78 -> 
  custom:SearchIndexIgnoredProperties: e643bd26f0fe6173181afceb89e7c659 -> 
  custom:container-demuxer-ogg: 62fdf1f143b41e24485cea50d1cbac27 -> 
  custom:AudioImporter_EditorPlatform: d09bf68614088b80899f8185d706f6e7 -> 
  custom:video-codec-MediaFoundation-h265: 746d11721c4dcdbdad8f713fa42b33f4 -> 
  custom:video-decoder-ogg-theora: a1e56fd34408186e4bbccfd4996cb3dc -> 
  custom:framework-win-MediaFoundation: 216162199b28c13a410421893ffa2e32 -> 
  custom:video-encoder-webm-vp8: eb34c28f22e8b96e1ab97ce403110664 -> 
  custom:audio-decoder-ogg-vorbis: bf7c407c2cedff20999df2af8eb42d56 -> 
  custom:CustomObjectIndexerAttribute: 756ad292c208cfabdd7b50bc23989ffe -> 
  custom:container-demuxer-webm: 4f35f7cbe854078d1ac9338744f61a02 -> 
  custom:audio-encoder-webm-vorbis: bf7c407c2cedff20999df2af8eb42d56 -> 
  custom:container-muxer-webm: aa71ff27fc2769a1b78a27578f13a17b -> 
========================================================================
Received Prepare
Begin MonoManager ReloadAssembly
- Loaded All Assemblies, in  0.791 seconds
Refreshing native plugins compatible for Editor in 24.12 ms, found 8 plugins.
Native extension for WindowsStandalone target not found
[Package Manager] Server::EnsureServerProcessIsRunning -- launch failed, reason: Unity was launched with the -noUpm command-line argument
[Package Manager] UpmClient::Send -- Unable to send message (not connected to UPM process).
[Package Manager] Cannot connect to Unity Package Manager local server
[Package Manager] Server::EnsureServerProcessIsRunning -- launch failed, reason: Unity was launched with the -noUpm command-line argument
[Package Manager] UpmClient::Send -- Unable to send message (not connected to UPM process).
[Package Manager] Cannot connect to Unity Package Manager local server
Mono: successfully reloaded assembly
[Package Manager] Server::EnsureServerProcessIsRunning -- launch failed, reason: Unity was launched with the -noUpm command-line argument
[Package Manager] UpmClient::Send -- Unable to send message (not connected to UPM process).
[Package Manager] Cannot connect to Unity Package Manager local server
- Finished resetting the current domain, in  3.119 seconds
Domain Reload Profiling: 3900ms
	BeginReloadAssembly (264ms)
		ExecutionOrderSort (0ms)
		DisableScriptedObjects (7ms)
		BackupInstance (0ms)
		ReleaseScriptingObjects (0ms)
		CreateAndSetChildDomain (49ms)
	RebuildCommonClasses (49ms)
	RebuildNativeTypeToScriptingClass (16ms)
	initialDomainReloadingComplete (52ms)
	LoadAllAssembliesAndSetupDomain (400ms)
		LoadAssemblies (532ms)
		RebuildTransferFunctionScriptingTraits (0ms)
		AnalyzeDomain (21ms)
			TypeCache.Refresh (8ms)
				TypeCache.ScanAssembly (0ms)
			ScanForSourceGeneratedMonoScriptInfo (0ms)
			ResolveRequiredComponents (10ms)
	FinalizeReload (3120ms)
		ReleaseScriptCaches (0ms)
		RebuildScriptCaches (0ms)
		SetupLoadedEditorAssemblies (1323ms)
			LogAssemblyErrors (0ms)
			InitializePlatformSupportModulesInManaged (29ms)
			SetLoadedEditorAssemblies (12ms)
			RefreshPlugins (0ms)
			BeforeProcessingInitializeOnLoad (184ms)
			ProcessInitializeOnLoadAttributes (999ms)
			ProcessInitializeOnLoadMethodAttributes (74ms)
			AfterProcessingInitializeOnLoad (24ms)
			EditorAssembliesLoaded (0ms)
		ExecutionOrderSort2 (0ms)
		AwakeInstancesAfterBackupRestoration (35ms)
Refreshing native plugins compatible for Editor in 65.36 ms, found 8 plugins.
Preloading 0 native plugins for Editor in 0.00 ms.
Unloading 2981 Unused Serialized files (Serialized files now loaded: 0)
Unloading 59 unused Assets / (1.3 MB). Loaded Objects now: 3518.
Memory consumption went from 121.9 MB to 120.6 MB.
Total: 14.460900 ms (FindLiveObjects: 1.053100 ms CreateObjectMapping: 1.141700 ms MarkObjects: 11.584800 ms  DeleteObjects: 0.678900 ms)

Prepare: number of updated asset objects reloaded= 0
AssetImportParameters requested are different than current active one (requested -> active):
  custom:video-decoder-webm-vp8: 9c59270c3fd7afecdb556c50c9e8de78 -> 
  custom:SearchIndexIgnoredProperties: e643bd26f0fe6173181afceb89e7c659 -> 
  custom:container-demuxer-ogg: 62fdf1f143b41e24485cea50d1cbac27 -> 
  custom:AudioImporter_EditorPlatform: d09bf68614088b80899f8185d706f6e7 -> 
  custom:video-codec-MediaFoundation-h265: 746d11721c4dcdbdad8f713fa42b33f4 -> 
  custom:video-decoder-ogg-theora: a1e56fd34408186e4bbccfd4996cb3dc -> 
  custom:framework-win-MediaFoundation: 216162199b28c13a410421893ffa2e32 -> 
  custom:video-encoder-webm-vp8: eb34c28f22e8b96e1ab97ce403110664 -> 
  custom:audio-decoder-ogg-vorbis: bf7c407c2cedff20999df2af8eb42d56 -> 
  custom:CustomObjectIndexerAttribute: 756ad292c208cfabdd7b50bc23989ffe -> 
  custom:container-demuxer-webm: 4f35f7cbe854078d1ac9338744f61a02 -> 
  custom:audio-encoder-webm-vorbis: bf7c407c2cedff20999df2af8eb42d56 -> 
  custom:container-muxer-webm: aa71ff27fc2769a1b78a27578f13a17b -> 
========================================================================
Received Import Request.
  Time since last request: 1697151.165835 seconds.
  path: Assets/Models/Telephone&Syringe/Telephone.fbx
  artifactKey: Guid(fea8de06828064f4d928a31a0621a8e4) Importer(815301076,1909f56bfc062723c751e8b465ee728b)
Start importing Assets/Models/Telephone&Syringe/Telephone.fbx using Guid(fea8de06828064f4d928a31a0621a8e4) Importer(815301076,1909f56bfc062723c751e8b465ee728b)  -> (artifact id: '27fdf9bc7d686ed6d5be0e3935bcbe1c') in 0.313635 seconds
Number of updated asset objects reloaded before import = 0
Number of asset objects unloaded after import = 11
========================================================================
Received Import Request.
  Time since last request: 11.701516 seconds.
  path: Assets/Models/Spears/Hook_Wall.prefab
  artifactKey: Guid(2ccd05c577822004c910ba23905f10e7) Importer(815301076,1909f56bfc062723c751e8b465ee728b)
Start importing Assets/Models/Spears/Hook_Wall.prefab using Guid(2ccd05c577822004c910ba23905f10e7) Importer(815301076,1909f56bfc062723c751e8b465ee728b)  -> (artifact id: 'f3baf9452b4b0ed9cabea53eed33b4ca') in 0.147193 seconds
Number of updated asset objects reloaded before import = 0
Number of asset objects unloaded after import = 21
========================================================================
Received Import Request.
  Time since last request: 0.000322 seconds.
  path: Assets/Models/Spears/Oar_Wall.prefab
  artifactKey: Guid(95b75e6132130ac43a5a0388bf77a5fc) Importer(815301076,1909f56bfc062723c751e8b465ee728b)
Start importing Assets/Models/Spears/Oar_Wall.prefab using Guid(95b75e6132130ac43a5a0388bf77a5fc) Importer(815301076,1909f56bfc062723c751e8b465ee728b)  -> (artifact id: '0d640917d40fb1f5bf33148016611f39') in 0.186388 seconds
Number of updated asset objects reloaded before import = 0
Number of asset objects unloaded after import = 21
========================================================================
Received Import Request.
  Time since last request: 0.000088 seconds.
  path: Assets/Models/Spears/Oar.prefab
  artifactKey: Guid(87b3fc11282668d46b0c986c2c629f99) Importer(815301076,1909f56bfc062723c751e8b465ee728b)
Start importing Assets/Models/Spears/Oar.prefab using Guid(87b3fc11282668d46b0c986c2c629f99) Importer(815301076,1909f56bfc062723c751e8b465ee728b)  -> (artifact id: 'ebe280206a7a55f40f4898f082233783') in 0.127758 seconds
Number of updated asset objects reloaded before import = 0
Number of asset objects unloaded after import = 21
========================================================================
Received Import Request.
  Time since last request: 0.000059 seconds.
  path: Assets/Models/Spears/Oar_Deco.prefab
  artifactKey: Guid(93993433e6d2f8e4b82650a7527074d0) Importer(815301076,1909f56bfc062723c751e8b465ee728b)
Start importing Assets/Models/Spears/Oar_Deco.prefab using Guid(93993433e6d2f8e4b82650a7527074d0) Importer(815301076,1909f56bfc062723c751e8b465ee728b)  -> (artifact id: '36c1a85b0b8fecb14fddf93d6b94311a') in 0.139998 seconds
Number of updated asset objects reloaded before import = 0
Number of asset objects unloaded after import = 22
========================================================================
Received Import Request.
  Time since last request: 0.000030 seconds.
  path: Assets/Models/Spears/Spears_Deco.prefab
  artifactKey: Guid(40d5ae1ba3baefe44ae0cfad865946ce) Importer(815301076,1909f56bfc062723c751e8b465ee728b)
Start importing Assets/Models/Spears/Spears_Deco.prefab using Guid(40d5ae1ba3baefe44ae0cfad865946ce) Importer(815301076,1909f56bfc062723c751e8b465ee728b)  -> (artifact id: '33ec431f77b12de4d9ace825d535913b') in 0.142927 seconds
Number of updated asset objects reloaded before import = 0
Number of asset objects unloaded after import = 21
========================================================================
Received Import Request.
  Time since last request: 520.836709 seconds.
  path: Assets/Models/Guitar
  artifactKey: Guid(0bda8e2075aa14845a8e10fe7c27a05c) Importer(815301076,1909f56bfc062723c751e8b465ee728b)
Start importing Assets/Models/Guitar using Guid(0bda8e2075aa14845a8e10fe7c27a05c) Importer(815301076,1909f56bfc062723c751e8b465ee728b)  -> (artifact id: '809f1ff7535fc3b784c975a164658e54') in 0.044565 seconds
Number of updated asset objects reloaded before import = 0
Number of asset objects unloaded after import = 0
========================================================================
Received Import Request.
  Time since last request: 15.296603 seconds.
  path: Assets/Models/Guitar/TLOU_Guitar.fbx
  artifactKey: Guid(d56e08cba0309244982aca6ca33603bc) Importer(815301076,1909f56bfc062723c751e8b465ee728b)
Start importing Assets/Models/Guitar/TLOU_Guitar.fbx using Guid(d56e08cba0309244982aca6ca33603bc) Importer(815301076,1909f56bfc062723c751e8b465ee728b)  -> (artifact id: '8da520dee90b5be186518c58d658525e') in 1.283116 seconds
Number of updated asset objects reloaded before import = 0
Number of asset objects unloaded after import = 9
========================================================================
Received Import Request.
  Time since last request: 279.076137 seconds.
  path: Assets/Models/sofa Variant.mat
  artifactKey: Guid(31da35d384654024a9057fd9c629af40) Importer(815301076,1909f56bfc062723c751e8b465ee728b)
Start importing Assets/Models/sofa Variant.mat using Guid(31da35d384654024a9057fd9c629af40) Importer(815301076,1909f56bfc062723c751e8b465ee728b)  -> (artifact id: 'c79dc21094a0a4158577a7f62c694759') in 0.160937 seconds
Number of updated asset objects reloaded before import = 0
Number of asset objects unloaded after import = 13
========================================================================
Received Import Request.
  Time since last request: 2.463085 seconds.
  path: Assets/Models/Clown/Whiteclown N Hallin.fbx
  artifactKey: Guid(29c5394d51b0440149d6ea7cfa61757c) Importer(815301076,1909f56bfc062723c751e8b465ee728b)
Start importing Assets/Models/Clown/Whiteclown N Hallin.fbx using Guid(29c5394d51b0440149d6ea7cfa61757c) Importer(815301076,1909f56bfc062723c751e8b465ee728b)  -> (artifact id: '12403de13d50d8599005f03dced27008') in 0.832037 seconds
Number of updated asset objects reloaded before import = 0
Number of asset objects unloaded after import = 146
========================================================================
Received Import Request.
  Time since last request: 7.491032 seconds.
  path: Assets/Models/sofa.mat
  artifactKey: Guid(cc53d5f0883130a4ca97041350ea9c37) Importer(815301076,1909f56bfc062723c751e8b465ee728b)
Start importing Assets/Models/sofa.mat using Guid(cc53d5f0883130a4ca97041350ea9c37) Importer(815301076,1909f56bfc062723c751e8b465ee728b)  -> (artifact id: '1d243530de015a7beff6b30e04cd2fa0') in 0.022365 seconds
Number of updated asset objects reloaded before import = 0
Number of asset objects unloaded after import = 1
========================================================================
Received Import Request.
  Time since last request: 36.983792 seconds.
  path: Assets/Models/sofa Variant 1.mat
  artifactKey: Guid(04529be0acdfa0a48b2f214fd9fe0acb) Importer(815301076,1909f56bfc062723c751e8b465ee728b)
Start importing Assets/Models/sofa Variant 1.mat using Guid(04529be0acdfa0a48b2f214fd9fe0acb) Importer(815301076,1909f56bfc062723c751e8b465ee728b)  -> (artifact id: '8fecb701e427b8fa9c92fdbee41114f8') in 0.026855 seconds
Number of updated asset objects reloaded before import = 0
Number of asset objects unloaded after import = 13
========================================================================
Received Import Request.
  Time since last request: 2.673503 seconds.
  path: Assets/Models/HorrorHospitalPack/Wheelchair/Materials/Wheelchair_Material.mat
  artifactKey: Guid(421e807ef572c224f84c6fdc02fef647) Importer(815301076,1909f56bfc062723c751e8b465ee728b)
Start importing Assets/Models/HorrorHospitalPack/Wheelchair/Materials/Wheelchair_Material.mat using Guid(421e807ef572c224f84c6fdc02fef647) Importer(815301076,1909f56bfc062723c751e8b465ee728b)  -> (artifact id: '53686a15637acb20b78d8dbe2c8a27f3') in 0.127999 seconds
Number of updated asset objects reloaded before import = 0
Number of asset objects unloaded after import = 5
========================================================================
Received Import Request.
  Time since last request: 21.933118 seconds.
  path: Assets/Abandoned_Asylum/Textures/Tank_Normal.png
  artifactKey: Guid(5675708bc9fbd3743bd43bc5dabdf8e8) Importer(815301076,1909f56bfc062723c751e8b465ee728b)
Start importing Assets/Abandoned_Asylum/Textures/Tank_Normal.png using Guid(5675708bc9fbd3743bd43bc5dabdf8e8) Importer(815301076,1909f56bfc062723c751e8b465ee728b)  -> (artifact id: '2e7689dd9775599f068fdd404273bb68') in 0.454576 seconds
Number of updated asset objects reloaded before import = 0
Number of asset objects unloaded after import = 2
========================================================================
Received Import Request.
  Time since last request: 0.000064 seconds.
  path: Assets/Abandoned_Asylum/Textures/Wall_Wood_difuse.png
  artifactKey: Guid(9cbbe7aa21a89c84e815f78be55a53ac) Importer(815301076,1909f56bfc062723c751e8b465ee728b)
Start importing Assets/Abandoned_Asylum/Textures/Wall_Wood_difuse.png using Guid(9cbbe7aa21a89c84e815f78be55a53ac) Importer(815301076,1909f56bfc062723c751e8b465ee728b)  -> (artifact id: 'f434dfdf72c0d6ba54d8ad41d4211c69') in 0.048377 seconds
Number of updated asset objects reloaded before import = 0
Number of asset objects unloaded after import = 2
========================================================================
Received Import Request.
  Time since last request: 0.000084 seconds.
  path: Assets/Abandoned_Asylum/Textures/Window_Barrier_Normal.png
  artifactKey: Guid(d23ddacdfa4ca14429d3eea776bd8cc0) Importer(815301076,1909f56bfc062723c751e8b465ee728b)
Start importing Assets/Abandoned_Asylum/Textures/Window_Barrier_Normal.png using Guid(d23ddacdfa4ca14429d3eea776bd8cc0) Importer(815301076,1909f56bfc062723c751e8b465ee728b)  -> (artifact id: '009f1506e60caa182b7750be16780726') in 0.082808 seconds
Number of updated asset objects reloaded before import = 0
Number of asset objects unloaded after import = 2
========================================================================
Received Import Request.
  Time since last request: 0.000274 seconds.
  path: Assets/Abandoned_Asylum/Textures/WindowToilet_MetallicSmoothness.png
  artifactKey: Guid(5017d0db1a9344144b9bebeb421db04a) Importer(815301076,1909f56bfc062723c751e8b465ee728b)
Start importing Assets/Abandoned_Asylum/Textures/WindowToilet_MetallicSmoothness.png using Guid(5017d0db1a9344144b9bebeb421db04a) Importer(815301076,1909f56bfc062723c751e8b465ee728b)  -> (artifact id: '658b44d98cb15cefece1fbb238296621') in 0.060033 seconds
Number of updated asset objects reloaded before import = 0
Number of asset objects unloaded after import = 2
========================================================================
Received Import Request.
  Time since last request: 0.000062 seconds.
  path: Assets/Abandoned_Asylum/Textures/WindowHall_Albedo.png
  artifactKey: Guid(fcd39008a9da1de428d9eb1a37e91dad) Importer(815301076,1909f56bfc062723c751e8b465ee728b)
Start importing Assets/Abandoned_Asylum/Textures/WindowHall_Albedo.png using Guid(fcd39008a9da1de428d9eb1a37e91dad) Importer(815301076,1909f56bfc062723c751e8b465ee728b)  -> (artifact id: '9724da27cd5b9565ae6d24b0bc78f343') in 0.092909 seconds
Number of updated asset objects reloaded before import = 0
Number of asset objects unloaded after import = 2
========================================================================
Received Import Request.
  Time since last request: 0.000038 seconds.
  path: Assets/Abandoned_Asylum/Textures/Window_Albedo.png
  artifactKey: Guid(793bcd446b3d8da45ab1a8d95e6be121) Importer(815301076,1909f56bfc062723c751e8b465ee728b)
Start importing Assets/Abandoned_Asylum/Textures/Window_Albedo.png using Guid(793bcd446b3d8da45ab1a8d95e6be121) Importer(815301076,1909f56bfc062723c751e8b465ee728b)  -> (artifact id: '3d2bc436440614eb87af84d8157d1c29') in 0.054132 seconds
Number of updated asset objects reloaded before import = 0
Number of asset objects unloaded after import = 2
========================================================================
Received Import Request.
  Time since last request: 0.000052 seconds.
  path: Assets/Abandoned_Asylum/Textures/Television_MetallicSmoothness.png
  artifactKey: Guid(33cac6d25fc3fa84c9210a805194dac2) Importer(815301076,1909f56bfc062723c751e8b465ee728b)
Start importing Assets/Abandoned_Asylum/Textures/Television_MetallicSmoothness.png using Guid(33cac6d25fc3fa84c9210a805194dac2) Importer(815301076,1909f56bfc062723c751e8b465ee728b)  -> (artifact id: 'e7d967df40f143659f59aaa7754a97b3') in 0.101566 seconds
Number of updated asset objects reloaded before import = 0
Number of asset objects unloaded after import = 2
========================================================================
Received Import Request.
  Time since last request: 0.000297 seconds.
  path: Assets/Abandoned_Asylum/Textures/Wall_Wood_2_diffuse.png
  artifactKey: Guid(6f4225b17c86bc34c8e2f0919cf23534) Importer(815301076,1909f56bfc062723c751e8b465ee728b)
Start importing Assets/Abandoned_Asylum/Textures/Wall_Wood_2_diffuse.png using Guid(6f4225b17c86bc34c8e2f0919cf23534) Importer(815301076,1909f56bfc062723c751e8b465ee728b)  -> (artifact id: 'c39b2eadf895d06e6117084a19c2f113') in 0.047033 seconds
Number of updated asset objects reloaded before import = 0
Number of asset objects unloaded after import = 2
========================================================================
Received Import Request.
  Time since last request: 0.000089 seconds.
  path: Assets/Abandoned_Asylum/Textures/Wall_Wood_height.png
  artifactKey: Guid(e69beeadbfe13f5438660dba7ff3af5e) Importer(815301076,1909f56bfc062723c751e8b465ee728b)
Start importing Assets/Abandoned_Asylum/Textures/Wall_Wood_height.png using Guid(e69beeadbfe13f5438660dba7ff3af5e) Importer(815301076,1909f56bfc062723c751e8b465ee728b)  -> (artifact id: '81d5d2da31d05c7fed766a7fcb0c0240') in 0.052124 seconds
Number of updated asset objects reloaded before import = 0
Number of asset objects unloaded after import = 2
========================================================================
Received Import Request.
  Time since last request: 0.000044 seconds.
  path: Assets/Abandoned_Asylum/Textures/ToiletDoor_Albedo.png
  artifactKey: Guid(cb2aee00d7986bc48b33a6f373dda4f1) Importer(815301076,1909f56bfc062723c751e8b465ee728b)
Start importing Assets/Abandoned_Asylum/Textures/ToiletDoor_Albedo.png using Guid(cb2aee00d7986bc48b33a6f373dda4f1) Importer(815301076,1909f56bfc062723c751e8b465ee728b)  -> (artifact id: '18891e3009823ad66ca81946bfe605ff') in 0.079341 seconds
Number of updated asset objects reloaded before import = 0
Number of asset objects unloaded after import = 2
========================================================================
Received Import Request.
  Time since last request: 0.000047 seconds.
  path: Assets/Abandoned_Asylum/Textures/Tap_MetallicSmoothness.png
  artifactKey: Guid(25824b3f441bc3a47bdd58dbd67d263f) Importer(815301076,1909f56bfc062723c751e8b465ee728b)
Start importing Assets/Abandoned_Asylum/Textures/Tap_MetallicSmoothness.png using Guid(25824b3f441bc3a47bdd58dbd67d263f) Importer(815301076,1909f56bfc062723c751e8b465ee728b)  -> (artifact id: 'd2d9e27065dd05ae77f6cbd378799936') in 0.068372 seconds
Number of updated asset objects reloaded before import = 0
Number of asset objects unloaded after import = 2
========================================================================
Received Import Request.
  Time since last request: 0.000030 seconds.
  path: Assets/Abandoned_Asylum/Textures/Toilet_Albedo.png
  artifactKey: Guid(cc29c557deeda54468cd5c1e9ffcf854) Importer(815301076,1909f56bfc062723c751e8b465ee728b)
Start importing Assets/Abandoned_Asylum/Textures/Toilet_Albedo.png using Guid(cc29c557deeda54468cd5c1e9ffcf854) Importer(815301076,1909f56bfc062723c751e8b465ee728b)  -> (artifact id: '609f5f2624160c347147d236fd508264') in 0.076796 seconds
Number of updated asset objects reloaded before import = 0
Number of asset objects unloaded after import = 2
========================================================================
Received Import Request.
  Time since last request: 0.001986 seconds.
  path: Assets/Abandoned_Asylum/Textures/Wall_Wood_3_occlusion.png
  artifactKey: Guid(4c8ed5a1ecb3d844e8e0885ee37acad3) Importer(815301076,1909f56bfc062723c751e8b465ee728b)
Start importing Assets/Abandoned_Asylum/Textures/Wall_Wood_3_occlusion.png using Guid(4c8ed5a1ecb3d844e8e0885ee37acad3) Importer(815301076,1909f56bfc062723c751e8b465ee728b)  -> (artifact id: '2530a3a237abf88693e9916f9e2f1893') in 0.137387 seconds
Number of updated asset objects reloaded before import = 0
Number of asset objects unloaded after import = 2
========================================================================
Received Import Request.
  Time since last request: 0.000036 seconds.
  path: Assets/Abandoned_Asylum/Textures/Television_Albedo.png
  artifactKey: Guid(4efd7dbfec51c124abfab72aa41fba1b) Importer(815301076,1909f56bfc062723c751e8b465ee728b)
Start importing Assets/Abandoned_Asylum/Textures/Television_Albedo.png using Guid(4efd7dbfec51c124abfab72aa41fba1b) Importer(815301076,1909f56bfc062723c751e8b465ee728b)  -> (artifact id: '40c2a7da745ae343c142c70f4869d128') in 0.070644 seconds
Number of updated asset objects reloaded before import = 0
Number of asset objects unloaded after import = 2
========================================================================
Received Import Request.
  Time since last request: 0.000697 seconds.
  path: Assets/Abandoned_Asylum/Textures/Window_MetallicSmoothness.png
  artifactKey: Guid(b4d6017c38f172848a470bedb69430f4) Importer(815301076,1909f56bfc062723c751e8b465ee728b)
Start importing Assets/Abandoned_Asylum/Textures/Window_MetallicSmoothness.png using Guid(b4d6017c38f172848a470bedb69430f4) Importer(815301076,1909f56bfc062723c751e8b465ee728b)  -> (artifact id: 'ae9a52fa05da034c7d1aa0b3a1472ed0') in 0.082976 seconds
Number of updated asset objects reloaded before import = 0
Number of asset objects unloaded after import = 2
========================================================================
Received Import Request.
  Time since last request: 0.000039 seconds.
  path: Assets/Abandoned_Asylum/Textures/Toilet_MetallicSmoothness.png
  artifactKey: Guid(4c6e2b40491f3b74cbe85bf0a718a4d3) Importer(815301076,1909f56bfc062723c751e8b465ee728b)
Start importing Assets/Abandoned_Asylum/Textures/Toilet_MetallicSmoothness.png using Guid(4c6e2b40491f3b74cbe85bf0a718a4d3) Importer(815301076,1909f56bfc062723c751e8b465ee728b)  -> (artifact id: '0d1f9d00c785c0119518231ae585a275') in 0.056073 seconds
Number of updated asset objects reloaded before import = 0
Number of asset objects unloaded after import = 2
========================================================================
Received Import Request.
  Time since last request: 0.000030 seconds.
  path: Assets/Abandoned_Asylum/Textures/WheelChair_MetallicSmoothness.png
  artifactKey: Guid(f897119f95ef4d84a875968d2a19fbe2) Importer(815301076,1909f56bfc062723c751e8b465ee728b)
Start importing Assets/Abandoned_Asylum/Textures/WheelChair_MetallicSmoothness.png using Guid(f897119f95ef4d84a875968d2a19fbe2) Importer(815301076,1909f56bfc062723c751e8b465ee728b)  -> (artifact id: '0fb64a79fe7eff2e14190d1228123d9d') in 0.116119 seconds
Number of updated asset objects reloaded before import = 0
Number of asset objects unloaded after import = 2
========================================================================
Received Import Request.
  Time since last request: 0.000094 seconds.
  path: Assets/Abandoned_Asylum/Textures/Tiled/Walls/Wall_6_Normal.png
  artifactKey: Guid(2a374926a8739034a8e1a3dd1c9e1310) Importer(815301076,1909f56bfc062723c751e8b465ee728b)
Start importing Assets/Abandoned_Asylum/Textures/Tiled/Walls/Wall_6_Normal.png using Guid(2a374926a8739034a8e1a3dd1c9e1310) Importer(815301076,1909f56bfc062723c751e8b465ee728b)  -> (artifact id: 'e8ac1d8670d16f7146c5371b200b8fc0') in 0.083140 seconds
Number of updated asset objects reloaded before import = 0
Number of asset objects unloaded after import = 2
========================================================================
Received Import Request.
  Time since last request: 0.000035 seconds.
  path: Assets/Abandoned_Asylum/Textures/Tiled/Walls/Wall_5_Normal.png
  artifactKey: Guid(33e3477e0f8caeb469674b945c5e4130) Importer(815301076,1909f56bfc062723c751e8b465ee728b)
Start importing Assets/Abandoned_Asylum/Textures/Tiled/Walls/Wall_5_Normal.png using Guid(33e3477e0f8caeb469674b945c5e4130) Importer(815301076,1909f56bfc062723c751e8b465ee728b)  -> (artifact id: 'a6621ad18d199be06239af604d96b031') in 0.069563 seconds
Number of updated asset objects reloaded before import = 0
Number of asset objects unloaded after import = 2
========================================================================
Received Import Request.
  Time since last request: 0.000038 seconds.
  path: Assets/Abandoned_Asylum/Textures/Wall_Wood_normal.png
  artifactKey: Guid(2d99a9b411f14a049881668d84f8ed7d) Importer(815301076,1909f56bfc062723c751e8b465ee728b)
Start importing Assets/Abandoned_Asylum/Textures/Wall_Wood_normal.png using Guid(2d99a9b411f14a049881668d84f8ed7d) Importer(815301076,1909f56bfc062723c751e8b465ee728b)  -> (artifact id: 'f4a494714f8e0f122a624361f229ab2e') in 0.067476 seconds
Number of updated asset objects reloaded before import = 0
Number of asset objects unloaded after import = 2
========================================================================
Received Import Request.
  Time since last request: 0.000175 seconds.
  path: Assets/Abandoned_Asylum/Textures/WindowToilet_Albedo.png
  artifactKey: Guid(f713e999f0400094698b4578867fe489) Importer(815301076,1909f56bfc062723c751e8b465ee728b)
Start importing Assets/Abandoned_Asylum/Textures/WindowToilet_Albedo.png using Guid(f713e999f0400094698b4578867fe489) Importer(815301076,1909f56bfc062723c751e8b465ee728b)  -> (artifact id: '8aeed2744b3905a5d4619869dce39133') in 0.055772 seconds
Number of updated asset objects reloaded before import = 0
Number of asset objects unloaded after import = 2
========================================================================
Received Import Request.
  Time since last request: 0.000204 seconds.
  path: Assets/Abandoned_Asylum/Textures/TV_Retro_MetallicSmoothness.png
  artifactKey: Guid(4c9a8ae4b64f3a34e8c96a4d65f2b20c) Importer(815301076,1909f56bfc062723c751e8b465ee728b)
Start importing Assets/Abandoned_Asylum/Textures/TV_Retro_MetallicSmoothness.png using Guid(4c9a8ae4b64f3a34e8c96a4d65f2b20c) Importer(815301076,1909f56bfc062723c751e8b465ee728b)  -> (artifact id: '490387095b4e7fc30e1a1bf63d7829af') in 0.052975 seconds
Number of updated asset objects reloaded before import = 0
Number of asset objects unloaded after import = 2
========================================================================
Received Import Request.
  Time since last request: 0.000066 seconds.
  path: Assets/Abandoned_Asylum/Textures/Tiles_Pattern.png
  artifactKey: Guid(8278b720d1b00ef4f8f1c54c479efd04) Importer(815301076,1909f56bfc062723c751e8b465ee728b)
Start importing Assets/Abandoned_Asylum/Textures/Tiles_Pattern.png using Guid(8278b720d1b00ef4f8f1c54c479efd04) Importer(815301076,1909f56bfc062723c751e8b465ee728b)  -> (artifact id: 'a4bca3cefcf03e7c1606b56e093133a1') in 0.085538 seconds
Number of updated asset objects reloaded before import = 0
Number of asset objects unloaded after import = 2
========================================================================
Received Import Request.
  Time since last request: 0.000046 seconds.
  path: Assets/Abandoned_Asylum/Textures/Wall_Wood_3_diffuse.png
  artifactKey: Guid(73ce7e26356a4cf4194d6a002ca203a1) Importer(815301076,1909f56bfc062723c751e8b465ee728b)
Start importing Assets/Abandoned_Asylum/Textures/Wall_Wood_3_diffuse.png using Guid(73ce7e26356a4cf4194d6a002ca203a1) Importer(815301076,1909f56bfc062723c751e8b465ee728b)  -> (artifact id: '60bce1e1abff2a83c931787fff18ccea') in 0.085475 seconds
Number of updated asset objects reloaded before import = 0
Number of asset objects unloaded after import = 2
========================================================================
Received Import Request.
  Time since last request: 0.000578 seconds.
  path: Assets/BloodDecalsAndEffects/BloodWallDrip/Textures/WallDrip1_normal.png
  artifactKey: Guid(7962e27806f58f442bce0b4342e1d7e8) Importer(815301076,1909f56bfc062723c751e8b465ee728b)
Start importing Assets/BloodDecalsAndEffects/BloodWallDrip/Textures/WallDrip1_normal.png using Guid(7962e27806f58f442bce0b4342e1d7e8) Importer(815301076,1909f56bfc062723c751e8b465ee728b)  -> (artifact id: '77ff3d6345f55b8881b9051a54639de1') in 0.090299 seconds
Number of updated asset objects reloaded before import = 0
Number of asset objects unloaded after import = 2
========================================================================
Received Import Request.
  Time since last request: 0.002015 seconds.
  path: Assets/BloodDecalsAndEffects/BloodWallDrip/Textures/WallDripTest.psd
  artifactKey: Guid(af5d2739aed3c6a4e80f71690e848c42) Importer(815301076,1909f56bfc062723c751e8b465ee728b)
Start importing Assets/BloodDecalsAndEffects/BloodWallDrip/Textures/WallDripTest.psd using Guid(af5d2739aed3c6a4e80f71690e848c42) Importer(815301076,1909f56bfc062723c751e8b465ee728b)  -> (artifact id: '73754a8d9e2268f20b34a79fa5d13d74') in 0.067719 seconds
Number of updated asset objects reloaded before import = 0
Number of asset objects unloaded after import = 2
========================================================================
Received Import Request.
  Time since last request: 0.000087 seconds.
  path: Assets/Models/WashingMachine/Textures/washing_machine_AO.png
  artifactKey: Guid(8be690925567ce447bcbfda04a743c8d) Importer(815301076,1909f56bfc062723c751e8b465ee728b)
Start importing Assets/Models/WashingMachine/Textures/washing_machine_AO.png using Guid(8be690925567ce447bcbfda04a743c8d) Importer(815301076,1909f56bfc062723c751e8b465ee728b)  -> (artifact id: 'eb02297a65abe37636bed6a158248cdb') in 0.069685 seconds
Number of updated asset objects reloaded before import = 0
Number of asset objects unloaded after import = 2
========================================================================
Received Import Request.
  Time since last request: 0.000255 seconds.
  path: Assets/Abandoned_Asylum/Textures/Tank_V2_Normal.png
  artifactKey: Guid(6e397426980285446b7b8004d01197e0) Importer(815301076,1909f56bfc062723c751e8b465ee728b)
Start importing Assets/Abandoned_Asylum/Textures/Tank_V2_Normal.png using Guid(6e397426980285446b7b8004d01197e0) Importer(815301076,1909f56bfc062723c751e8b465ee728b)  -> (artifact id: '4b84d5b66545bb0b3a5bc2c2d38b5fa1') in 0.102566 seconds
Number of updated asset objects reloaded before import = 0
Number of asset objects unloaded after import = 2
========================================================================
Received Import Request.
  Time since last request: 0.000049 seconds.
  path: Assets/Abandoned_Asylum/Textures/Window_DayRoom_Albedo.png
  artifactKey: Guid(f2c68f4dd7d7f634e8e95493114956e1) Importer(815301076,1909f56bfc062723c751e8b465ee728b)
Start importing Assets/Abandoned_Asylum/Textures/Window_DayRoom_Albedo.png using Guid(f2c68f4dd7d7f634e8e95493114956e1) Importer(815301076,1909f56bfc062723c751e8b465ee728b)  -> (artifact id: 'c5bc02a371f536972dc9728adf390f2f') in 0.060418 seconds
Number of updated asset objects reloaded before import = 0
Number of asset objects unloaded after import = 2
========================================================================
Received Import Request.
  Time since last request: 0.001723 seconds.
  path: Assets/Materials/Wall/WallHeightl.png
  artifactKey: Guid(3e2aeb900fb8f75449dacd9124f90ce2) Importer(815301076,1909f56bfc062723c751e8b465ee728b)
Start importing Assets/Materials/Wall/WallHeightl.png using Guid(3e2aeb900fb8f75449dacd9124f90ce2) Importer(815301076,1909f56bfc062723c751e8b465ee728b)  -> (artifact id: 'f6fd35e18ae598e5e754d73613b546c7') in 0.073476 seconds
Number of updated asset objects reloaded before import = 0
Number of asset objects unloaded after import = 2
========================================================================
Received Import Request.
  Time since last request: 0.000101 seconds.
  path: Assets/Abandoned_Asylum/Textures/Tank_V2_MetallicSmoothness.png
  artifactKey: Guid(33aabcdb5013dcf4b808c2ca85d3b31f) Importer(815301076,1909f56bfc062723c751e8b465ee728b)
Start importing Assets/Abandoned_Asylum/Textures/Tank_V2_MetallicSmoothness.png using Guid(33aabcdb5013dcf4b808c2ca85d3b31f) Importer(815301076,1909f56bfc062723c751e8b465ee728b)  -> (artifact id: '938256682e0396b9e406414e29828f0f') in 0.158097 seconds
Number of updated asset objects reloaded before import = 0
Number of asset objects unloaded after import = 2
========================================================================
Received Import Request.
  Time since last request: 6.391819 seconds.
  path: Assets/Models/WashingMachine/Textures/washing_machine_metallic.png
  artifactKey: Guid(ae4ca22865623584498edea6165e56f3) Importer(815301076,1909f56bfc062723c751e8b465ee728b)
Start importing Assets/Models/WashingMachine/Textures/washing_machine_metallic.png using Guid(ae4ca22865623584498edea6165e56f3) Importer(815301076,1909f56bfc062723c751e8b465ee728b)  -> (artifact id: 'e1fd050ecef8c10be227f6e1a696dc1c') in 0.051160 seconds
Number of updated asset objects reloaded before import = 0
Number of asset objects unloaded after import = 2
========================================================================
Received Import Request.
  Time since last request: 0.000039 seconds.
  path: Assets/Models/WashingMachine/Textures/washing_machine_opacity.png
  artifactKey: Guid(9228a39f711a7844b9a35f71259fc33d) Importer(815301076,1909f56bfc062723c751e8b465ee728b)
Start importing Assets/Models/WashingMachine/Textures/washing_machine_opacity.png using Guid(9228a39f711a7844b9a35f71259fc33d) Importer(815301076,1909f56bfc062723c751e8b465ee728b)  -> (artifact id: 'd0dd3ece5424cbcb700e7ff483c97c70') in 0.049555 seconds
Number of updated asset objects reloaded before import = 0
Number of asset objects unloaded after import = 2
========================================================================
Received Import Request.
  Time since last request: 0.085886 seconds.
  path: Assets/Models/WashingMachine/Textures/washing_machine_roughness.png
  artifactKey: Guid(d62e33c4b5775da47b74b819ce4d060d) Importer(815301076,1909f56bfc062723c751e8b465ee728b)
Start importing Assets/Models/WashingMachine/Textures/washing_machine_roughness.png using Guid(d62e33c4b5775da47b74b819ce4d060d) Importer(815301076,1909f56bfc062723c751e8b465ee728b)  -> (artifact id: '29169d6128aee4e37a7a9783bfcfb552') in 0.053104 seconds
Number of updated asset objects reloaded before import = 0
Number of asset objects unloaded after import = 2
========================================================================
Received Import Request.
  Time since last request: 2.475703 seconds.
  path: Assets/Models/HorrorHospitalPack/Wheelchair/Textures/Wheelchair_normal.png
  artifactKey: Guid(ecfca2ae7cccc0e48b20185f3b37aef8) Importer(815301076,1909f56bfc062723c751e8b465ee728b)
Start importing Assets/Models/HorrorHospitalPack/Wheelchair/Textures/Wheelchair_normal.png using Guid(ecfca2ae7cccc0e48b20185f3b37aef8) Importer(815301076,1909f56bfc062723c751e8b465ee728b)  -> (artifact id: '4b546207e9e20dad46adab3c46a5fd3c') in 0.046972 seconds
Number of updated asset objects reloaded before import = 0
Number of asset objects unloaded after import = 2
========================================================================
Received Import Request.
  Time since last request: 0.000045 seconds.
  path: Assets/Models/Clown/whiteclown_diffuse.png
  artifactKey: Guid(21ef5b91b6c304ce689d7d75066af1a2) Importer(815301076,1909f56bfc062723c751e8b465ee728b)
Start importing Assets/Models/Clown/whiteclown_diffuse.png using Guid(21ef5b91b6c304ce689d7d75066af1a2) Importer(815301076,1909f56bfc062723c751e8b465ee728b)  -> (artifact id: '5d624331c950502b8df6195c4f398c6d') in 0.060645 seconds
Number of updated asset objects reloaded before import = 0
Number of asset objects unloaded after import = 2
========================================================================
Received Import Request.
  Time since last request: 1.722598 seconds.
  path: Assets/Models/Clown/whiteclown_specular.png
  artifactKey: Guid(0d9ef137940494866b76c61dcd5d6753) Importer(815301076,1909f56bfc062723c751e8b465ee728b)
Start importing Assets/Models/Clown/whiteclown_specular.png using Guid(0d9ef137940494866b76c61dcd5d6753) Importer(815301076,1909f56bfc062723c751e8b465ee728b)  -> (artifact id: 'aeab8ee508beed25a5da4fba018fc269') in 0.041492 seconds
Number of updated asset objects reloaded before import = 0
Number of asset objects unloaded after import = 2
========================================================================
Received Import Request.
  Time since last request: 16.228402 seconds.
  path: Assets/TextMesh Pro/Examples & Extras/Textures/Wipe Pattern - Diagonal.psd
  artifactKey: Guid(ed5290d8df18488780e2996b9b882f01) Importer(815301076,1909f56bfc062723c751e8b465ee728b)
Start importing Assets/TextMesh Pro/Examples & Extras/Textures/Wipe Pattern - Diagonal.psd using Guid(ed5290d8df18488780e2996b9b882f01) Importer(815301076,1909f56bfc062723c751e8b465ee728b)  -> (artifact id: '6891725268312a61cd8343c4736f4237') in 0.048373 seconds
Number of updated asset objects reloaded before import = 0
Number of asset objects unloaded after import = 2
========================================================================
Received Import Request.
  Time since last request: 0.068198 seconds.
  path: Assets/Models/WoodTable/Textures/WoodTable_Normal.png
  artifactKey: Guid(764e791e63d5f95449b6b3aa3ab79a65) Importer(815301076,1909f56bfc062723c751e8b465ee728b)
Start importing Assets/Models/WoodTable/Textures/WoodTable_Normal.png using Guid(764e791e63d5f95449b6b3aa3ab79a65) Importer(815301076,1909f56bfc062723c751e8b465ee728b)  -> (artifact id: '838a0dd2bdaabc0eacc1b54c5fedf505') in 0.066881 seconds
Number of updated asset objects reloaded before import = 0
Number of asset objects unloaded after import = 2
========================================================================
Received Import Request.
  Time since last request: 5.309321 seconds.
  path: Assets/Models/ZombieGirl/zombie_diffuse.png
  artifactKey: Guid(d69be9373a472dc4aa881fcda0f87b65) Importer(815301076,1909f56bfc062723c751e8b465ee728b)
Start importing Assets/Models/ZombieGirl/zombie_diffuse.png using Guid(d69be9373a472dc4aa881fcda0f87b65) Importer(815301076,1909f56bfc062723c751e8b465ee728b)  -> (artifact id: '34f98ca5ec2cf360fa8f7aaa954c34e5') in 0.055467 seconds
Number of updated asset objects reloaded before import = 0
Number of asset objects unloaded after import = 2
========================================================================
Received Import Request.
  Time since last request: 1.479822 seconds.
  path: Assets/Models/ZombieGirl/zombie_specular.png
  artifactKey: Guid(96bc55575873dc244bbbc1acac25372c) Importer(815301076,1909f56bfc062723c751e8b465ee728b)
Start importing Assets/Models/ZombieGirl/zombie_specular.png using Guid(96bc55575873dc244bbbc1acac25372c) Importer(815301076,1909f56bfc062723c751e8b465ee728b)  -> (artifact id: 'c28d7b404eacb27b17b59c1d20a884be') in 0.053874 seconds
Number of updated asset objects reloaded before import = 0
Number of asset objects unloaded after import = 2
========================================================================
Received Import Request.
  Time since last request: 1730.162020 seconds.
  path: Assets/Models/sofa Variant 1.mat
  artifactKey: Guid(04529be0acdfa0a48b2f214fd9fe0acb) Importer(815301076,1909f56bfc062723c751e8b465ee728b)
Start importing Assets/Models/sofa Variant 1.mat using Guid(04529be0acdfa0a48b2f214fd9fe0acb) Importer(815301076,1909f56bfc062723c751e8b465ee728b)  -> (artifact id: '2df6055e2611e89334aa031f38bc421d') in 1.487005 seconds
Number of updated asset objects reloaded before import = 0
Number of asset objects unloaded after import = 7
========================================================================
Received Import Request.
  Time since last request: 120.117369 seconds.
  path: Assets/Models/Guitar/Guitar_Guitar_ClearCoatOpacity_Raw.png
  artifactKey: Guid(e903f798eb8926047b80ecd95cae3a4e) Importer(815301076,1909f56bfc062723c751e8b465ee728b)
Start importing Assets/Models/Guitar/Guitar_Guitar_ClearCoatOpacity_Raw.png using Guid(e903f798eb8926047b80ecd95cae3a4e) Importer(815301076,1909f56bfc062723c751e8b465ee728b)  -> (artifact id: '62270932d34babeef261c99e4d5894fa') in 0.189458 seconds
Number of updated asset objects reloaded before import = 0
Number of asset objects unloaded after import = 2
========================================================================
Received Import Request.
  Time since last request: 0.006519 seconds.
  path: Assets/Models/Guitar/Guitar_Guitar_Roughness_Raw.png
  artifactKey: Guid(d33a5565b5360b149b6854a573f55832) Importer(815301076,1909f56bfc062723c751e8b465ee728b)
Start importing Assets/Models/Guitar/Guitar_Guitar_Roughness_Raw.png using Guid(d33a5565b5360b149b6854a573f55832) Importer(815301076,1909f56bfc062723c751e8b465ee728b)  -> (artifact id: 'cccab72614b2be5daa72a1a3ad656856') in 0.131580 seconds
Number of updated asset objects reloaded before import = 0
Number of asset objects unloaded after import = 2
========================================================================
Received Import Request.
  Time since last request: 0.015423 seconds.
  path: Assets/Models/Guitar/Guitar_Guitar_ClearCoatRoughness_Raw.png
  artifactKey: Guid(86388c9252e090f40a60d8d6ea2f60a6) Importer(815301076,1909f56bfc062723c751e8b465ee728b)
Start importing Assets/Models/Guitar/Guitar_Guitar_ClearCoatRoughness_Raw.png using Guid(86388c9252e090f40a60d8d6ea2f60a6) Importer(815301076,1909f56bfc062723c751e8b465ee728b)  -> (artifact id: '531dcd4a4b46f2e3b7a80bdabd061923') in 0.104664 seconds
Number of updated asset objects reloaded before import = 0
Number of asset objects unloaded after import = 2
========================================================================
Received Import Request.
  Time since last request: 0.000255 seconds.
  path: Assets/Models/Guitar/Guitar_Guitar_Normal_Raw.png
  artifactKey: Guid(e0bd046d85ead114bb31115723aa17d8) Importer(815301076,1909f56bfc062723c751e8b465ee728b)
Start importing Assets/Models/Guitar/Guitar_Guitar_Normal_Raw.png using Guid(e0bd046d85ead114bb31115723aa17d8) Importer(815301076,1909f56bfc062723c751e8b465ee728b)  -> (artifact id: '47737ebaa08c886c41519e598db70c77') in 0.072886 seconds
Number of updated asset objects reloaded before import = 0
Number of asset objects unloaded after import = 2
========================================================================
Received Import Request.
  Time since last request: 25.510724 seconds.
  path: Assets/Abandoned_Asylum/Textures/CurtainsMedic_MetallicSmoothness.png
  artifactKey: Guid(530fbc110ac69cd47b11f820d02409ac) Importer(815301076,1909f56bfc062723c751e8b465ee728b)
Start importing Assets/Abandoned_Asylum/Textures/CurtainsMedic_MetallicSmoothness.png using Guid(530fbc110ac69cd47b11f820d02409ac) Importer(815301076,1909f56bfc062723c751e8b465ee728b)  -> (artifact id: '08ffc84d8a97fb4a415babaf4cecfc63') in 0.163724 seconds
Number of updated asset objects reloaded before import = 0
Number of asset objects unloaded after import = 2
========================================================================
Received Import Request.
  Time since last request: 0.001574 seconds.
  path: Assets/Abandoned_Asylum/Textures/DiningRoom_EnterFrame_MetallicSmoothness.png
  artifactKey: Guid(96812e16852eb084d8947a1e130a64bc) Importer(815301076,1909f56bfc062723c751e8b465ee728b)
Start importing Assets/Abandoned_Asylum/Textures/DiningRoom_EnterFrame_MetallicSmoothness.png using Guid(96812e16852eb084d8947a1e130a64bc) Importer(815301076,1909f56bfc062723c751e8b465ee728b)  -> (artifact id: 'ce4ac07defe0ff912f555fa685fa00e8') in 0.075673 seconds
Number of updated asset objects reloaded before import = 0
Number of asset objects unloaded after import = 2
========================================================================
Received Import Request.
  Time since last request: 0.000078 seconds.
  path: Assets/Abandoned_Asylum/Textures/Decals.png
  artifactKey: Guid(84776b1e5661f90419bf4ac511ee5b5f) Importer(815301076,1909f56bfc062723c751e8b465ee728b)
Start importing Assets/Abandoned_Asylum/Textures/Decals.png using Guid(84776b1e5661f90419bf4ac511ee5b5f) Importer(815301076,1909f56bfc062723c751e8b465ee728b)  -> (artifact id: '9ae34f412527b5d4e2d958b0e652fdd4') in 0.080408 seconds
Number of updated asset objects reloaded before import = 0
Number of asset objects unloaded after import = 2
========================================================================
Received Import Request.
  Time since last request: 0.000057 seconds.
  path: Assets/Abandoned_Asylum/Textures/DiningRoom_EnterGlass_Albedo.png
  artifactKey: Guid(33f873ee2fb603d4abc0da45819e0050) Importer(815301076,1909f56bfc062723c751e8b465ee728b)
Start importing Assets/Abandoned_Asylum/Textures/DiningRoom_EnterGlass_Albedo.png using Guid(33f873ee2fb603d4abc0da45819e0050) Importer(815301076,1909f56bfc062723c751e8b465ee728b)  -> (artifact id: '144e888a91371b572dcecd4cc912094a') in 0.094724 seconds
Number of updated asset objects reloaded before import = 0
Number of asset objects unloaded after import = 2
========================================================================
Received Import Request.
  Time since last request: 0.000044 seconds.
  path: Assets/Abandoned_Asylum/Textures/DiningRoom_EnterFrame_Albedo.png
  artifactKey: Guid(b947c7df4e8b33e489a571299ad3fd8c) Importer(815301076,1909f56bfc062723c751e8b465ee728b)
Start importing Assets/Abandoned_Asylum/Textures/DiningRoom_EnterFrame_Albedo.png using Guid(b947c7df4e8b33e489a571299ad3fd8c) Importer(815301076,1909f56bfc062723c751e8b465ee728b)  -> (artifact id: 'b94c8da585d9d7d2455d3afc8b2e02c9') in 0.073019 seconds
Number of updated asset objects reloaded before import = 0
Number of asset objects unloaded after import = 2
========================================================================
Received Import Request.
  Time since last request: 30.312132 seconds.
  path: Assets/Abandoned_Asylum/Textures/GR_Glass_MetallicSmoothness.png
  artifactKey: Guid(dd4d71b76be7d8948afa82c80c49bd93) Importer(815301076,1909f56bfc062723c751e8b465ee728b)
Start importing Assets/Abandoned_Asylum/Textures/GR_Glass_MetallicSmoothness.png using Guid(dd4d71b76be7d8948afa82c80c49bd93) Importer(815301076,1909f56bfc062723c751e8b465ee728b)  -> (artifact id: '5e0ecaa65423fbbb9c5777079dc91828') in 0.115706 seconds
Number of updated asset objects reloaded before import = 0
Number of asset objects unloaded after import = 2
========================================================================
Received Import Request.
  Time since last request: 0.000036 seconds.
  path: Assets/Materials/Floor/Ground_Leaves/Ground_Leaves_BASE.png
  artifactKey: Guid(2cfd8c4fe6e17444fb6aed795ffe74cb) Importer(815301076,1909f56bfc062723c751e8b465ee728b)
Start importing Assets/Materials/Floor/Ground_Leaves/Ground_Leaves_BASE.png using Guid(2cfd8c4fe6e17444fb6aed795ffe74cb) Importer(815301076,1909f56bfc062723c751e8b465ee728b)  -> (artifact id: '842fd310d0037416ffb7fb7c7bd4a841') in 0.092388 seconds
Number of updated asset objects reloaded before import = 0
Number of asset objects unloaded after import = 2
========================================================================
Received Import Request.
  Time since last request: 0.000038 seconds.
  path: Assets/TextMesh Pro/Examples & Extras/Textures/Gradient Diagonal (Color).jpg
  artifactKey: Guid(2ce5c55e85304b819a1826ecbc839aa5) Importer(815301076,1909f56bfc062723c751e8b465ee728b)
Start importing Assets/TextMesh Pro/Examples & Extras/Textures/Gradient Diagonal (Color).jpg using Guid(2ce5c55e85304b819a1826ecbc839aa5) Importer(815301076,1909f56bfc062723c751e8b465ee728b)  -> (artifact id: '9debe2249bb8fcfd52a8d21a6ec05969') in 0.220705 seconds
Number of updated asset objects reloaded before import = 0
Number of asset objects unloaded after import = 2
========================================================================
Received Import Request.
  Time since last request: 31.320560 seconds.
  path: Assets/Models/Furniture/Materials/Hall/Hall/Materials/Hall_Architect_NM.png
  artifactKey: Guid(f77b13b214067da42aa3dcc075b88ae7) Importer(815301076,1909f56bfc062723c751e8b465ee728b)
Start importing Assets/Models/Furniture/Materials/Hall/Hall/Materials/Hall_Architect_NM.png using Guid(f77b13b214067da42aa3dcc075b88ae7) Importer(815301076,1909f56bfc062723c751e8b465ee728b)  -> (artifact id: 'ef528f3514a22d9647e2fc7cc9453430') in 0.200275 seconds
Number of updated asset objects reloaded before import = 0
Number of asset objects unloaded after import = 2
========================================================================
Received Import Request.
  Time since last request: 0.000047 seconds.
  path: Assets/Models/Furniture/Materials/Hall/Furniture/Hall_Furniture_Set_4/Materials/Hall_Furniture_Glass_BASE.png
  artifactKey: Guid(23825dddc122fc14fa15de0eebc1db26) Importer(815301076,1909f56bfc062723c751e8b465ee728b)
Start importing Assets/Models/Furniture/Materials/Hall/Furniture/Hall_Furniture_Set_4/Materials/Hall_Furniture_Glass_BASE.png using Guid(23825dddc122fc14fa15de0eebc1db26) Importer(815301076,1909f56bfc062723c751e8b465ee728b)  -> (artifact id: '13c0d3726f24c9f747104e5ae1fcfaac') in 0.039770 seconds
Number of updated asset objects reloaded before import = 0
Number of asset objects unloaded after import = 2
========================================================================
Received Import Request.
  Time since last request: 43.388416 seconds.
  path: Assets/Models/Furniture/Materials/Hall/Furniture/Hall_Furniture_Set_4/Materials/Hall_Furniture_Glass_SPEC.png
  artifactKey: Guid(41c3a9adf92e7e24d8159367a457c322) Importer(815301076,1909f56bfc062723c751e8b465ee728b)
Start importing Assets/Models/Furniture/Materials/Hall/Furniture/Hall_Furniture_Set_4/Materials/Hall_Furniture_Glass_SPEC.png using Guid(41c3a9adf92e7e24d8159367a457c322) Importer(815301076,1909f56bfc062723c751e8b465ee728b)  -> (artifact id: '8491a26a20a25c1d4e9d10ee87ac8cfe') in 0.081834 seconds
Number of updated asset objects reloaded before import = 0
Number of asset objects unloaded after import = 2
========================================================================
Received Import Request.
  Time since last request: 30.588705 seconds.
  path: Assets/Abandoned_Asylum/Textures/MainDoor_MetallicSmoothness.png
  artifactKey: Guid(a404c9354263d2d4a98c8215f28f67c9) Importer(815301076,1909f56bfc062723c751e8b465ee728b)
Start importing Assets/Abandoned_Asylum/Textures/MainDoor_MetallicSmoothness.png using Guid(a404c9354263d2d4a98c8215f28f67c9) Importer(815301076,1909f56bfc062723c751e8b465ee728b)  -> (artifact id: '16f537f4400127871018e7189ed0b056') in 0.114348 seconds
Number of updated asset objects reloaded before import = 0
Number of asset objects unloaded after import = 2
========================================================================
Received Import Request.
  Time since last request: 0.000400 seconds.
  path: Assets/Abandoned_Asylum/Textures/Map1stFloor_MetallicSmoothness.png
  artifactKey: Guid(0a554b1b1b8cc884899de63af8a9f799) Importer(815301076,1909f56bfc062723c751e8b465ee728b)
Start importing Assets/Abandoned_Asylum/Textures/Map1stFloor_MetallicSmoothness.png using Guid(0a554b1b1b8cc884899de63af8a9f799) Importer(815301076,1909f56bfc062723c751e8b465ee728b)  -> (artifact id: 'eea43b0584360097911311ef13d63789') in 0.089461 seconds
Number of updated asset objects reloaded before import = 0
Number of asset objects unloaded after import = 2
========================================================================
Received Import Request.
  Time since last request: 0.000089 seconds.
  path: Assets/Abandoned_Asylum/Textures/MapFrame_Albedo.png
  artifactKey: Guid(0102d5f5189e0b74c8e880687eabcc8f) Importer(815301076,1909f56bfc062723c751e8b465ee728b)
Start importing Assets/Abandoned_Asylum/Textures/MapFrame_Albedo.png using Guid(0102d5f5189e0b74c8e880687eabcc8f) Importer(815301076,1909f56bfc062723c751e8b465ee728b)  -> (artifact id: 'd32f53bffdf0de834b3fe1ec1b2d77be') in 0.126517 seconds
Number of updated asset objects reloaded before import = 0
Number of asset objects unloaded after import = 2
========================================================================
Received Import Request.
  Time since last request: 0.000050 seconds.
  path: Assets/Abandoned_Asylum/Textures/MapGround_Albedo.png
  artifactKey: Guid(79fbf8b2ecfb1e74c89b171c70c723c7) Importer(815301076,1909f56bfc062723c751e8b465ee728b)
Start importing Assets/Abandoned_Asylum/Textures/MapGround_Albedo.png using Guid(79fbf8b2ecfb1e74c89b171c70c723c7) Importer(815301076,1909f56bfc062723c751e8b465ee728b)  -> (artifact id: '12a6bd47d2ad120d09c5f3f958cb6901') in 0.125107 seconds
Number of updated asset objects reloaded before import = 0
Number of asset objects unloaded after import = 2
========================================================================
Received Import Request.
  Time since last request: 0.455560 seconds.
  path: Assets/Originals/Locker/Textures/locker_01c_spec.png
  artifactKey: Guid(6cbdcfc846b922442a6bc3250bef8f5e) Importer(815301076,1909f56bfc062723c751e8b465ee728b)
Start importing Assets/Originals/Locker/Textures/locker_01c_spec.png using Guid(6cbdcfc846b922442a6bc3250bef8f5e) Importer(815301076,1909f56bfc062723c751e8b465ee728b)  -> (artifact id: '081b0a107ac8aae43dc4927f129ffc72') in 0.084912 seconds
Number of updated asset objects reloaded before import = 0
Number of asset objects unloaded after import = 2
========================================================================
Received Import Request.
  Time since last request: 14.340772 seconds.
  path: Assets/Abandoned_Asylum/Textures/GR_Frame_MetallicSmoothness.png
  artifactKey: Guid(8f5fc3cf7a49938488fdaa28708eb5f3) Importer(815301076,1909f56bfc062723c751e8b465ee728b)
Start importing Assets/Abandoned_Asylum/Textures/GR_Frame_MetallicSmoothness.png using Guid(8f5fc3cf7a49938488fdaa28708eb5f3) Importer(815301076,1909f56bfc062723c751e8b465ee728b)  -> (artifact id: '17d7d31bc311084ff6a303716bc02e74') in 0.079973 seconds
Number of updated asset objects reloaded before import = 0
Number of asset objects unloaded after import = 2
========================================================================
Received Import Request.
  Time since last request: 0.000051 seconds.
  path: Assets/Models/Pictures_Pack/GoldFrame/Textures/GoldFrame_Normal.png
  artifactKey: Guid(98034da72c74f9a4698f91ed44fc3f56) Importer(815301076,1909f56bfc062723c751e8b465ee728b)
Start importing Assets/Models/Pictures_Pack/GoldFrame/Textures/GoldFrame_Normal.png using Guid(98034da72c74f9a4698f91ed44fc3f56) Importer(815301076,1909f56bfc062723c751e8b465ee728b)  -> (artifact id: '5fe9c71f015a72093c8c46c69f015e27') in 0.078949 seconds
Number of updated asset objects reloaded before import = 0
Number of asset objects unloaded after import = 2
========================================================================
Received Import Request.
  Time since last request: 0.115247 seconds.
  path: Assets/Models/Furniture/Common/Statues_Goddes/Materials/Goddes_Buste_A_OUT_NM.png
  artifactKey: Guid(4141228225004c141b98d9fa1efd2095) Importer(815301076,1909f56bfc062723c751e8b465ee728b)
Start importing Assets/Models/Furniture/Common/Statues_Goddes/Materials/Goddes_Buste_A_OUT_NM.png using Guid(4141228225004c141b98d9fa1efd2095) Importer(815301076,1909f56bfc062723c751e8b465ee728b)  -> (artifact id: 'e32675ecf6e6c06c42b61157b2b3d93f') in 0.062164 seconds
Number of updated asset objects reloaded before import = 0
Number of asset objects unloaded after import = 2
========================================================================
Received Import Request.
  Time since last request: 0.000962 seconds.
  path: Assets/Models/Furniture/Common/Statues_Goddes/Materials/Goddes_Buste_B_OUT_NM.png
  artifactKey: Guid(623bdd3fca6b17d4fa3a54c26e2a757d) Importer(815301076,1909f56bfc062723c751e8b465ee728b)
Start importing Assets/Models/Furniture/Common/Statues_Goddes/Materials/Goddes_Buste_B_OUT_NM.png using Guid(623bdd3fca6b17d4fa3a54c26e2a757d) Importer(815301076,1909f56bfc062723c751e8b465ee728b)  -> (artifact id: '6c7b08cbf4e7e95149b8f23097fcec18') in 0.057642 seconds
Number of updated asset objects reloaded before import = 0
Number of asset objects unloaded after import = 2
========================================================================
Received Import Request.
  Time since last request: 0.000171 seconds.
  path: Assets/Models/Furniture/Common/Statues_Goddes/Materials/Goddes_Buste_B_IN_MET.png
  artifactKey: Guid(6f6529486bad4d848a923253a8050091) Importer(815301076,1909f56bfc062723c751e8b465ee728b)
Start importing Assets/Models/Furniture/Common/Statues_Goddes/Materials/Goddes_Buste_B_IN_MET.png using Guid(6f6529486bad4d848a923253a8050091) Importer(815301076,1909f56bfc062723c751e8b465ee728b)  -> (artifact id: 'f85454b7b43a9294fc75b0643e1bd800') in 0.089951 seconds
Number of updated asset objects reloaded before import = 0
Number of asset objects unloaded after import = 2
========================================================================
Received Import Request.
  Time since last request: 0.430537 seconds.
  path: Assets/Materials/PersianRug/PersianRug_01.png
  artifactKey: Guid(c5bdcbfe8bfd97746b2452c20361a43b) Importer(815301076,1909f56bfc062723c751e8b465ee728b)
Start importing Assets/Materials/PersianRug/PersianRug_01.png using Guid(c5bdcbfe8bfd97746b2452c20361a43b) Importer(815301076,1909f56bfc062723c751e8b465ee728b)  -> (artifact id: '2c6f03f277a37f48fa77a4d1a29c66e9') in 0.039417 seconds
Number of updated asset objects reloaded before import = 0
Number of asset objects unloaded after import = 2
========================================================================
Received Import Request.
  Time since last request: 0.000268 seconds.
  path: Assets/Models/Plant/Plant01/Textures/plant01_leaf_25_bump.png
  artifactKey: Guid(21d337ca79320b54face4ac399c02e09) Importer(815301076,1909f56bfc062723c751e8b465ee728b)
Start importing Assets/Models/Plant/Plant01/Textures/plant01_leaf_25_bump.png using Guid(21d337ca79320b54face4ac399c02e09) Importer(815301076,1909f56bfc062723c751e8b465ee728b)  -> (artifact id: '9077ff976f2c0b4e169d87902d6cda61') in 0.094787 seconds
Number of updated asset objects reloaded before import = 0
Number of asset objects unloaded after import = 2
========================================================================
Received Import Request.
  Time since last request: 0.000036 seconds.
  path: Assets/Abandoned_Asylum/Textures/Pillar_Marble_Normal.png
  artifactKey: Guid(9985c861df1e649428b3f0cf62e33538) Importer(815301076,1909f56bfc062723c751e8b465ee728b)
Start importing Assets/Abandoned_Asylum/Textures/Pillar_Marble_Normal.png using Guid(9985c861df1e649428b3f0cf62e33538) Importer(815301076,1909f56bfc062723c751e8b465ee728b)  -> (artifact id: 'e8a18f4cb9214f144ccdbc14d593186a') in 0.126738 seconds
Number of updated asset objects reloaded before import = 0
Number of asset objects unloaded after import = 2
========================================================================
Received Import Request.
  Time since last request: 0.000046 seconds.
  path: Assets/Abandoned_Asylum/Textures/Pillow_MetallicSmoothness.png
  artifactKey: Guid(56eb11e0ed04ad343a7395a374c7c75e) Importer(815301076,1909f56bfc062723c751e8b465ee728b)
Start importing Assets/Abandoned_Asylum/Textures/Pillow_MetallicSmoothness.png using Guid(56eb11e0ed04ad343a7395a374c7c75e) Importer(815301076,1909f56bfc062723c751e8b465ee728b)  -> (artifact id: '8b45715d9ab7d03a1da1af4d4318e5cb') in 0.130001 seconds
Number of updated asset objects reloaded before import = 0
Number of asset objects unloaded after import = 2
========================================================================
Received Import Request.
  Time since last request: 0.000205 seconds.
  path: Assets/Abandoned_Asylum/Textures/Pillow_Normal.png
  artifactKey: Guid(bf25b3505a7ee954eb82c98a666d9bf1) Importer(815301076,1909f56bfc062723c751e8b465ee728b)
Start importing Assets/Abandoned_Asylum/Textures/Pillow_Normal.png using Guid(bf25b3505a7ee954eb82c98a666d9bf1) Importer(815301076,1909f56bfc062723c751e8b465ee728b)  -> (artifact id: '24f9d12d61d2d31ccc838cbd34421832') in 0.095878 seconds
Number of updated asset objects reloaded before import = 0
Number of asset objects unloaded after import = 2
========================================================================
Received Import Request.
  Time since last request: 131.247757 seconds.
  path: Assets/Models/Guitar/AcusticGuitar_basecolor.png
  artifactKey: Guid(2957776ef0040dc46ab3be0d893c694f) Importer(815301076,1909f56bfc062723c751e8b465ee728b)
Start importing Assets/Models/Guitar/AcusticGuitar_basecolor.png using Guid(2957776ef0040dc46ab3be0d893c694f) Importer(815301076,1909f56bfc062723c751e8b465ee728b)  -> (artifact id: '0b434e950279db318d8253f55893153e') in 0.066105 seconds
Number of updated asset objects reloaded before import = 0
Number of asset objects unloaded after import = 2
========================================================================
Received Import Request.
  Time since last request: 4.412704 seconds.
  path: Assets/TextMesh Pro/Resources/Fonts & Materials/LiberationSans SDF.asset
  artifactKey: Guid(8f586378b4e144a9851e7b34d9b748ee) Importer(815301076,1909f56bfc062723c751e8b465ee728b)
Start importing Assets/TextMesh Pro/Resources/Fonts & Materials/LiberationSans SDF.asset using Guid(8f586378b4e144a9851e7b34d9b748ee) Importer(815301076,1909f56bfc062723c751e8b465ee728b)  -> (artifact id: 'd60e50f207fad4d1fa5d7700d5f9878e') in 1.254764 seconds
Number of updated asset objects reloaded before import = 0
Number of asset objects unloaded after import = 9
========================================================================
Received Import Request.
  Time since last request: 0.000084 seconds.
  path: Assets/Models/Furniture/Materials/Library/Furniture/Materials/Library_Furniture_NM.png
  artifactKey: Guid(16fba7e9146653d46bff0712a4dfb11d) Importer(815301076,1909f56bfc062723c751e8b465ee728b)
Start importing Assets/Models/Furniture/Materials/Library/Furniture/Materials/Library_Furniture_NM.png using Guid(16fba7e9146653d46bff0712a4dfb11d) Importer(815301076,1909f56bfc062723c751e8b465ee728b)  -> (artifact id: 'bc6c5a4b1cfcd68a869dbc6075bb972f') in 0.111077 seconds
Number of updated asset objects reloaded before import = 0
Number of asset objects unloaded after import = 2
========================================================================
Received Prepare
Begin MonoManager ReloadAssembly
- Loaded All Assemblies, in  3.854 seconds
Refreshing native plugins compatible for Editor in 73.62 ms, found 8 plugins.
Native extension for WindowsStandalone target not found
[Package Manager] Server::EnsureServerProcessIsRunning -- launch failed, reason: Unity was launched with the -noUpm command-line argument
[Package Manager] UpmClient::Send -- Unable to send message (not connected to UPM process).
[Package Manager] Cannot connect to Unity Package Manager local server
[Package Manager] Server::EnsureServerProcessIsRunning -- launch failed, reason: Unity was launched with the -noUpm command-line argument
[Package Manager] UpmClient::Send -- Unable to send message (not connected to UPM process).
[Package Manager] Cannot connect to Unity Package Manager local server
Mono: successfully reloaded assembly
[Package Manager] Server::EnsureServerProcessIsRunning -- launch failed, reason: Unity was launched with the -noUpm command-line argument
[Package Manager] UpmClient::Send -- Unable to send message (not connected to UPM process).
[Package Manager] Cannot connect to Unity Package Manager local server
- Finished resetting the current domain, in  6.941 seconds
Domain Reload Profiling: 10794ms
	BeginReloadAssembly (1667ms)
		ExecutionOrderSort (1ms)
		DisableScriptedObjects (83ms)
		BackupInstance (0ms)
		ReleaseScriptingObjects (4ms)
		CreateAndSetChildDomain (906ms)
	RebuildCommonClasses (80ms)
	RebuildNativeTypeToScriptingClass (19ms)
	initialDomainReloadingComplete (85ms)
	LoadAllAssembliesAndSetupDomain (2000ms)
		LoadAssemblies (2192ms)
		RebuildTransferFunctionScriptingTraits (0ms)
		AnalyzeDomain (133ms)
			TypeCache.Refresh (87ms)
				TypeCache.ScanAssembly (0ms)
			ScanForSourceGeneratedMonoScriptInfo (2ms)
			ResolveRequiredComponents (40ms)
	FinalizeReload (6943ms)
		ReleaseScriptCaches (0ms)
		RebuildScriptCaches (0ms)
		SetupLoadedEditorAssemblies (1707ms)
			LogAssemblyErrors (0ms)
			InitializePlatformSupportModulesInManaged (34ms)
			SetLoadedEditorAssemblies (25ms)
			RefreshPlugins (0ms)
			BeforeProcessingInitializeOnLoad (271ms)
			ProcessInitializeOnLoadAttributes (1198ms)
			ProcessInitializeOnLoadMethodAttributes (144ms)
			AfterProcessingInitializeOnLoad (35ms)
			EditorAssembliesLoaded (1ms)
		ExecutionOrderSort2 (2ms)
		AwakeInstancesAfterBackupRestoration (88ms)
Refreshing native plugins compatible for Editor in 89.94 ms, found 8 plugins.
Preloading 0 native plugins for Editor in 0.00 ms.
Unloading 2980 Unused Serialized files (Serialized files now loaded: 0)
Unloading 59 unused Assets / (1.3 MB). Loaded Objects now: 3577.
Memory consumption went from 128.3 MB to 127.0 MB.
Total: 18.046300 ms (FindLiveObjects: 0.932800 ms CreateObjectMapping: 0.881200 ms MarkObjects: 15.093300 ms  DeleteObjects: 1.134200 ms)

Prepare: number of updated asset objects reloaded= 0
AssetImportParameters requested are different than current active one (requested -> active):
  custom:video-decoder-webm-vp8: 9c59270c3fd7afecdb556c50c9e8de78 -> 
  custom:SearchIndexIgnoredProperties: e643bd26f0fe6173181afceb89e7c659 -> 
  custom:container-demuxer-ogg: 62fdf1f143b41e24485cea50d1cbac27 -> 
  custom:AudioImporter_EditorPlatform: d09bf68614088b80899f8185d706f6e7 -> 
  custom:video-codec-MediaFoundation-h265: 746d11721c4dcdbdad8f713fa42b33f4 -> 
  custom:video-decoder-ogg-theora: a1e56fd34408186e4bbccfd4996cb3dc -> 
  custom:framework-win-MediaFoundation: 216162199b28c13a410421893ffa2e32 -> 
  custom:video-encoder-webm-vp8: eb34c28f22e8b96e1ab97ce403110664 -> 
  custom:audio-decoder-ogg-vorbis: bf7c407c2cedff20999df2af8eb42d56 -> 
  custom:CustomObjectIndexerAttribute: 756ad292c208cfabdd7b50bc23989ffe -> 
  custom:container-demuxer-webm: 4f35f7cbe854078d1ac9338744f61a02 -> 
  custom:audio-encoder-webm-vorbis: bf7c407c2cedff20999df2af8eb42d56 -> 
  custom:container-muxer-webm: aa71ff27fc2769a1b78a27578f13a17b -> 
========================================================================
Received Import Request.
  Time since last request: 4213.455669 seconds.
  path: Assets/Abandoned_Asylum/Show.unity
  artifactKey: Guid(30fb6719a9eb1d84a807a42d598b16f8) Importer(815301076,1909f56bfc062723c751e8b465ee728b)
Start importing Assets/Abandoned_Asylum/Show.unity using Guid(30fb6719a9eb1d84a807a42d598b16f8) Importer(815301076,1909f56bfc062723c751e8b465ee728b)  -> (artifact id: 'fe35055a7091ac00d16b35738ac533e0') in 0.011041 seconds
Number of updated asset objects reloaded before import = 0
Number of asset objects unloaded after import = 0
========================================================================
Received Import Request.
  Time since last request: 184.672295 seconds.
  path: Assets/Scenes/GameScene.unity
  artifactKey: Guid(b1e2f52cb9ec1473991c885c8a409f28) Importer(815301076,1909f56bfc062723c751e8b465ee728b)
Start importing Assets/Scenes/GameScene.unity using Guid(b1e2f52cb9ec1473991c885c8a409f28) Importer(815301076,1909f56bfc062723c751e8b465ee728b)  -> (artifact id: '7a604a4d70495d62b069970c8869fe5a') in 0.029762 seconds
Number of updated asset objects reloaded before import = 0
Number of asset objects unloaded after import = 0
========================================================================
Received Import Request.
  Time since last request: 4425.671307 seconds.
  path: Assets/Models/painted_wooden_cabinet_4k Variant.mat
  artifactKey: Guid(8dc67eb7be5a7d24e9be28aeb8dd230f) Importer(815301076,1909f56bfc062723c751e8b465ee728b)
Start importing Assets/Models/painted_wooden_cabinet_4k Variant.mat using Guid(8dc67eb7be5a7d24e9be28aeb8dd230f) Importer(815301076,1909f56bfc062723c751e8b465ee728b)  -> (artifact id: '1715e1834c10b5f376a8d6bad6dfb8f5') in 1.585867 seconds
Number of updated asset objects reloaded before import = 0
Number of asset objects unloaded after import = 8
========================================================================
Received Import Request.
  Time since last request: 3.648088 seconds.
  path: Assets/Samples/XR Interaction Toolkit/2.4.3/Starter Assets/Models/XRControllerRight.fbx
  artifactKey: Guid(11cd62256b1d470f922b2c8e6446cc77) Importer(815301076,1909f56bfc062723c751e8b465ee728b)
Start importing Assets/Samples/XR Interaction Toolkit/2.4.3/Starter Assets/Models/XRControllerRight.fbx using Guid(11cd62256b1d470f922b2c8e6446cc77) Importer(815301076,1909f56bfc062723c751e8b465ee728b)  -> (artifact id: 'dee6ede12e42eef329903c666b48ffd6') in 0.590394 seconds
Number of updated asset objects reloaded before import = 0
Number of asset objects unloaded after import = 52
========================================================================
Received Import Request.
  Time since last request: 0.000044 seconds.
  path: Assets/Models/Pictures_Pack/Painting/Materials/Painting02.mat
  artifactKey: Guid(8a79ed7c9cb20d247997f22fe7f7233f) Importer(815301076,1909f56bfc062723c751e8b465ee728b)
Start importing Assets/Models/Pictures_Pack/Painting/Materials/Painting02.mat using Guid(8a79ed7c9cb20d247997f22fe7f7233f) Importer(815301076,1909f56bfc062723c751e8b465ee728b)  -> (artifact id: 'db4ea8d40f98b4c5256f3f87b9add16e') in 0.100366 seconds
Number of updated asset objects reloaded before import = 0
Number of asset objects unloaded after import = 2
========================================================================
Received Import Request.
  Time since last request: 0.000044 seconds.
  path: Assets/Models/Pictures_Pack/Painting/Materials/Painting04.mat
  artifactKey: Guid(311a50c345ecab241a2d7e3ced57fc4e) Importer(815301076,1909f56bfc062723c751e8b465ee728b)
Start importing Assets/Models/Pictures_Pack/Painting/Materials/Painting04.mat using Guid(311a50c345ecab241a2d7e3ced57fc4e) Importer(815301076,1909f56bfc062723c751e8b465ee728b)  -> (artifact id: 'bf3e3ed052c64e894e1aa31893f5e20f') in 0.030247 seconds
Number of updated asset objects reloaded before import = 0
Number of asset objects unloaded after import = 2
========================================================================
Received Import Request.
  Time since last request: 0.000034 seconds.
  path: Assets/BloodDecalsAndEffects/BloodDrips/Materials/Paint_Splat_Green.mat
  artifactKey: Guid(02148dbd3ad9cc640b5fe4a2dc6bf3a4) Importer(815301076,1909f56bfc062723c751e8b465ee728b)
Start importing Assets/BloodDecalsAndEffects/BloodDrips/Materials/Paint_Splat_Green.mat using Guid(02148dbd3ad9cc640b5fe4a2dc6bf3a4) Importer(815301076,1909f56bfc062723c751e8b465ee728b)  -> (artifact id: '29fc76225eeac0d8ac9325f921920c82') in 6.833173 seconds
Number of updated asset objects reloaded before import = 0
Number of asset objects unloaded after import = 3
========================================================================
Received Import Request.
  Time since last request: 0.000995 seconds.
  path: Assets/Materials/Lamp/onLamp.mat
  artifactKey: Guid(0529c95baad5a264787a242f949623c9) Importer(815301076,1909f56bfc062723c751e8b465ee728b)
Start importing Assets/Materials/Lamp/onLamp.mat using Guid(0529c95baad5a264787a242f949623c9) Importer(815301076,1909f56bfc062723c751e8b465ee728b)  -> (artifact id: '10df80b74c1a3fcbe9e300911553fb51') in 0.214974 seconds
Number of updated asset objects reloaded before import = 0
Number of asset objects unloaded after import = 3
========================================================================
Received Import Request.
  Time since last request: 0.000094 seconds.
  path: Assets/Models/Pictures_Pack/Painting/Materials/Painting.mat
  artifactKey: Guid(fc2608e4f05e7814992c2f6257db032f) Importer(815301076,1909f56bfc062723c751e8b465ee728b)
Start importing Assets/Models/Pictures_Pack/Painting/Materials/Painting.mat using Guid(fc2608e4f05e7814992c2f6257db032f) Importer(815301076,1909f56bfc062723c751e8b465ee728b)  -> (artifact id: '537a5bfbdcd5076cbb1a8e7f1a1738f2') in 0.057154 seconds
Number of updated asset objects reloaded before import = 0
Number of asset objects unloaded after import = 2
========================================================================
Received Import Request.
  Time since last request: 0.000036 seconds.
  path: Assets/Models/Pictures_Pack/Painting/Materials/Painting01.mat
  artifactKey: Guid(3013bdaf4ea50a743a2710f7bceabf7f) Importer(815301076,1909f56bfc062723c751e8b465ee728b)
Start importing Assets/Models/Pictures_Pack/Painting/Materials/Painting01.mat using Guid(3013bdaf4ea50a743a2710f7bceabf7f) Importer(815301076,1909f56bfc062723c751e8b465ee728b)  -> (artifact id: '25b6b9bacfaf0855b0c6c04b6e21f0b3') in 0.034455 seconds
Number of updated asset objects reloaded before import = 0
Number of asset objects unloaded after import = 2
========================================================================
Received Import Request.
  Time since last request: 0.000129 seconds.
  path: Assets/TextMesh Pro/Examples & Extras/Resources/Fonts & Materials/Oswald Bold SDF.asset
  artifactKey: Guid(0161d805a3764c089bef00bfe00793f5) Importer(815301076,1909f56bfc062723c751e8b465ee728b)
Start importing Assets/TextMesh Pro/Examples & Extras/Resources/Fonts & Materials/Oswald Bold SDF.asset using Guid(0161d805a3764c089bef00bfe00793f5) Importer(815301076,1909f56bfc062723c751e8b465ee728b)  -> (artifact id: 'cee9a460fdb4737593bb5d8de0e3462a') in 0.715148 seconds
Number of updated asset objects reloaded before import = 0
Number of asset objects unloaded after import = 6
========================================================================
Received Import Request.
  Time since last request: 0.000038 seconds.
  path: Assets/Materials/Lamp/offLamp.mat
  artifactKey: Guid(c29afa810c2224792a5f27af17429f8f) Importer(815301076,1909f56bfc062723c751e8b465ee728b)
Start importing Assets/Materials/Lamp/offLamp.mat using Guid(c29afa810c2224792a5f27af17429f8f) Importer(815301076,1909f56bfc062723c751e8b465ee728b)  -> (artifact id: 'cb373abd635d4228fedad74f46791824') in 0.110461 seconds
Number of updated asset objects reloaded before import = 0
Number of asset objects unloaded after import = 3
Editor requested this worker to shutdown with reason: Scaling down because of idle timeout
TcpMessagingSession - receive error: operation aborted. errorcode: 995, details: The I/O operation has been aborted because of either a thread exit or an application request.
AssetImportWorker is now disconnected from the server
Process exiting
Exiting without the bug reporter. Application will terminate with return code 0