Using pre-set license
Built from '2022.3/staging' branch; Version is '2022.3.8f1 (b5eafc012955) revision 11922172'; Using compiler version '192829333'; Build Type 'Release'
OS: 'Windows 11  (10.0.26100) 64bit Professional' Language: 'en' Physical Memory: 8001 MB
BatchMode: 1, IsHumanControllingUs: 0, StartBugReporterOnCrash: 0, Is64bit: 1, IsPro: 1

COMMAND LINE ARGUMENTS:
C:\Users\tiago.freitas\Documents\2022.3.8f1\Editor\Unity.exe
-adb2
-batchMode
-noUpm
-name
AssetImportWorker0
-projectPath
C:/Users/tiago.freitas/Documents/Escape/Escape-The-Maze-Tiago
-logFile
Logs/AssetImportWorker0.log
-srvPort
60547
Successfully changed project path to: C:/Users/tiago.freitas/Documents/Escape/Escape-The-Maze-Tiago
C:/Users/tiago.freitas/Documents/Escape/Escape-The-Maze-Tiago
[UnityMemory] Configuration Parameters - Can be set up in boot.config
    "memorysetup-bucket-allocator-granularity=16"
    "memorysetup-bucket-allocator-bucket-count=8"
    "memorysetup-bucket-allocator-block-size=33554432"
    "memorysetup-bucket-allocator-block-count=8"
    "memorysetup-main-allocator-block-size=16777216"
    "memorysetup-thread-allocator-block-size=16777216"
    "memorysetup-gfx-main-allocator-block-size=16777216"
    "memorysetup-gfx-thread-allocator-block-size=16777216"
    "memorysetup-cache-allocator-block-size=4194304"
    "memorysetup-typetree-allocator-block-size=2097152"
    "memorysetup-profiler-bucket-allocator-granularity=16"
    "memorysetup-profiler-bucket-allocator-bucket-count=8"
    "memorysetup-profiler-bucket-allocator-block-size=33554432"
    "memorysetup-profiler-bucket-allocator-block-count=8"
    "memorysetup-profiler-allocator-block-size=16777216"
    "memorysetup-profiler-editor-allocator-block-size=1048576"
    "memorysetup-temp-allocator-size-main=16777216"
    "memorysetup-job-temp-allocator-block-size=2097152"
    "memorysetup-job-temp-allocator-block-size-background=1048576"
    "memorysetup-job-temp-allocator-reduction-small-platforms=262144"
    "memorysetup-allocator-temp-initial-block-size-main=262144"
    "memorysetup-allocator-temp-initial-block-size-worker=262144"
    "memorysetup-temp-allocator-size-background-worker=32768"
    "memorysetup-temp-allocator-size-job-worker=262144"
    "memorysetup-temp-allocator-size-preload-manager=33554432"
    "memorysetup-temp-allocator-size-nav-mesh-worker=65536"
    "memorysetup-temp-allocator-size-audio-worker=65536"
    "memorysetup-temp-allocator-size-cloud-worker=32768"
    "memorysetup-temp-allocator-size-gi-baking-worker=262144"
    "memorysetup-temp-allocator-size-gfx=262144"
Player connection [23504] Host "[IP] 10.11.10.116 [Port] 0 [Flags] 2 [Guid] 1275886256 [EditorId] 1275886256 [Version] 1048832 [Id] WindowsEditor(7,DEV006) [Debug] 1 [PackageName] WindowsEditor [ProjectName] Editor" joined multi-casting on [225.0.0.222:54997]...

Player connection [23504] Host "[IP] 10.11.10.116 [Port] 0 [Flags] 2 [Guid] 1275886256 [EditorId] 1275886256 [Version] 1048832 [Id] WindowsEditor(7,DEV006) [Debug] 1 [PackageName] WindowsEditor [ProjectName] Editor" joined alternative multi-casting on [225.0.0.222:34997]...

[Physics::Module] Initialized MultithreadedJobDispatcher with 5 workers.
Refreshing native plugins compatible for Editor in 62.70 ms, found 8 plugins.
Preloading 0 native plugins for Editor in 0.00 ms.
Initialize engine version: 2022.3.8f1 (b5eafc012955)
[Subsystems] Discovering subsystems at path C:/Users/tiago.freitas/Documents/2022.3.8f1/Editor/Data/Resources/UnitySubsystems
[Subsystems] Discovering subsystems at path C:/Users/tiago.freitas/Documents/Escape/Escape-The-Maze-Tiago/Assets
GfxDevice: creating device client; threaded=0; jobified=0
Direct3D:
    Version:  Direct3D 11.0 [level 11.1]
    Renderer: Intel(R) UHD Graphics 630 (ID=0x3e92)
    Vendor:   Intel
    VRAM:     4000 MB
    Driver:   31.0.101.2130
Initialize mono
Mono path[0] = 'C:/Users/tiago.freitas/Documents/2022.3.8f1/Editor/Data/Managed'
Mono path[1] = 'C:/Users/tiago.freitas/Documents/2022.3.8f1/Editor/Data/MonoBleedingEdge/lib/mono/unityjit-win32'
Mono config path = 'C:/Users/tiago.freitas/Documents/2022.3.8f1/Editor/Data/MonoBleedingEdge/etc'
Using monoOptions --debugger-agent=transport=dt_socket,embedding=1,server=y,suspend=n,address=127.0.0.1:56884
Begin MonoManager ReloadAssembly
Registering precompiled unity dll's ...
Register platform support module: C:/Users/tiago.freitas/Documents/2022.3.8f1/Editor/Data/PlaybackEngines/WindowsStandaloneSupport/UnityEditor.WindowsStandalone.Extensions.dll
Registered in 0.020633 seconds.
- Loaded All Assemblies, in  1.011 seconds
Native extension for WindowsStandalone target not found
Mono: successfully reloaded assembly
- Finished resetting the current domain, in  0.613 seconds
Domain Reload Profiling: 1619ms
	BeginReloadAssembly (396ms)
		ExecutionOrderSort (0ms)
		DisableScriptedObjects (0ms)
		BackupInstance (0ms)
		ReleaseScriptingObjects (0ms)
		CreateAndSetChildDomain (4ms)
	RebuildCommonClasses (84ms)
	RebuildNativeTypeToScriptingClass (22ms)
	initialDomainReloadingComplete (164ms)
	LoadAllAssembliesAndSetupDomain (338ms)
		LoadAssemblies (382ms)
		RebuildTransferFunctionScriptingTraits (0ms)
		AnalyzeDomain (332ms)
			TypeCache.Refresh (328ms)
				TypeCache.ScanAssembly (287ms)
			ScanForSourceGeneratedMonoScriptInfo (1ms)
			ResolveRequiredComponents (1ms)
	FinalizeReload (615ms)
		ReleaseScriptCaches (0ms)
		RebuildScriptCaches (0ms)
		SetupLoadedEditorAssemblies (470ms)
			LogAssemblyErrors (0ms)
			InitializePlatformSupportModulesInManaged (23ms)
			SetLoadedEditorAssemblies (13ms)
			RefreshPlugins (0ms)
			BeforeProcessingInitializeOnLoad (3ms)
			ProcessInitializeOnLoadAttributes (289ms)
			ProcessInitializeOnLoadMethodAttributes (141ms)
			AfterProcessingInitializeOnLoad (0ms)
			EditorAssembliesLoaded (0ms)
		ExecutionOrderSort2 (0ms)
		AwakeInstancesAfterBackupRestoration (0ms)
========================================================================
Worker process is ready to serve import requests
Begin MonoManager ReloadAssembly
- Loaded All Assemblies, in 18.408 seconds
Refreshing native plugins compatible for Editor in 1747.58 ms, found 8 plugins.
Native extension for WindowsStandalone target not found
Package Manager log level set to [2]
[Package Manager] Server::EnsureServerProcessIsRunning -- launch failed, reason: Unity was launched with the -noUpm command-line argument
[Package Manager] UpmClient::Send -- Unable to send message (not connected to UPM process).
[Package Manager] Cannot connect to Unity Package Manager local server
[Package Manager] Server::EnsureServerProcessIsRunning -- launch failed, reason: Unity was launched with the -noUpm command-line argument
[Package Manager] UpmClient::Send -- Unable to send message (not connected to UPM process).
[Package Manager] Cannot connect to Unity Package Manager local server
Mono: successfully reloaded assembly
[Package Manager] Server::EnsureServerProcessIsRunning -- launch failed, reason: Unity was launched with the -noUpm command-line argument
[Package Manager] UpmClient::Send -- Unable to send message (not connected to UPM process).
[Package Manager] Cannot connect to Unity Package Manager local server
[Package Manager] Server::EnsureServerProcessIsRunning -- launch failed, reason: Unity was launched with the -noUpm command-line argument
[Package Manager] UpmClient::Send -- Unable to send message (not connected to UPM process).
[Package Manager] Cannot connect to Unity Package Manager local server
- Finished resetting the current domain, in  9.659 seconds
Domain Reload Profiling: 28034ms
	BeginReloadAssembly (1031ms)
		ExecutionOrderSort (0ms)
		DisableScriptedObjects (34ms)
		BackupInstance (0ms)
		ReleaseScriptingObjects (1ms)
		CreateAndSetChildDomain (296ms)
	RebuildCommonClasses (142ms)
	RebuildNativeTypeToScriptingClass (26ms)
	initialDomainReloadingComplete (273ms)
	LoadAllAssembliesAndSetupDomain (16899ms)
		LoadAssemblies (10457ms)
		RebuildTransferFunctionScriptingTraits (0ms)
		AnalyzeDomain (6870ms)
			TypeCache.Refresh (6652ms)
				TypeCache.ScanAssembly (6406ms)
			ScanForSourceGeneratedMonoScriptInfo (189ms)
			ResolveRequiredComponents (18ms)
	FinalizeReload (9663ms)
		ReleaseScriptCaches (0ms)
		RebuildScriptCaches (0ms)
		SetupLoadedEditorAssemblies (5189ms)
			LogAssemblyErrors (0ms)
			InitializePlatformSupportModulesInManaged (225ms)
			SetLoadedEditorAssemblies (44ms)
			RefreshPlugins (0ms)
			BeforeProcessingInitializeOnLoad (651ms)
			ProcessInitializeOnLoadAttributes (3889ms)
			ProcessInitializeOnLoadMethodAttributes (337ms)
			AfterProcessingInitializeOnLoad (39ms)
			EditorAssembliesLoaded (4ms)
		ExecutionOrderSort2 (0ms)
		AwakeInstancesAfterBackupRestoration (57ms)
Launched and connected shader compiler UnityShaderCompiler.exe after 0.36 seconds
Refreshing native plugins compatible for Editor in 63.34 ms, found 8 plugins.
Preloading 0 native plugins for Editor in 0.00 ms.
Unloading 3043 Unused Serialized files (Serialized files now loaded: 0)
Unloading 78 unused Assets / (1.3 MB). Loaded Objects now: 3514.
Memory consumption went from 135.2 MB to 133.9 MB.
Total: 15.143800 ms (FindLiveObjects: 1.735600 ms CreateObjectMapping: 0.636700 ms MarkObjects: 10.557000 ms  DeleteObjects: 2.211800 ms)

AssetImportParameters requested are different than current active one (requested -> active):
  custom:video-decoder-webm-vp8: 9c59270c3fd7afecdb556c50c9e8de78 -> 
  custom:SearchIndexIgnoredProperties: e643bd26f0fe6173181afceb89e7c659 -> 
  custom:container-demuxer-ogg: 62fdf1f143b41e24485cea50d1cbac27 -> 
  custom:AudioImporter_EditorPlatform: d09bf68614088b80899f8185d706f6e7 -> 
  custom:video-codec-MediaFoundation-h265: 746d11721c4dcdbdad8f713fa42b33f4 -> 
  custom:video-decoder-ogg-theora: a1e56fd34408186e4bbccfd4996cb3dc -> 
  custom:framework-win-MediaFoundation: 216162199b28c13a410421893ffa2e32 -> 
  custom:video-encoder-webm-vp8: eb34c28f22e8b96e1ab97ce403110664 -> 
  custom:audio-decoder-ogg-vorbis: bf7c407c2cedff20999df2af8eb42d56 -> 
  custom:CustomObjectIndexerAttribute: 756ad292c208cfabdd7b50bc23989ffe -> 
  custom:container-demuxer-webm: 4f35f7cbe854078d1ac9338744f61a02 -> 
  custom:audio-encoder-webm-vorbis: bf7c407c2cedff20999df2af8eb42d56 -> 
  custom:container-muxer-webm: aa71ff27fc2769a1b78a27578f13a17b -> 
========================================================================
Received Import Request.
  Time since last request: 1692280.120943 seconds.
  path: Assets/Scripts/ZombieChase.cs
  artifactKey: Guid(c0a807531723f43c585053f414f21412) Importer(815301076,1909f56bfc062723c751e8b465ee728b)
Start importing Assets/Scripts/ZombieChase.cs using Guid(c0a807531723f43c585053f414f21412) Importer(815301076,1909f56bfc062723c751e8b465ee728b)  -> (artifact id: '4e5cf1dbd1773add83393c27efe333a9') in 0.064752 seconds
Number of updated asset objects reloaded before import = 0
Number of asset objects unloaded after import = 0
========================================================================
Received Prepare
Begin MonoManager ReloadAssembly
- Loaded All Assemblies, in  1.694 seconds
Refreshing native plugins compatible for Editor in 40.38 ms, found 8 plugins.
Native extension for WindowsStandalone target not found
[Package Manager] Server::EnsureServerProcessIsRunning -- launch failed, reason: Unity was launched with the -noUpm command-line argument
[Package Manager] UpmClient::Send -- Unable to send message (not connected to UPM process).
[Package Manager] Cannot connect to Unity Package Manager local server
[Package Manager] Server::EnsureServerProcessIsRunning -- launch failed, reason: Unity was launched with the -noUpm command-line argument
[Package Manager] UpmClient::Send -- Unable to send message (not connected to UPM process).
[Package Manager] Cannot connect to Unity Package Manager local server
Mono: successfully reloaded assembly
[Package Manager] Server::EnsureServerProcessIsRunning -- launch failed, reason: Unity was launched with the -noUpm command-line argument
[Package Manager] UpmClient::Send -- Unable to send message (not connected to UPM process).
[Package Manager] Cannot connect to Unity Package Manager local server
- Finished resetting the current domain, in  5.885 seconds
Domain Reload Profiling: 7570ms
	BeginReloadAssembly (657ms)
		ExecutionOrderSort (0ms)
		DisableScriptedObjects (19ms)
		BackupInstance (0ms)
		ReleaseScriptingObjects (2ms)
		CreateAndSetChildDomain (252ms)
	RebuildCommonClasses (54ms)
	RebuildNativeTypeToScriptingClass (16ms)
	initialDomainReloadingComplete (63ms)
	LoadAllAssembliesAndSetupDomain (894ms)
		LoadAssemblies (1071ms)
		RebuildTransferFunctionScriptingTraits (0ms)
		AnalyzeDomain (62ms)
			TypeCache.Refresh (42ms)
				TypeCache.ScanAssembly (0ms)
			ScanForSourceGeneratedMonoScriptInfo (1ms)
			ResolveRequiredComponents (15ms)
	FinalizeReload (5886ms)
		ReleaseScriptCaches (0ms)
		RebuildScriptCaches (0ms)
		SetupLoadedEditorAssemblies (966ms)
			LogAssemblyErrors (0ms)
			InitializePlatformSupportModulesInManaged (33ms)
			SetLoadedEditorAssemblies (21ms)
			RefreshPlugins (0ms)
			BeforeProcessingInitializeOnLoad (263ms)
			ProcessInitializeOnLoadAttributes (541ms)
			ProcessInitializeOnLoadMethodAttributes (75ms)
			AfterProcessingInitializeOnLoad (33ms)
			EditorAssembliesLoaded (1ms)
		ExecutionOrderSort2 (0ms)
		AwakeInstancesAfterBackupRestoration (58ms)
Refreshing native plugins compatible for Editor in 51.98 ms, found 8 plugins.
Preloading 0 native plugins for Editor in 0.00 ms.
Unloading 2980 Unused Serialized files (Serialized files now loaded: 0)
Unloading 59 unused Assets / (1.3 MB). Loaded Objects now: 3518.
Memory consumption went from 121.5 MB to 120.3 MB.
Total: 13.933600 ms (FindLiveObjects: 3.490700 ms CreateObjectMapping: 1.471800 ms MarkObjects: 8.370200 ms  DeleteObjects: 0.593900 ms)

Prepare: number of updated asset objects reloaded= 0
AssetImportParameters requested are different than current active one (requested -> active):
  custom:video-decoder-webm-vp8: 9c59270c3fd7afecdb556c50c9e8de78 -> 
  custom:SearchIndexIgnoredProperties: e643bd26f0fe6173181afceb89e7c659 -> 
  custom:container-demuxer-ogg: 62fdf1f143b41e24485cea50d1cbac27 -> 
  custom:AudioImporter_EditorPlatform: d09bf68614088b80899f8185d706f6e7 -> 
  custom:video-codec-MediaFoundation-h265: 746d11721c4dcdbdad8f713fa42b33f4 -> 
  custom:video-decoder-ogg-theora: a1e56fd34408186e4bbccfd4996cb3dc -> 
  custom:framework-win-MediaFoundation: 216162199b28c13a410421893ffa2e32 -> 
  custom:video-encoder-webm-vp8: eb34c28f22e8b96e1ab97ce403110664 -> 
  custom:audio-decoder-ogg-vorbis: bf7c407c2cedff20999df2af8eb42d56 -> 
  custom:CustomObjectIndexerAttribute: 756ad292c208cfabdd7b50bc23989ffe -> 
  custom:container-demuxer-webm: 4f35f7cbe854078d1ac9338744f61a02 -> 
  custom:audio-encoder-webm-vorbis: bf7c407c2cedff20999df2af8eb42d56 -> 
  custom:container-muxer-webm: aa71ff27fc2769a1b78a27578f13a17b -> 
========================================================================
Received Import Request.
  Time since last request: 1133.011379 seconds.
  path: Assets/ExitSign_01.FBX.fbx
  artifactKey: Guid(17e1feccf8de87a448bf1842429756b9) Importer(815301076,1909f56bfc062723c751e8b465ee728b)
Start importing Assets/ExitSign_01.FBX.fbx using Guid(17e1feccf8de87a448bf1842429756b9) Importer(815301076,1909f56bfc062723c751e8b465ee728b)  -> (artifact id: '686fc001aecadf8ea246f7d41ed2a94f') in 0.778077 seconds
Number of updated asset objects reloaded before import = 0
Number of asset objects unloaded after import = 8
========================================================================
Received Import Request.
  Time since last request: 220.732460 seconds.
  path: Assets/ExitSign_01.FBX Variant.mat
  artifactKey: Guid(d291d0b5178fb7b449165d25a5e0fd52) Importer(815301076,1909f56bfc062723c751e8b465ee728b)
Start importing Assets/ExitSign_01.FBX Variant.mat using Guid(d291d0b5178fb7b449165d25a5e0fd52) Importer(815301076,1909f56bfc062723c751e8b465ee728b)  -> (artifact id: 'e66c280d0051af181e8ab91ac5d0b64d') in 0.023974 seconds
Number of updated asset objects reloaded before import = 0
Number of asset objects unloaded after import = 8
========================================================================
Received Import Request.
  Time since last request: 6.654225 seconds.
  path: Assets/BloodDecalsAndEffects/BloodAnimals/Textures/AnimalPaws_ColorOpac.png
  artifactKey: Guid(42c288b6432514644acdbd072c9fe898) Importer(815301076,1909f56bfc062723c751e8b465ee728b)
Start importing Assets/BloodDecalsAndEffects/BloodAnimals/Textures/AnimalPaws_ColorOpac.png using Guid(42c288b6432514644acdbd072c9fe898) Importer(815301076,1909f56bfc062723c751e8b465ee728b)  -> (artifact id: '9ae547cf61665a0a1d38b40496762953') in 0.059831 seconds
Number of updated asset objects reloaded before import = 0
Number of asset objects unloaded after import = 2
========================================================================
Received Import Request.
  Time since last request: 0.007882 seconds.
  path: Assets/BloodDecalsAndEffects/BloodAnimals/Textures/AnimalPaws_RGBA.tga
  artifactKey: Guid(61956949b0c489c48b7ee54b5a1e45ee) Importer(815301076,1909f56bfc062723c751e8b465ee728b)
Start importing Assets/BloodDecalsAndEffects/BloodAnimals/Textures/AnimalPaws_RGBA.tga using Guid(61956949b0c489c48b7ee54b5a1e45ee) Importer(815301076,1909f56bfc062723c751e8b465ee728b)  -> (artifact id: 'a8f7d9afca6c0f9414ba203a9516c51f') in 0.124307 seconds
Number of updated asset objects reloaded before import = 0
Number of asset objects unloaded after import = 2
========================================================================
Received Import Request.
  Time since last request: 0.000056 seconds.
  path: Assets/Models/Antique_Pack/Chairs/Textures/AntiqueChair_02_02_Specular.png
  artifactKey: Guid(c9034ceacb75c874594278399832b329) Importer(815301076,1909f56bfc062723c751e8b465ee728b)
Start importing Assets/Models/Antique_Pack/Chairs/Textures/AntiqueChair_02_02_Specular.png using Guid(c9034ceacb75c874594278399832b329) Importer(815301076,1909f56bfc062723c751e8b465ee728b)  -> (artifact id: '39b6177da0c07bbc7d614358f4107805') in 0.055665 seconds
Number of updated asset objects reloaded before import = 0
Number of asset objects unloaded after import = 2
========================================================================
Received Import Request.
  Time since last request: 0.000060 seconds.
  path: Assets/Models/Antique_Pack/Chairs/Textures/AntiqueChair_02_01_Normal.png
  artifactKey: Guid(7c59ba4c353f5ef48a69ce302b89676f) Importer(815301076,1909f56bfc062723c751e8b465ee728b)
Start importing Assets/Models/Antique_Pack/Chairs/Textures/AntiqueChair_02_01_Normal.png using Guid(7c59ba4c353f5ef48a69ce302b89676f) Importer(815301076,1909f56bfc062723c751e8b465ee728b)  -> (artifact id: 'b6bc3bd63419f79b6e2ebccbd1b092b9') in 0.106440 seconds
Number of updated asset objects reloaded before import = 0
Number of asset objects unloaded after import = 2
========================================================================
Received Import Request.
  Time since last request: 0.000055 seconds.
  path: Assets/Models/Antique_Pack/Chairs/Textures/AntiqueChair_02_02_Normal.png
  artifactKey: Guid(d2efbc3622b9f934db2f467ed7d1b126) Importer(815301076,1909f56bfc062723c751e8b465ee728b)
Start importing Assets/Models/Antique_Pack/Chairs/Textures/AntiqueChair_02_02_Normal.png using Guid(d2efbc3622b9f934db2f467ed7d1b126) Importer(815301076,1909f56bfc062723c751e8b465ee728b)  -> (artifact id: 'db65da85140fdfa9cfe8c59c3c0a1e6d') in 0.099728 seconds
Number of updated asset objects reloaded before import = 0
Number of asset objects unloaded after import = 2
========================================================================
Received Import Request.
  Time since last request: 0.000048 seconds.
  path: Assets/Models/Antique_Pack/Chairs/Textures/AntiqueChair_01_Albedo.png
  artifactKey: Guid(2d818a8c81893074480a958f9c818926) Importer(815301076,1909f56bfc062723c751e8b465ee728b)
Start importing Assets/Models/Antique_Pack/Chairs/Textures/AntiqueChair_01_Albedo.png using Guid(2d818a8c81893074480a958f9c818926) Importer(815301076,1909f56bfc062723c751e8b465ee728b)  -> (artifact id: '5b2d88c7b6226c22018ca56d886888bb') in 0.039034 seconds
Number of updated asset objects reloaded before import = 0
Number of asset objects unloaded after import = 2
========================================================================
Received Import Request.
  Time since last request: 0.000085 seconds.
  path: Assets/Models/Antique_Pack/Chairs/Textures/AntiqueChair_02_01_Albedo.png
  artifactKey: Guid(b7506a709f1f701499f59825a1e7c964) Importer(815301076,1909f56bfc062723c751e8b465ee728b)
Start importing Assets/Models/Antique_Pack/Chairs/Textures/AntiqueChair_02_01_Albedo.png using Guid(b7506a709f1f701499f59825a1e7c964) Importer(815301076,1909f56bfc062723c751e8b465ee728b)  -> (artifact id: '81ee7810429441d5e07e1451780b6884') in 0.098410 seconds
Number of updated asset objects reloaded before import = 0
Number of asset objects unloaded after import = 2
========================================================================
Received Import Request.
  Time since last request: 0.000047 seconds.
  path: Assets/Models/Antique_Pack/Chairs/Textures/AntiqueChair_02_03_Albedo.png
  artifactKey: Guid(63617bdf424e807439b1046238fbad82) Importer(815301076,1909f56bfc062723c751e8b465ee728b)
Start importing Assets/Models/Antique_Pack/Chairs/Textures/AntiqueChair_02_03_Albedo.png using Guid(63617bdf424e807439b1046238fbad82) Importer(815301076,1909f56bfc062723c751e8b465ee728b)  -> (artifact id: '601ee6fc0d51e86dd45d5e391ac8aa3f') in 0.058289 seconds
Number of updated asset objects reloaded before import = 0
Number of asset objects unloaded after import = 2
========================================================================
Received Import Request.
  Time since last request: 0.000036 seconds.
  path: Assets/Models/Antique_Pack/Chairs/Textures/AntiqueChair_02_03_Normal.png
  artifactKey: Guid(bf02b303b171eb4438b1020760f93ead) Importer(815301076,1909f56bfc062723c751e8b465ee728b)
Start importing Assets/Models/Antique_Pack/Chairs/Textures/AntiqueChair_02_03_Normal.png using Guid(bf02b303b171eb4438b1020760f93ead) Importer(815301076,1909f56bfc062723c751e8b465ee728b)  -> (artifact id: '120d01fa9cc164eca1cd6d8b339422e7') in 0.078005 seconds
Number of updated asset objects reloaded before import = 0
Number of asset objects unloaded after import = 2
Editor requested this worker to shutdown with reason: Scaling down because of idle timeout
TcpMessagingSession - receive error: operation aborted. errorcode: 995, details: The I/O operation has been aborted because of either a thread exit or an application request.
AssetImportWorker is now disconnected from the server
Process exiting
Exiting without the bug reporter. Application will terminate with return code 0