Using pre-set license
Built from '2022.3/staging' branch; Version is '2022.3.8f1 (b5eafc012955) revision 11922172'; Using compiler version '192829333'; Build Type 'Release'
OS: 'Windows 11  (10.0.26100) 64bit Professional' Language: 'en' Physical Memory: 8001 MB
BatchMode: 1, IsHumanControllingUs: 0, StartBugReporterOnCrash: 0, Is64bit: 1, IsPro: 1

COMMAND LINE ARGUMENTS:
C:\Users\tiago.freitas\Documents\2022.3.8f1\Editor\Unity.exe
-adb2
-batchMode
-noUpm
-name
AssetImportWorker9
-projectPath
C:/Users/tiago.freitas/Documents/Escape/Escape-The-Maze-Tiago
-logFile
Logs/AssetImportWorker9.log
-srvPort
60547
Successfully changed project path to: C:/Users/tiago.freitas/Documents/Escape/Escape-The-Maze-Tiago
C:/Users/tiago.freitas/Documents/Escape/Escape-The-Maze-Tiago
[UnityMemory] Configuration Parameters - Can be set up in boot.config
    "memorysetup-bucket-allocator-granularity=16"
    "memorysetup-bucket-allocator-bucket-count=8"
    "memorysetup-bucket-allocator-block-size=33554432"
    "memorysetup-bucket-allocator-block-count=8"
    "memorysetup-main-allocator-block-size=16777216"
    "memorysetup-thread-allocator-block-size=16777216"
    "memorysetup-gfx-main-allocator-block-size=16777216"
    "memorysetup-gfx-thread-allocator-block-size=16777216"
    "memorysetup-cache-allocator-block-size=4194304"
    "memorysetup-typetree-allocator-block-size=2097152"
    "memorysetup-profiler-bucket-allocator-granularity=16"
    "memorysetup-profiler-bucket-allocator-bucket-count=8"
    "memorysetup-profiler-bucket-allocator-block-size=33554432"
    "memorysetup-profiler-bucket-allocator-block-count=8"
    "memorysetup-profiler-allocator-block-size=16777216"
    "memorysetup-profiler-editor-allocator-block-size=1048576"
    "memorysetup-temp-allocator-size-main=16777216"
    "memorysetup-job-temp-allocator-block-size=2097152"
    "memorysetup-job-temp-allocator-block-size-background=1048576"
    "memorysetup-job-temp-allocator-reduction-small-platforms=262144"
    "memorysetup-allocator-temp-initial-block-size-main=262144"
    "memorysetup-allocator-temp-initial-block-size-worker=262144"
    "memorysetup-temp-allocator-size-background-worker=32768"
    "memorysetup-temp-allocator-size-job-worker=262144"
    "memorysetup-temp-allocator-size-preload-manager=33554432"
    "memorysetup-temp-allocator-size-nav-mesh-worker=65536"
    "memorysetup-temp-allocator-size-audio-worker=65536"
    "memorysetup-temp-allocator-size-cloud-worker=32768"
    "memorysetup-temp-allocator-size-gi-baking-worker=262144"
    "memorysetup-temp-allocator-size-gfx=262144"
Player connection [6420] Host "[IP] 10.11.10.116 [Port] 0 [Flags] 2 [Guid] 4280202798 [EditorId] 4280202798 [Version] 1048832 [Id] WindowsEditor(7,DEV006) [Debug] 1 [PackageName] WindowsEditor [ProjectName] Editor" joined multi-casting on [225.0.0.222:54997]...

Player connection [6420] Host "[IP] 10.11.10.116 [Port] 0 [Flags] 2 [Guid] 4280202798 [EditorId] 4280202798 [Version] 1048832 [Id] WindowsEditor(7,DEV006) [Debug] 1 [PackageName] WindowsEditor [ProjectName] Editor" joined alternative multi-casting on [225.0.0.222:34997]...

[Physics::Module] Initialized MultithreadedJobDispatcher with 5 workers.
Refreshing native plugins compatible for Editor in 95.99 ms, found 8 plugins.
Preloading 0 native plugins for Editor in 0.00 ms.
Initialize engine version: 2022.3.8f1 (b5eafc012955)
[Subsystems] Discovering subsystems at path C:/Users/tiago.freitas/Documents/2022.3.8f1/Editor/Data/Resources/UnitySubsystems
[Subsystems] Discovering subsystems at path C:/Users/tiago.freitas/Documents/Escape/Escape-The-Maze-Tiago/Assets
GfxDevice: creating device client; threaded=0; jobified=0
Direct3D:
    Version:  Direct3D 11.0 [level 11.1]
    Renderer: Intel(R) UHD Graphics 630 (ID=0x3e92)
    Vendor:   Intel
    VRAM:     4000 MB
    Driver:   31.0.101.2130
Initialize mono
Mono path[0] = 'C:/Users/tiago.freitas/Documents/2022.3.8f1/Editor/Data/Managed'
Mono path[1] = 'C:/Users/tiago.freitas/Documents/2022.3.8f1/Editor/Data/MonoBleedingEdge/lib/mono/unityjit-win32'
Mono config path = 'C:/Users/tiago.freitas/Documents/2022.3.8f1/Editor/Data/MonoBleedingEdge/etc'
Using monoOptions --debugger-agent=transport=dt_socket,embedding=1,server=y,suspend=n,address=127.0.0.1:56316
Begin MonoManager ReloadAssembly
Registering precompiled unity dll's ...
Register platform support module: C:/Users/tiago.freitas/Documents/2022.3.8f1/Editor/Data/PlaybackEngines/WindowsStandaloneSupport/UnityEditor.WindowsStandalone.Extensions.dll
Registered in 0.030193 seconds.
- Loaded All Assemblies, in  1.544 seconds
Native extension for WindowsStandalone target not found
Mono: successfully reloaded assembly
- Finished resetting the current domain, in  0.829 seconds
Domain Reload Profiling: 2362ms
	BeginReloadAssembly (499ms)
		ExecutionOrderSort (0ms)
		DisableScriptedObjects (0ms)
		BackupInstance (0ms)
		ReleaseScriptingObjects (0ms)
		CreateAndSetChildDomain (10ms)
	RebuildCommonClasses (209ms)
	RebuildNativeTypeToScriptingClass (27ms)
	initialDomainReloadingComplete (232ms)
	LoadAllAssembliesAndSetupDomain (564ms)
		LoadAssemblies (481ms)
		RebuildTransferFunctionScriptingTraits (0ms)
		AnalyzeDomain (554ms)
			TypeCache.Refresh (549ms)
				TypeCache.ScanAssembly (500ms)
			ScanForSourceGeneratedMonoScriptInfo (1ms)
			ResolveRequiredComponents (2ms)
	FinalizeReload (831ms)
		ReleaseScriptCaches (0ms)
		RebuildScriptCaches (0ms)
		SetupLoadedEditorAssemblies (668ms)
			LogAssemblyErrors (0ms)
			InitializePlatformSupportModulesInManaged (33ms)
			SetLoadedEditorAssemblies (27ms)
			RefreshPlugins (0ms)
			BeforeProcessingInitializeOnLoad (8ms)
			ProcessInitializeOnLoadAttributes (482ms)
			ProcessInitializeOnLoadMethodAttributes (117ms)
			AfterProcessingInitializeOnLoad (0ms)
			EditorAssembliesLoaded (1ms)
		ExecutionOrderSort2 (0ms)
		AwakeInstancesAfterBackupRestoration (0ms)
========================================================================
Worker process is ready to serve import requests
Begin MonoManager ReloadAssembly
- Loaded All Assemblies, in  1.124 seconds
Refreshing native plugins compatible for Editor in 24.53 ms, found 8 plugins.
Native extension for WindowsStandalone target not found
Package Manager log level set to [2]
[Package Manager] Server::EnsureServerProcessIsRunning -- launch failed, reason: Unity was launched with the -noUpm command-line argument
[Package Manager] UpmClient::Send -- Unable to send message (not connected to UPM process).
[Package Manager] Cannot connect to Unity Package Manager local server
[Package Manager] Server::EnsureServerProcessIsRunning -- launch failed, reason: Unity was launched with the -noUpm command-line argument
[Package Manager] UpmClient::Send -- Unable to send message (not connected to UPM process).
[Package Manager] Cannot connect to Unity Package Manager local server
Mono: successfully reloaded assembly
[Package Manager] Server::EnsureServerProcessIsRunning -- launch failed, reason: Unity was launched with the -noUpm command-line argument
[Package Manager] UpmClient::Send -- Unable to send message (not connected to UPM process).
[Package Manager] Cannot connect to Unity Package Manager local server
[Package Manager] Server::EnsureServerProcessIsRunning -- launch failed, reason: Unity was launched with the -noUpm command-line argument
[Package Manager] UpmClient::Send -- Unable to send message (not connected to UPM process).
[Package Manager] Cannot connect to Unity Package Manager local server
- Finished resetting the current domain, in  1.045 seconds
Domain Reload Profiling: 2140ms
	BeginReloadAssembly (215ms)
		ExecutionOrderSort (0ms)
		DisableScriptedObjects (7ms)
		BackupInstance (0ms)
		ReleaseScriptingObjects (0ms)
		CreateAndSetChildDomain (32ms)
	RebuildCommonClasses (43ms)
	RebuildNativeTypeToScriptingClass (13ms)
	initialDomainReloadingComplete (59ms)
	LoadAllAssembliesAndSetupDomain (763ms)
		LoadAssemblies (613ms)
		RebuildTransferFunctionScriptingTraits (0ms)
		AnalyzeDomain (270ms)
			TypeCache.Refresh (232ms)
				TypeCache.ScanAssembly (202ms)
			ScanForSourceGeneratedMonoScriptInfo (27ms)
			ResolveRequiredComponents (8ms)
	FinalizeReload (1046ms)
		ReleaseScriptCaches (0ms)
		RebuildScriptCaches (0ms)
		SetupLoadedEditorAssemblies (797ms)
			LogAssemblyErrors (0ms)
			InitializePlatformSupportModulesInManaged (12ms)
			SetLoadedEditorAssemblies (8ms)
			RefreshPlugins (0ms)
			BeforeProcessingInitializeOnLoad (138ms)
			ProcessInitializeOnLoadAttributes (554ms)
			ProcessInitializeOnLoadMethodAttributes (69ms)
			AfterProcessingInitializeOnLoad (16ms)
			EditorAssembliesLoaded (0ms)
		ExecutionOrderSort2 (0ms)
		AwakeInstancesAfterBackupRestoration (30ms)
Launched and connected shader compiler UnityShaderCompiler.exe after 0.19 seconds
Refreshing native plugins compatible for Editor in 21.87 ms, found 8 plugins.
Preloading 0 native plugins for Editor in 0.00 ms.
Unloading 3043 Unused Serialized files (Serialized files now loaded: 0)
Unloading 78 unused Assets / (1.3 MB). Loaded Objects now: 3514.
Memory consumption went from 135.3 MB to 134.0 MB.
Total: 7.564300 ms (FindLiveObjects: 0.326200 ms CreateObjectMapping: 0.223900 ms MarkObjects: 6.119000 ms  DeleteObjects: 0.893700 ms)

AssetImportParameters requested are different than current active one (requested -> active):
  custom:video-decoder-webm-vp8: 9c59270c3fd7afecdb556c50c9e8de78 -> 
  custom:SearchIndexIgnoredProperties: e643bd26f0fe6173181afceb89e7c659 -> 
  custom:container-demuxer-ogg: 62fdf1f143b41e24485cea50d1cbac27 -> 
  custom:AudioImporter_EditorPlatform: d09bf68614088b80899f8185d706f6e7 -> 
  custom:video-codec-MediaFoundation-h265: 746d11721c4dcdbdad8f713fa42b33f4 -> 
  custom:video-decoder-ogg-theora: a1e56fd34408186e4bbccfd4996cb3dc -> 
  custom:framework-win-MediaFoundation: 216162199b28c13a410421893ffa2e32 -> 
  custom:video-encoder-webm-vp8: eb34c28f22e8b96e1ab97ce403110664 -> 
  custom:audio-decoder-ogg-vorbis: bf7c407c2cedff20999df2af8eb42d56 -> 
  custom:CustomObjectIndexerAttribute: 756ad292c208cfabdd7b50bc23989ffe -> 
  custom:container-demuxer-webm: 4f35f7cbe854078d1ac9338744f61a02 -> 
  custom:audio-encoder-webm-vorbis: bf7c407c2cedff20999df2af8eb42d56 -> 
  custom:container-muxer-webm: aa71ff27fc2769a1b78a27578f13a17b -> 
========================================================================
Received Import Request.
  Time since last request: 1699969.165952 seconds.
  path: Assets/Abandoned_Asylum/Textures/CurtainsMedic_Normal.png
  artifactKey: Guid(c44b1058722f72841aae08dfefd508c6) Importer(815301076,1909f56bfc062723c751e8b465ee728b)
Start importing Assets/Abandoned_Asylum/Textures/CurtainsMedic_Normal.png using Guid(c44b1058722f72841aae08dfefd508c6) Importer(815301076,1909f56bfc062723c751e8b465ee728b)  -> (artifact id: 'a570a52981c98d2cf978e5da1cd17e1d') in 0.286376 seconds
Number of updated asset objects reloaded before import = 0
Number of asset objects unloaded after import = 2
========================================================================
Received Import Request.
  Time since last request: 0.000058 seconds.
  path: Assets/Models/Papers_Pack/PaperPhoto/Textures/darkmagic_pic.jpg
  artifactKey: Guid(7352b5457f5f14b41b1d294cb3744733) Importer(815301076,1909f56bfc062723c751e8b465ee728b)
Start importing Assets/Models/Papers_Pack/PaperPhoto/Textures/darkmagic_pic.jpg using Guid(7352b5457f5f14b41b1d294cb3744733) Importer(815301076,1909f56bfc062723c751e8b465ee728b)  -> (artifact id: 'accd1d91f32af37ca408082d79afb2bc') in 0.085940 seconds
Number of updated asset objects reloaded before import = 0
Number of asset objects unloaded after import = 2
========================================================================
Received Import Request.
  Time since last request: 0.000082 seconds.
  path: Assets/Models/Papers_Pack/PaperA4/Textures/DairyPage.jpg
  artifactKey: Guid(8d584a55cc7bd6f4785117c825cab73b) Importer(815301076,1909f56bfc062723c751e8b465ee728b)
Start importing Assets/Models/Papers_Pack/PaperA4/Textures/DairyPage.jpg using Guid(8d584a55cc7bd6f4785117c825cab73b) Importer(815301076,1909f56bfc062723c751e8b465ee728b)  -> (artifact id: 'ffce0e990793981b0217fda7e03585ec') in 0.055082 seconds
Number of updated asset objects reloaded before import = 0
Number of asset objects unloaded after import = 2
========================================================================
Received Import Request.
  Time since last request: 0.000085 seconds.
  path: Assets/Models/Papers_Pack/PaperA4/Textures/DairyPage2.jpg
  artifactKey: Guid(29ae8cddfc89b744fa45e697d5001fe5) Importer(815301076,1909f56bfc062723c751e8b465ee728b)
Start importing Assets/Models/Papers_Pack/PaperA4/Textures/DairyPage2.jpg using Guid(29ae8cddfc89b744fa45e697d5001fe5) Importer(815301076,1909f56bfc062723c751e8b465ee728b)  -> (artifact id: 'bba29a50226be2eec632cc7ad0ccfa24') in 0.067284 seconds
Number of updated asset objects reloaded before import = 0
Number of asset objects unloaded after import = 2
========================================================================
Received Import Request.
  Time since last request: 30.309869 seconds.
  path: Assets/Abandoned_Asylum/Textures/GR_Glass_Normal.png
  artifactKey: Guid(8cf7b9dcf531da647b55b861aabc6229) Importer(815301076,1909f56bfc062723c751e8b465ee728b)
Start importing Assets/Abandoned_Asylum/Textures/GR_Glass_Normal.png using Guid(8cf7b9dcf531da647b55b861aabc6229) Importer(815301076,1909f56bfc062723c751e8b465ee728b)  -> (artifact id: 'ac3328119ae8a955ae9f6bc63e07bf4f') in 0.115309 seconds
Number of updated asset objects reloaded before import = 0
Number of asset objects unloaded after import = 2
========================================================================
Received Import Request.
  Time since last request: 0.000073 seconds.
  path: Assets/TextMesh Pro/Examples & Extras/Textures/Gradient Vertical (Color).jpg
  artifactKey: Guid(03d0538de6e24c0f819bfc9ce084dfa9) Importer(815301076,1909f56bfc062723c751e8b465ee728b)
Start importing Assets/TextMesh Pro/Examples & Extras/Textures/Gradient Vertical (Color).jpg using Guid(03d0538de6e24c0f819bfc9ce084dfa9) Importer(815301076,1909f56bfc062723c751e8b465ee728b)  -> (artifact id: '2768f24fffa4904a0bb4c3f2f0269300') in 0.071489 seconds
Number of updated asset objects reloaded before import = 0
Number of asset objects unloaded after import = 2
========================================================================
Received Import Request.
  Time since last request: 0.000043 seconds.
  path: Assets/Materials/Floor/Ground_Leaves/Ground_Leaves_NM.png
  artifactKey: Guid(a23c125b9b55d29409b7dd662c1ce6f8) Importer(815301076,1909f56bfc062723c751e8b465ee728b)
Start importing Assets/Materials/Floor/Ground_Leaves/Ground_Leaves_NM.png using Guid(a23c125b9b55d29409b7dd662c1ce6f8) Importer(815301076,1909f56bfc062723c751e8b465ee728b)  -> (artifact id: '5a174381986b5d92a263be94505e7b63') in 0.076685 seconds
Number of updated asset objects reloaded before import = 0
Number of asset objects unloaded after import = 2
========================================================================
Received Import Request.
  Time since last request: 31.456459 seconds.
  path: Assets/Models/Furniture/Materials/Hall/Hall_Floor/Materials/Hall_Floor_BASE.png
  artifactKey: Guid(6ce256ec1d3cb0f43a55602d69ab23f1) Importer(815301076,1909f56bfc062723c751e8b465ee728b)
Start importing Assets/Models/Furniture/Materials/Hall/Hall_Floor/Materials/Hall_Floor_BASE.png using Guid(6ce256ec1d3cb0f43a55602d69ab23f1) Importer(815301076,1909f56bfc062723c751e8b465ee728b)  -> (artifact id: '270ce62ba52518b6c92260d2a35dd177') in 0.117277 seconds
Number of updated asset objects reloaded before import = 0
Number of asset objects unloaded after import = 2
========================================================================
Received Import Request.
  Time since last request: 0.000036 seconds.
  path: Assets/Models/Furniture/Materials/Hall/Hall_Floor/Materials/Hall_Floor_HEI.png
  artifactKey: Guid(13bffb824b9154046bfa58de9c25b630) Importer(815301076,1909f56bfc062723c751e8b465ee728b)
Start importing Assets/Models/Furniture/Materials/Hall/Hall_Floor/Materials/Hall_Floor_HEI.png using Guid(13bffb824b9154046bfa58de9c25b630) Importer(815301076,1909f56bfc062723c751e8b465ee728b)  -> (artifact id: '45fc34f2f06c1bd47c91da2bde7f4072') in 0.063103 seconds
Number of updated asset objects reloaded before import = 0
Number of asset objects unloaded after import = 2
========================================================================
Received Import Request.
  Time since last request: 0.000040 seconds.
  path: Assets/Models/Furniture/Materials/Hall/Hall_Floor/Materials/Hall_Floor_NM.png
  artifactKey: Guid(c7aae8fe91a45d846b2c41bfa5271fd9) Importer(815301076,1909f56bfc062723c751e8b465ee728b)
Start importing Assets/Models/Furniture/Materials/Hall/Hall_Floor/Materials/Hall_Floor_NM.png using Guid(c7aae8fe91a45d846b2c41bfa5271fd9) Importer(815301076,1909f56bfc062723c751e8b465ee728b)  -> (artifact id: '9e3e812ee1dd34d96318621c7ea9ea61') in 0.035614 seconds
Number of updated asset objects reloaded before import = 0
Number of asset objects unloaded after import = 2
========================================================================
Received Import Request.
  Time since last request: 43.409344 seconds.
  path: Assets/Models/Furniture/Materials/Hall/Furniture/Hall_Furniture_Set_4/Materials/Hall_Furniture_Set_4_BASE.png
  artifactKey: Guid(e4c0fc179a32c3b4a819108595d3cbe2) Importer(815301076,1909f56bfc062723c751e8b465ee728b)
Start importing Assets/Models/Furniture/Materials/Hall/Furniture/Hall_Furniture_Set_4/Materials/Hall_Furniture_Set_4_BASE.png using Guid(e4c0fc179a32c3b4a819108595d3cbe2) Importer(815301076,1909f56bfc062723c751e8b465ee728b)  -> (artifact id: '6b7b306e419c6f014b62f6f66554ecc9') in 0.073268 seconds
Number of updated asset objects reloaded before import = 0
Number of asset objects unloaded after import = 2
========================================================================
Received Import Request.
  Time since last request: 30.596262 seconds.
  path: Assets/Abandoned_Asylum/Textures/MainDoor_Normal.png
  artifactKey: Guid(e05ff795805619f48bfd8978082407eb) Importer(815301076,1909f56bfc062723c751e8b465ee728b)
Start importing Assets/Abandoned_Asylum/Textures/MainDoor_Normal.png using Guid(e05ff795805619f48bfd8978082407eb) Importer(815301076,1909f56bfc062723c751e8b465ee728b)  -> (artifact id: '858a89e1afb23e10623dcb4664ec6ea3') in 0.096093 seconds
Number of updated asset objects reloaded before import = 0
Number of asset objects unloaded after import = 2
========================================================================
Received Import Request.
  Time since last request: 0.000045 seconds.
  path: Assets/Abandoned_Asylum/Textures/Map1stFloor_Normal.png
  artifactKey: Guid(8ffdcd9ee2ed1b04d8d6f6949af041ca) Importer(815301076,1909f56bfc062723c751e8b465ee728b)
Start importing Assets/Abandoned_Asylum/Textures/Map1stFloor_Normal.png using Guid(8ffdcd9ee2ed1b04d8d6f6949af041ca) Importer(815301076,1909f56bfc062723c751e8b465ee728b)  -> (artifact id: '5b23e360d5f8ab105368ade5692ed21f') in 0.069870 seconds
Number of updated asset objects reloaded before import = 0
Number of asset objects unloaded after import = 2
========================================================================
Received Import Request.
  Time since last request: 0.000033 seconds.
  path: Assets/TextMesh Pro/Examples & Extras/Textures/Mask Zig-n-Zag.psd
  artifactKey: Guid(bb8dfcd263ad4eb383a33d74a720be6f) Importer(815301076,1909f56bfc062723c751e8b465ee728b)
Start importing Assets/TextMesh Pro/Examples & Extras/Textures/Mask Zig-n-Zag.psd using Guid(bb8dfcd263ad4eb383a33d74a720be6f) Importer(815301076,1909f56bfc062723c751e8b465ee728b)  -> (artifact id: '4b6a5758dfe8910ef4f09bdc39dd9734') in 0.078876 seconds
Number of updated asset objects reloaded before import = 0
Number of asset objects unloaded after import = 2
========================================================================
Received Import Request.
  Time since last request: 0.000725 seconds.
  path: Assets/Abandoned_Asylum/Textures/Map1stFloor_Albedo.png
  artifactKey: Guid(e1efa34d166df1441b3eec15582cd39c) Importer(815301076,1909f56bfc062723c751e8b465ee728b)
Start importing Assets/Abandoned_Asylum/Textures/Map1stFloor_Albedo.png using Guid(e1efa34d166df1441b3eec15582cd39c) Importer(815301076,1909f56bfc062723c751e8b465ee728b)  -> (artifact id: '0954ec3810f3cf1a029595ed57a8b463') in 0.107415 seconds
Number of updated asset objects reloaded before import = 0
Number of asset objects unloaded after import = 2
========================================================================
Received Import Request.
  Time since last request: 0.000853 seconds.
  path: Assets/Abandoned_Asylum/Textures/MapGround_MetallicSmoothness.png
  artifactKey: Guid(de5bb31b4a572c04d88e8501974b9eea) Importer(815301076,1909f56bfc062723c751e8b465ee728b)
Start importing Assets/Abandoned_Asylum/Textures/MapGround_MetallicSmoothness.png using Guid(de5bb31b4a572c04d88e8501974b9eea) Importer(815301076,1909f56bfc062723c751e8b465ee728b)  -> (artifact id: '05042bf642559d7553b8435f1b8017e0') in 0.100874 seconds
Number of updated asset objects reloaded before import = 0
Number of asset objects unloaded after import = 2
========================================================================
Received Import Request.
  Time since last request: 14.911702 seconds.
  path: Assets/Abandoned_Asylum/Textures/GR_Frame_Normal.png
  artifactKey: Guid(8b4ec89959dd0ff46923253944149dfc) Importer(815301076,1909f56bfc062723c751e8b465ee728b)
Start importing Assets/Abandoned_Asylum/Textures/GR_Frame_Normal.png using Guid(8b4ec89959dd0ff46923253944149dfc) Importer(815301076,1909f56bfc062723c751e8b465ee728b)  -> (artifact id: 'ef8757469079dc589bbd0f3f94127b30') in 0.087557 seconds
Number of updated asset objects reloaded before import = 0
Number of asset objects unloaded after import = 2
========================================================================
Received Import Request.
  Time since last request: 0.000064 seconds.
  path: Assets/Models/Pictures_Pack/GoldFrame/Textures/GoldFrame_Albedo.png
  artifactKey: Guid(9c69f2d898d2cfd499df36de4122bcd7) Importer(815301076,1909f56bfc062723c751e8b465ee728b)
Start importing Assets/Models/Pictures_Pack/GoldFrame/Textures/GoldFrame_Albedo.png using Guid(9c69f2d898d2cfd499df36de4122bcd7) Importer(815301076,1909f56bfc062723c751e8b465ee728b)  -> (artifact id: '98717a9e5bb1229687d2abb5e20f5ef3') in 0.085561 seconds
Number of updated asset objects reloaded before import = 0
Number of asset objects unloaded after import = 2
========================================================================
Received Import Request.
  Time since last request: 0.114197 seconds.
  path: Assets/Models/Furniture/Common/Statues_Goddes/Materials/Goddes_Buste_B_IN&OUT_AO.png
  artifactKey: Guid(96f15ad4c6621a349a45e7b82733477c) Importer(815301076,1909f56bfc062723c751e8b465ee728b)
Start importing Assets/Models/Furniture/Common/Statues_Goddes/Materials/Goddes_Buste_B_IN&OUT_AO.png using Guid(96f15ad4c6621a349a45e7b82733477c) Importer(815301076,1909f56bfc062723c751e8b465ee728b)  -> (artifact id: '2612d2ee7b6f74ef1242f934fa7a7605') in 0.074439 seconds
Number of updated asset objects reloaded before import = 0
Number of asset objects unloaded after import = 2
========================================================================
Received Import Request.
  Time since last request: 0.000039 seconds.
  path: Assets/Models/Furniture/Common/Statues_Goddes/Materials/Goddes_Buste_B_IN_NM.png
  artifactKey: Guid(322e9ecc9e5bc044e9d689638c6fcb49) Importer(815301076,1909f56bfc062723c751e8b465ee728b)
Start importing Assets/Models/Furniture/Common/Statues_Goddes/Materials/Goddes_Buste_B_IN_NM.png using Guid(322e9ecc9e5bc044e9d689638c6fcb49) Importer(815301076,1909f56bfc062723c751e8b465ee728b)  -> (artifact id: 'd71ce45028a158de153eb03a8f732821') in 0.101989 seconds
Number of updated asset objects reloaded before import = 0
Number of asset objects unloaded after import = 2
========================================================================
Received Import Request.
  Time since last request: 0.476905 seconds.
  path: Assets/Materials/PersianRug/PersianRug_02.png
  artifactKey: Guid(af3cdaa8e4a74634186b47a37d890024) Importer(815301076,1909f56bfc062723c751e8b465ee728b)
Start importing Assets/Materials/PersianRug/PersianRug_02.png using Guid(af3cdaa8e4a74634186b47a37d890024) Importer(815301076,1909f56bfc062723c751e8b465ee728b)  -> (artifact id: '21171bcb3c87096621977c55b90ad5d6') in 0.044135 seconds
Number of updated asset objects reloaded before import = 0
Number of asset objects unloaded after import = 2
========================================================================
Received Import Request.
  Time since last request: 0.004414 seconds.
  path: Assets/Models/Plant/Plant01/Textures/plant01_leaf_25.png
  artifactKey: Guid(591616b88c787b842ade75d5fad2efa7) Importer(815301076,1909f56bfc062723c751e8b465ee728b)
Start importing Assets/Models/Plant/Plant01/Textures/plant01_leaf_25.png using Guid(591616b88c787b842ade75d5fad2efa7) Importer(815301076,1909f56bfc062723c751e8b465ee728b)  -> (artifact id: 'ade61253f985bdb87c1dbcb4dd94742d') in 0.083125 seconds
Number of updated asset objects reloaded before import = 0
Number of asset objects unloaded after import = 2
========================================================================
Received Import Request.
  Time since last request: 0.000041 seconds.
  path: Assets/Models/Plant/Plant01/Textures/plant01_dirt_1.png
  artifactKey: Guid(9f4d028017a7b354f8deabd76fbf3940) Importer(815301076,1909f56bfc062723c751e8b465ee728b)
Start importing Assets/Models/Plant/Plant01/Textures/plant01_dirt_1.png using Guid(9f4d028017a7b354f8deabd76fbf3940) Importer(815301076,1909f56bfc062723c751e8b465ee728b)  -> (artifact id: '2e6f7eec44bceaf045bdea1076704303') in 0.090684 seconds
Number of updated asset objects reloaded before import = 0
Number of asset objects unloaded after import = 2
========================================================================
Received Import Request.
  Time since last request: 0.000075 seconds.
  path: Assets/Abandoned_Asylum/Textures/Pipe_MetallicSmoothness.png
  artifactKey: Guid(53325c0b5ad57494b9f3efa97fc3f73b) Importer(815301076,1909f56bfc062723c751e8b465ee728b)
Start importing Assets/Abandoned_Asylum/Textures/Pipe_MetallicSmoothness.png using Guid(53325c0b5ad57494b9f3efa97fc3f73b) Importer(815301076,1909f56bfc062723c751e8b465ee728b)  -> (artifact id: 'fa9e84e1ec744c2875e10b2d29ca59b2') in 0.123346 seconds
Number of updated asset objects reloaded before import = 0
Number of asset objects unloaded after import = 2
========================================================================
Received Import Request.
  Time since last request: 0.000030 seconds.
  path: Assets/Models/Furniture/Common/Pictures/Materials/Pictures_NM.png
  artifactKey: Guid(ab1e2d2154eaa0048848814bcdc5e9c9) Importer(815301076,1909f56bfc062723c751e8b465ee728b)
Start importing Assets/Models/Furniture/Common/Pictures/Materials/Pictures_NM.png using Guid(ab1e2d2154eaa0048848814bcdc5e9c9) Importer(815301076,1909f56bfc062723c751e8b465ee728b)  -> (artifact id: 'a528d2dd61f678efd8cda4af195d5962') in 0.104599 seconds
Number of updated asset objects reloaded before import = 0
Number of asset objects unloaded after import = 2
========================================================================
Received Import Request.
  Time since last request: 0.000036 seconds.
  path: Assets/Abandoned_Asylum/Textures/Pipe_Normal.png
  artifactKey: Guid(d28e453841981b647be18a7bfe30e81c) Importer(815301076,1909f56bfc062723c751e8b465ee728b)
Start importing Assets/Abandoned_Asylum/Textures/Pipe_Normal.png using Guid(d28e453841981b647be18a7bfe30e81c) Importer(815301076,1909f56bfc062723c751e8b465ee728b)  -> (artifact id: 'fdddbe92848ffeaffd2710950b22ec0b') in 0.092978 seconds
Number of updated asset objects reloaded before import = 0
Number of asset objects unloaded after import = 2
========================================================================
Received Import Request.
  Time since last request: 135.683053 seconds.
  path: Assets/TextMesh Pro/Resources/Fonts & Materials/LiberationSans SDF - Fallback.asset
  artifactKey: Guid(2e498d1c8094910479dc3e1b768306a4) Importer(815301076,1909f56bfc062723c751e8b465ee728b)
Start importing Assets/TextMesh Pro/Resources/Fonts & Materials/LiberationSans SDF - Fallback.asset using Guid(2e498d1c8094910479dc3e1b768306a4) Importer(815301076,1909f56bfc062723c751e8b465ee728b)  -> (artifact id: 'dc685769aca6f57e70cf2c68a0db1a46') in 0.460700 seconds
Number of updated asset objects reloaded before import = 0
Number of asset objects unloaded after import = 6
========================================================================
Received Import Request.
  Time since last request: 0.000044 seconds.
  path: Assets/Models/Furniture/Common/Deco_A/Materials/Library_Deco_A_MET.png
  artifactKey: Guid(d54209c6de896a346aec3076fb14b66b) Importer(815301076,1909f56bfc062723c751e8b465ee728b)
Start importing Assets/Models/Furniture/Common/Deco_A/Materials/Library_Deco_A_MET.png using Guid(d54209c6de896a346aec3076fb14b66b) Importer(815301076,1909f56bfc062723c751e8b465ee728b)  -> (artifact id: '6b1c40d9c3573b5fe641276ddf1b2f9d') in 0.060096 seconds
Number of updated asset objects reloaded before import = 0
Number of asset objects unloaded after import = 2
========================================================================
Received Import Request.
  Time since last request: 0.000068 seconds.
  path: Assets/Models/Furniture/Common/Deco_A/Materials/Library_Deco_A_NM.png
  artifactKey: Guid(3a25aaa70070f3d459004aa351f59e27) Importer(815301076,1909f56bfc062723c751e8b465ee728b)
Start importing Assets/Models/Furniture/Common/Deco_A/Materials/Library_Deco_A_NM.png using Guid(3a25aaa70070f3d459004aa351f59e27) Importer(815301076,1909f56bfc062723c751e8b465ee728b)  -> (artifact id: '3161c7e3f695c7aac2b9517ab41f24cc') in 0.109585 seconds
Number of updated asset objects reloaded before import = 0
Number of asset objects unloaded after import = 2
========================================================================
Received Import Request.
  Time since last request: 0.000032 seconds.
  path: Assets/Abandoned_Asylum/Textures/SofaChair_MetallicSmoothness.png
  artifactKey: Guid(2c1787dd76211f549bbc72e67f7ac4b6) Importer(815301076,1909f56bfc062723c751e8b465ee728b)
Start importing Assets/Abandoned_Asylum/Textures/SofaChair_MetallicSmoothness.png using Guid(2c1787dd76211f549bbc72e67f7ac4b6) Importer(815301076,1909f56bfc062723c751e8b465ee728b)  -> (artifact id: '1de16a8f7648a7a43033b3678fd9e24c') in 0.101541 seconds
Number of updated asset objects reloaded before import = 0
Number of asset objects unloaded after import = 2
========================================================================
Received Import Request.
  Time since last request: 0.000028 seconds.
  path: Assets/Models/Furniture/Common/Deco_A/Materials/Library_Deco_A_BASE.png
  artifactKey: Guid(0406db0413158fa4c82c3771da546a01) Importer(815301076,1909f56bfc062723c751e8b465ee728b)
Start importing Assets/Models/Furniture/Common/Deco_A/Materials/Library_Deco_A_BASE.png using Guid(0406db0413158fa4c82c3771da546a01) Importer(815301076,1909f56bfc062723c751e8b465ee728b)  -> (artifact id: '7844293a84774d04a6d0907ce8ec79ca') in 0.075891 seconds
Number of updated asset objects reloaded before import = 0
Number of asset objects unloaded after import = 2
========================================================================
Received Import Request.
  Time since last request: 0.000067 seconds.
  path: Assets/Abandoned_Asylum/Textures/SofaChair_Albedo.png
  artifactKey: Guid(0530b24fafbc8624fb57392dbe972629) Importer(815301076,1909f56bfc062723c751e8b465ee728b)
Start importing Assets/Abandoned_Asylum/Textures/SofaChair_Albedo.png using Guid(0530b24fafbc8624fb57392dbe972629) Importer(815301076,1909f56bfc062723c751e8b465ee728b)  -> (artifact id: '749af4f34524186b619101510f73f7c5') in 0.093217 seconds
Number of updated asset objects reloaded before import = 0
Number of asset objects unloaded after import = 2
========================================================================
Received Import Request.
  Time since last request: 0.000395 seconds.
  path: Assets/Abandoned_Asylum/Textures/SofaChair_Normal.png
  artifactKey: Guid(17ee7bdf74dc60e4fbf8599262a5c432) Importer(815301076,1909f56bfc062723c751e8b465ee728b)
Start importing Assets/Abandoned_Asylum/Textures/SofaChair_Normal.png using Guid(17ee7bdf74dc60e4fbf8599262a5c432) Importer(815301076,1909f56bfc062723c751e8b465ee728b)  -> (artifact id: '1b4d6f3a8945cc2272d8a7abf4f0ae4e') in 0.084529 seconds
Number of updated asset objects reloaded before import = 0
Number of asset objects unloaded after import = 2
========================================================================
Received Import Request.
  Time since last request: 0.000035 seconds.
  path: Assets/Models/Furniture/Materials/Library/Furniture/Materials/Library_Furniture_AO.png
  artifactKey: Guid(97713c80b1430444a907b512feec4832) Importer(815301076,1909f56bfc062723c751e8b465ee728b)
Start importing Assets/Models/Furniture/Materials/Library/Furniture/Materials/Library_Furniture_AO.png using Guid(97713c80b1430444a907b512feec4832) Importer(815301076,1909f56bfc062723c751e8b465ee728b)  -> (artifact id: 'cf0bd3ce136f531d2aa14583ba8fbe66') in 0.067664 seconds
Number of updated asset objects reloaded before import = 0
Number of asset objects unloaded after import = 2
========================================================================
Received Import Request.
  Time since last request: 0.000030 seconds.
  path: Assets/Models/Furniture/Materials/Library/Furniture/Materials/Library_Furniture_BASE.png
  artifactKey: Guid(7258346ffe737b64391f3b6fb556537d) Importer(815301076,1909f56bfc062723c751e8b465ee728b)
Start importing Assets/Models/Furniture/Materials/Library/Furniture/Materials/Library_Furniture_BASE.png using Guid(7258346ffe737b64391f3b6fb556537d) Importer(815301076,1909f56bfc062723c751e8b465ee728b)  -> (artifact id: '5a016c1ca520ffccaac0b27a9ee41f56') in 0.087521 seconds
Number of updated asset objects reloaded before import = 0
Number of asset objects unloaded after import = 2
========================================================================
Received Import Request.
  Time since last request: 0.000056 seconds.
  path: Assets/Models/Furniture/Common/Deco_A/Materials/Library_Deco_A_AO.png
  artifactKey: Guid(cddd6534d0f221a4ebfa57d8a8339fc7) Importer(815301076,1909f56bfc062723c751e8b465ee728b)
Start importing Assets/Models/Furniture/Common/Deco_A/Materials/Library_Deco_A_AO.png using Guid(cddd6534d0f221a4ebfa57d8a8339fc7) Importer(815301076,1909f56bfc062723c751e8b465ee728b)  -> (artifact id: '964b2daa3c2890f92c2c50d68f5c310b') in 0.079732 seconds
Number of updated asset objects reloaded before import = 0
Number of asset objects unloaded after import = 2
Editor requested this worker to shutdown with reason: Scaling down because of idle timeout
TcpMessagingSession - receive error: operation aborted. errorcode: 995, details: The I/O operation has been aborted because of either a thread exit or an application request.
AssetImportWorker is now disconnected from the server
Process exiting
Exiting without the bug reporter. Application will terminate with return code 0