Using pre-set license
Built from '2022.3/staging' branch; Version is '2022.3.8f1 (b5eafc012955) revision 11922172'; Using compiler version '192829333'; Build Type 'Release'
OS: 'Windows 11  (10.0.26100) 64bit Professional' Language: 'en' Physical Memory: 8001 MB
BatchMode: 1, IsHumanControllingUs: 0, StartBugReporterOnCrash: 0, Is64bit: 1, IsPro: 1

COMMAND LINE ARGUMENTS:
C:\Users\tiago.freitas\Documents\2022.3.8f1\Editor\Unity.exe
-adb2
-batchMode
-noUpm
-name
AssetImportWorker1
-projectPath
C:/Users/tiago.freitas/Documents/Escape/Escape-The-Maze-Tiago
-logFile
Logs/AssetImportWorker1.log
-srvPort
60547
Successfully changed project path to: C:/Users/tiago.freitas/Documents/Escape/Escape-The-Maze-Tiago
C:/Users/tiago.freitas/Documents/Escape/Escape-The-Maze-Tiago
[UnityMemory] Configuration Parameters - Can be set up in boot.config
    "memorysetup-bucket-allocator-granularity=16"
    "memorysetup-bucket-allocator-bucket-count=8"
    "memorysetup-bucket-allocator-block-size=33554432"
    "memorysetup-bucket-allocator-block-count=8"
    "memorysetup-main-allocator-block-size=16777216"
    "memorysetup-thread-allocator-block-size=16777216"
    "memorysetup-gfx-main-allocator-block-size=16777216"
    "memorysetup-gfx-thread-allocator-block-size=16777216"
    "memorysetup-cache-allocator-block-size=4194304"
    "memorysetup-typetree-allocator-block-size=2097152"
    "memorysetup-profiler-bucket-allocator-granularity=16"
    "memorysetup-profiler-bucket-allocator-bucket-count=8"
    "memorysetup-profiler-bucket-allocator-block-size=33554432"
    "memorysetup-profiler-bucket-allocator-block-count=8"
    "memorysetup-profiler-allocator-block-size=16777216"
    "memorysetup-profiler-editor-allocator-block-size=1048576"
    "memorysetup-temp-allocator-size-main=16777216"
    "memorysetup-job-temp-allocator-block-size=2097152"
    "memorysetup-job-temp-allocator-block-size-background=1048576"
    "memorysetup-job-temp-allocator-reduction-small-platforms=262144"
    "memorysetup-allocator-temp-initial-block-size-main=262144"
    "memorysetup-allocator-temp-initial-block-size-worker=262144"
    "memorysetup-temp-allocator-size-background-worker=32768"
    "memorysetup-temp-allocator-size-job-worker=262144"
    "memorysetup-temp-allocator-size-preload-manager=33554432"
    "memorysetup-temp-allocator-size-nav-mesh-worker=65536"
    "memorysetup-temp-allocator-size-audio-worker=65536"
    "memorysetup-temp-allocator-size-cloud-worker=32768"
    "memorysetup-temp-allocator-size-gi-baking-worker=262144"
    "memorysetup-temp-allocator-size-gfx=262144"
Player connection [10348] Host "[IP] 10.11.10.116 [Port] 0 [Flags] 2 [Guid] 926961229 [EditorId] 926961229 [Version] 1048832 [Id] WindowsEditor(7,DEV006) [Debug] 1 [PackageName] WindowsEditor [ProjectName] Editor" joined multi-casting on [225.0.0.222:54997]...

Player connection [10348] Host "[IP] 10.11.10.116 [Port] 0 [Flags] 2 [Guid] 926961229 [EditorId] 926961229 [Version] 1048832 [Id] WindowsEditor(7,DEV006) [Debug] 1 [PackageName] WindowsEditor [ProjectName] Editor" joined alternative multi-casting on [225.0.0.222:34997]...

[Physics::Module] Initialized MultithreadedJobDispatcher with 5 workers.
Refreshing native plugins compatible for Editor in 76.48 ms, found 8 plugins.
Preloading 0 native plugins for Editor in 0.00 ms.
Initialize engine version: 2022.3.8f1 (b5eafc012955)
[Subsystems] Discovering subsystems at path C:/Users/tiago.freitas/Documents/2022.3.8f1/Editor/Data/Resources/UnitySubsystems
[Subsystems] Discovering subsystems at path C:/Users/tiago.freitas/Documents/Escape/Escape-The-Maze-Tiago/Assets
GfxDevice: creating device client; threaded=0; jobified=0
Direct3D:
    Version:  Direct3D 11.0 [level 11.1]
    Renderer: Intel(R) UHD Graphics 630 (ID=0x3e92)
    Vendor:   Intel
    VRAM:     4000 MB
    Driver:   31.0.101.2130
Initialize mono
Mono path[0] = 'C:/Users/tiago.freitas/Documents/2022.3.8f1/Editor/Data/Managed'
Mono path[1] = 'C:/Users/tiago.freitas/Documents/2022.3.8f1/Editor/Data/MonoBleedingEdge/lib/mono/unityjit-win32'
Mono config path = 'C:/Users/tiago.freitas/Documents/2022.3.8f1/Editor/Data/MonoBleedingEdge/etc'
Using monoOptions --debugger-agent=transport=dt_socket,embedding=1,server=y,suspend=n,address=127.0.0.1:56808
Begin MonoManager ReloadAssembly
Registering precompiled unity dll's ...
Register platform support module: C:/Users/tiago.freitas/Documents/2022.3.8f1/Editor/Data/PlaybackEngines/WindowsStandaloneSupport/UnityEditor.WindowsStandalone.Extensions.dll
Registered in 0.020534 seconds.
- Loaded All Assemblies, in  1.005 seconds
Native extension for WindowsStandalone target not found
Mono: successfully reloaded assembly
- Finished resetting the current domain, in  0.619 seconds
Domain Reload Profiling: 1619ms
	BeginReloadAssembly (396ms)
		ExecutionOrderSort (0ms)
		DisableScriptedObjects (0ms)
		BackupInstance (0ms)
		ReleaseScriptingObjects (0ms)
		CreateAndSetChildDomain (4ms)
	RebuildCommonClasses (84ms)
	RebuildNativeTypeToScriptingClass (22ms)
	initialDomainReloadingComplete (164ms)
	LoadAllAssembliesAndSetupDomain (332ms)
		LoadAssemblies (382ms)
		RebuildTransferFunctionScriptingTraits (0ms)
		AnalyzeDomain (327ms)
			TypeCache.Refresh (323ms)
				TypeCache.ScanAssembly (286ms)
			ScanForSourceGeneratedMonoScriptInfo (1ms)
			ResolveRequiredComponents (1ms)
	FinalizeReload (621ms)
		ReleaseScriptCaches (0ms)
		RebuildScriptCaches (0ms)
		SetupLoadedEditorAssemblies (473ms)
			LogAssemblyErrors (0ms)
			InitializePlatformSupportModulesInManaged (24ms)
			SetLoadedEditorAssemblies (15ms)
			RefreshPlugins (0ms)
			BeforeProcessingInitializeOnLoad (4ms)
			ProcessInitializeOnLoadAttributes (289ms)
			ProcessInitializeOnLoadMethodAttributes (140ms)
			AfterProcessingInitializeOnLoad (0ms)
			EditorAssembliesLoaded (1ms)
		ExecutionOrderSort2 (0ms)
		AwakeInstancesAfterBackupRestoration (0ms)
========================================================================
Worker process is ready to serve import requests
Begin MonoManager ReloadAssembly
- Loaded All Assemblies, in 18.795 seconds
Refreshing native plugins compatible for Editor in 1823.78 ms, found 8 plugins.
Native extension for WindowsStandalone target not found
Package Manager log level set to [2]
[Package Manager] Server::EnsureServerProcessIsRunning -- launch failed, reason: Unity was launched with the -noUpm command-line argument
[Package Manager] UpmClient::Send -- Unable to send message (not connected to UPM process).
[Package Manager] Cannot connect to Unity Package Manager local server
[Package Manager] Server::EnsureServerProcessIsRunning -- launch failed, reason: Unity was launched with the -noUpm command-line argument
[Package Manager] UpmClient::Send -- Unable to send message (not connected to UPM process).
[Package Manager] Cannot connect to Unity Package Manager local server
Mono: successfully reloaded assembly
[Package Manager] Server::EnsureServerProcessIsRunning -- launch failed, reason: Unity was launched with the -noUpm command-line argument
[Package Manager] UpmClient::Send -- Unable to send message (not connected to UPM process).
[Package Manager] Cannot connect to Unity Package Manager local server
[Package Manager] Server::EnsureServerProcessIsRunning -- launch failed, reason: Unity was launched with the -noUpm command-line argument
[Package Manager] UpmClient::Send -- Unable to send message (not connected to UPM process).
[Package Manager] Cannot connect to Unity Package Manager local server
- Finished resetting the current domain, in  9.598 seconds
Domain Reload Profiling: 28359ms
	BeginReloadAssembly (1976ms)
		ExecutionOrderSort (0ms)
		DisableScriptedObjects (135ms)
		BackupInstance (0ms)
		ReleaseScriptingObjects (0ms)
		CreateAndSetChildDomain (158ms)
	RebuildCommonClasses (217ms)
	RebuildNativeTypeToScriptingClass (2210ms)
	initialDomainReloadingComplete (816ms)
	LoadAllAssembliesAndSetupDomain (13538ms)
		LoadAssemblies (7910ms)
		RebuildTransferFunctionScriptingTraits (0ms)
		AnalyzeDomain (6723ms)
			TypeCache.Refresh (6411ms)
				TypeCache.ScanAssembly (6056ms)
			ScanForSourceGeneratedMonoScriptInfo (205ms)
			ResolveRequiredComponents (54ms)
	FinalizeReload (9602ms)
		ReleaseScriptCaches (0ms)
		RebuildScriptCaches (0ms)
		SetupLoadedEditorAssemblies (4750ms)
			LogAssemblyErrors (0ms)
			InitializePlatformSupportModulesInManaged (160ms)
			SetLoadedEditorAssemblies (85ms)
			RefreshPlugins (0ms)
			BeforeProcessingInitializeOnLoad (766ms)
			ProcessInitializeOnLoadAttributes (3492ms)
			ProcessInitializeOnLoadMethodAttributes (212ms)
			AfterProcessingInitializeOnLoad (36ms)
			EditorAssembliesLoaded (0ms)
		ExecutionOrderSort2 (0ms)
		AwakeInstancesAfterBackupRestoration (68ms)
Launched and connected shader compiler UnityShaderCompiler.exe after 0.35 seconds
Refreshing native plugins compatible for Editor in 53.26 ms, found 8 plugins.
Preloading 0 native plugins for Editor in 0.00 ms.
Unloading 3043 Unused Serialized files (Serialized files now loaded: 0)
Unloading 78 unused Assets / (1.3 MB). Loaded Objects now: 3514.
Memory consumption went from 135.3 MB to 134.0 MB.
Total: 22.594400 ms (FindLiveObjects: 0.777100 ms CreateObjectMapping: 0.590500 ms MarkObjects: 19.354500 ms  DeleteObjects: 1.870900 ms)

AssetImportParameters requested are different than current active one (requested -> active):
  custom:video-decoder-webm-vp8: 9c59270c3fd7afecdb556c50c9e8de78 -> 
  custom:SearchIndexIgnoredProperties: e643bd26f0fe6173181afceb89e7c659 -> 
  custom:container-demuxer-ogg: 62fdf1f143b41e24485cea50d1cbac27 -> 
  custom:AudioImporter_EditorPlatform: d09bf68614088b80899f8185d706f6e7 -> 
  custom:video-codec-MediaFoundation-h265: 746d11721c4dcdbdad8f713fa42b33f4 -> 
  custom:video-decoder-ogg-theora: a1e56fd34408186e4bbccfd4996cb3dc -> 
  custom:framework-win-MediaFoundation: 216162199b28c13a410421893ffa2e32 -> 
  custom:video-encoder-webm-vp8: eb34c28f22e8b96e1ab97ce403110664 -> 
  custom:audio-decoder-ogg-vorbis: bf7c407c2cedff20999df2af8eb42d56 -> 
  custom:CustomObjectIndexerAttribute: 756ad292c208cfabdd7b50bc23989ffe -> 
  custom:container-demuxer-webm: 4f35f7cbe854078d1ac9338744f61a02 -> 
  custom:audio-encoder-webm-vorbis: bf7c407c2cedff20999df2af8eb42d56 -> 
  custom:container-muxer-webm: aa71ff27fc2769a1b78a27578f13a17b -> 
========================================================================
Received Import Request.
  Time since last request: 1692280.120722 seconds.
  path: Assets/Scripts/ZombieChaseCopy.cs
  artifactKey: Guid(b1337833f21a5400494c7ed79f218a0a) Importer(815301076,1909f56bfc062723c751e8b465ee728b)
Start importing Assets/Scripts/ZombieChaseCopy.cs using Guid(b1337833f21a5400494c7ed79f218a0a) Importer(815301076,1909f56bfc062723c751e8b465ee728b)  -> (artifact id: 'c59979d469220e98c4e3fbf11e7378e9') in 0.062361 seconds
Number of updated asset objects reloaded before import = 0
Number of asset objects unloaded after import = 0
========================================================================
Received Prepare
Begin MonoManager ReloadAssembly
- Loaded All Assemblies, in  1.767 seconds
Refreshing native plugins compatible for Editor in 40.26 ms, found 8 plugins.
Native extension for WindowsStandalone target not found
[Package Manager] Server::EnsureServerProcessIsRunning -- launch failed, reason: Unity was launched with the -noUpm command-line argument
[Package Manager] UpmClient::Send -- Unable to send message (not connected to UPM process).
[Package Manager] Cannot connect to Unity Package Manager local server
[Package Manager] Server::EnsureServerProcessIsRunning -- launch failed, reason: Unity was launched with the -noUpm command-line argument
[Package Manager] UpmClient::Send -- Unable to send message (not connected to UPM process).
[Package Manager] Cannot connect to Unity Package Manager local server
Mono: successfully reloaded assembly
[Package Manager] Server::EnsureServerProcessIsRunning -- launch failed, reason: Unity was launched with the -noUpm command-line argument
[Package Manager] UpmClient::Send -- Unable to send message (not connected to UPM process).
[Package Manager] Cannot connect to Unity Package Manager local server
- Finished resetting the current domain, in  5.880 seconds
Domain Reload Profiling: 7637ms
	BeginReloadAssembly (606ms)
		ExecutionOrderSort (0ms)
		DisableScriptedObjects (23ms)
		BackupInstance (0ms)
		ReleaseScriptingObjects (2ms)
		CreateAndSetChildDomain (235ms)
	RebuildCommonClasses (57ms)
	RebuildNativeTypeToScriptingClass (15ms)
	initialDomainReloadingComplete (60ms)
	LoadAllAssembliesAndSetupDomain (1018ms)
		LoadAssemblies (1180ms)
		RebuildTransferFunctionScriptingTraits (0ms)
		AnalyzeDomain (61ms)
			TypeCache.Refresh (41ms)
				TypeCache.ScanAssembly (0ms)
			ScanForSourceGeneratedMonoScriptInfo (1ms)
			ResolveRequiredComponents (16ms)
	FinalizeReload (5881ms)
		ReleaseScriptCaches (0ms)
		RebuildScriptCaches (0ms)
		SetupLoadedEditorAssemblies (958ms)
			LogAssemblyErrors (0ms)
			InitializePlatformSupportModulesInManaged (34ms)
			SetLoadedEditorAssemblies (24ms)
			RefreshPlugins (0ms)
			BeforeProcessingInitializeOnLoad (260ms)
			ProcessInitializeOnLoadAttributes (543ms)
			ProcessInitializeOnLoadMethodAttributes (74ms)
			AfterProcessingInitializeOnLoad (23ms)
			EditorAssembliesLoaded (1ms)
		ExecutionOrderSort2 (0ms)
		AwakeInstancesAfterBackupRestoration (63ms)
Refreshing native plugins compatible for Editor in 53.19 ms, found 8 plugins.
Preloading 0 native plugins for Editor in 0.00 ms.
Unloading 2980 Unused Serialized files (Serialized files now loaded: 0)
Unloading 59 unused Assets / (1.3 MB). Loaded Objects now: 3518.
Memory consumption went from 121.6 MB to 120.3 MB.
Total: 15.084600 ms (FindLiveObjects: 0.759400 ms CreateObjectMapping: 1.031400 ms MarkObjects: 10.438700 ms  DeleteObjects: 2.851200 ms)

Prepare: number of updated asset objects reloaded= 0
AssetImportParameters requested are different than current active one (requested -> active):
  custom:video-decoder-webm-vp8: 9c59270c3fd7afecdb556c50c9e8de78 -> 
  custom:SearchIndexIgnoredProperties: e643bd26f0fe6173181afceb89e7c659 -> 
  custom:container-demuxer-ogg: 62fdf1f143b41e24485cea50d1cbac27 -> 
  custom:AudioImporter_EditorPlatform: d09bf68614088b80899f8185d706f6e7 -> 
  custom:video-codec-MediaFoundation-h265: 746d11721c4dcdbdad8f713fa42b33f4 -> 
  custom:video-decoder-ogg-theora: a1e56fd34408186e4bbccfd4996cb3dc -> 
  custom:framework-win-MediaFoundation: 216162199b28c13a410421893ffa2e32 -> 
  custom:video-encoder-webm-vp8: eb34c28f22e8b96e1ab97ce403110664 -> 
  custom:audio-decoder-ogg-vorbis: bf7c407c2cedff20999df2af8eb42d56 -> 
  custom:CustomObjectIndexerAttribute: 756ad292c208cfabdd7b50bc23989ffe -> 
  custom:container-demuxer-webm: 4f35f7cbe854078d1ac9338744f61a02 -> 
  custom:audio-encoder-webm-vorbis: bf7c407c2cedff20999df2af8eb42d56 -> 
  custom:container-muxer-webm: aa71ff27fc2769a1b78a27578f13a17b -> 
========================================================================
Received Import Request.
  Time since last request: 1361.242663 seconds.
  path: Assets/BloodDecalsAndEffects/BloodAnimals/Textures/AnimalPaws_Cutout.png
  artifactKey: Guid(ebe36b60dd7d080489c3b09df5835679) Importer(815301076,1909f56bfc062723c751e8b465ee728b)
Start importing Assets/BloodDecalsAndEffects/BloodAnimals/Textures/AnimalPaws_Cutout.png using Guid(ebe36b60dd7d080489c3b09df5835679) Importer(815301076,1909f56bfc062723c751e8b465ee728b)  -> (artifact id: '4dc8651e2ee9770d84ad810f36478c0b') in 0.296152 seconds
Number of updated asset objects reloaded before import = 0
Number of asset objects unloaded after import = 2
========================================================================
Received Import Request.
  Time since last request: 0.000048 seconds.
  path: Assets/Models/Antique_Pack/Chairs/Textures/AntiqueChair_01_Specular.png
  artifactKey: Guid(1b61e3b42c9470b4394778c1c010ffd0) Importer(815301076,1909f56bfc062723c751e8b465ee728b)
Start importing Assets/Models/Antique_Pack/Chairs/Textures/AntiqueChair_01_Specular.png using Guid(1b61e3b42c9470b4394778c1c010ffd0) Importer(815301076,1909f56bfc062723c751e8b465ee728b)  -> (artifact id: 'b221eaf960f2e03df779f0b35daf63ae') in 0.082663 seconds
Number of updated asset objects reloaded before import = 0
Number of asset objects unloaded after import = 2
========================================================================
Received Import Request.
  Time since last request: 0.000110 seconds.
  path: Assets/Models/Antique_Pack/Chairs/Textures/AntiqueChair_02_02_Albedo.png
  artifactKey: Guid(3fe2978e4fbef7548ad8295afffeba51) Importer(815301076,1909f56bfc062723c751e8b465ee728b)
Start importing Assets/Models/Antique_Pack/Chairs/Textures/AntiqueChair_02_02_Albedo.png using Guid(3fe2978e4fbef7548ad8295afffeba51) Importer(815301076,1909f56bfc062723c751e8b465ee728b)  -> (artifact id: '34f035f5c373985f62a52308305fe0cd') in 0.060882 seconds
Number of updated asset objects reloaded before import = 0
Number of asset objects unloaded after import = 2
========================================================================
Received Import Request.
  Time since last request: 0.000325 seconds.
  path: Assets/Models/Antique_Pack/Chairs/Textures/AntiqueChair_02_01_Specular.png
  artifactKey: Guid(239a4e3047e9d034a82a98369bd616d8) Importer(815301076,1909f56bfc062723c751e8b465ee728b)
Start importing Assets/Models/Antique_Pack/Chairs/Textures/AntiqueChair_02_01_Specular.png using Guid(239a4e3047e9d034a82a98369bd616d8) Importer(815301076,1909f56bfc062723c751e8b465ee728b)  -> (artifact id: 'a52fc22ab438807ce40daea0ef479edd') in 0.065719 seconds
Number of updated asset objects reloaded before import = 0
Number of asset objects unloaded after import = 2
========================================================================
Received Import Request.
  Time since last request: 0.000022 seconds.
  path: Assets/BloodDecalsAndEffects/BloodAnimals/Textures/AnimalPaws_NM.png
  artifactKey: Guid(f5c63618bf580fd40b902edddb081c89) Importer(815301076,1909f56bfc062723c751e8b465ee728b)
Start importing Assets/BloodDecalsAndEffects/BloodAnimals/Textures/AnimalPaws_NM.png using Guid(f5c63618bf580fd40b902edddb081c89) Importer(815301076,1909f56bfc062723c751e8b465ee728b)  -> (artifact id: 'efcd06a467ee9b969bc1e6472a32ace5') in 0.143533 seconds
Number of updated asset objects reloaded before import = 0
Number of asset objects unloaded after import = 2
========================================================================
Received Import Request.
  Time since last request: 0.000146 seconds.
  path: Assets/Models/Antique_Pack/Chairs/Textures/AntiqueChair_01_Normal.png
  artifactKey: Guid(6ce0ae7b56251e04da18f0cd70277f63) Importer(815301076,1909f56bfc062723c751e8b465ee728b)
Start importing Assets/Models/Antique_Pack/Chairs/Textures/AntiqueChair_01_Normal.png using Guid(6ce0ae7b56251e04da18f0cd70277f63) Importer(815301076,1909f56bfc062723c751e8b465ee728b)  -> (artifact id: '9d60429c997ad1abbbaced412611d5ea') in 0.132597 seconds
Number of updated asset objects reloaded before import = 0
Number of asset objects unloaded after import = 2
========================================================================
Received Import Request.
  Time since last request: 67.791454 seconds.
  path: Assets/Models/Antique_Pack/Cupboard/Textures/AntiqueCupboard_Diffuse.png
  artifactKey: Guid(7d168d24d1530d848a9a69099862c1d1) Importer(815301076,1909f56bfc062723c751e8b465ee728b)
Start importing Assets/Models/Antique_Pack/Cupboard/Textures/AntiqueCupboard_Diffuse.png using Guid(7d168d24d1530d848a9a69099862c1d1) Importer(815301076,1909f56bfc062723c751e8b465ee728b)  -> (artifact id: '2e698a76f590cafe6392ba9a8c7335be') in 0.235076 seconds
Number of updated asset objects reloaded before import = 0
Number of asset objects unloaded after import = 2
========================================================================
Received Import Request.
  Time since last request: 0.150258 seconds.
  path: Assets/BloodDecalsAndEffects/Textures/Blood/GreyscaleBlood/BloodTexture_1_Greyscale.tga
  artifactKey: Guid(9163b7b46a4751c4e8918b2b9226c8f6) Importer(815301076,1909f56bfc062723c751e8b465ee728b)
Start importing Assets/BloodDecalsAndEffects/Textures/Blood/GreyscaleBlood/BloodTexture_1_Greyscale.tga using Guid(9163b7b46a4751c4e8918b2b9226c8f6) Importer(815301076,1909f56bfc062723c751e8b465ee728b)  -> (artifact id: '29659c9cb717f0eabfb973b7985805f0') in 0.051327 seconds
Number of updated asset objects reloaded before import = 0
Number of asset objects unloaded after import = 2
========================================================================
Received Import Request.
  Time since last request: 0.041958 seconds.
  path: Assets/BloodDecalsAndEffects/Textures/Blood/GreyscaleBlood/BloodTexture_Greyscale.png
  artifactKey: Guid(60402babe591bc3429b1393011328cc0) Importer(815301076,1909f56bfc062723c751e8b465ee728b)
Start importing Assets/BloodDecalsAndEffects/Textures/Blood/GreyscaleBlood/BloodTexture_Greyscale.png using Guid(60402babe591bc3429b1393011328cc0) Importer(815301076,1909f56bfc062723c751e8b465ee728b)  -> (artifact id: '21066d746a183ac3ec8bc0a675568915') in 0.128718 seconds
Number of updated asset objects reloaded before import = 0
Number of asset objects unloaded after import = 2
========================================================================
Received Import Request.
  Time since last request: 11.498909 seconds.
  path: Assets/Abandoned_Asylum/Textures/Elevator_Normal.png
  artifactKey: Guid(4484a03205fcf2945ab9c61ed7f0f6ca) Importer(815301076,1909f56bfc062723c751e8b465ee728b)
Start importing Assets/Abandoned_Asylum/Textures/Elevator_Normal.png using Guid(4484a03205fcf2945ab9c61ed7f0f6ca) Importer(815301076,1909f56bfc062723c751e8b465ee728b)  -> (artifact id: '972d50c8d159ea0be53695512e255216') in 0.168579 seconds
Number of updated asset objects reloaded before import = 0
Number of asset objects unloaded after import = 2
========================================================================
Received Import Request.
  Time since last request: 0.000071 seconds.
  path: Assets/Models/Papers_Pack/PaperPhoto/Textures/evil-medieval-names.jpg
  artifactKey: Guid(2f1737ee9d324704199bc9f27160a637) Importer(815301076,1909f56bfc062723c751e8b465ee728b)
Start importing Assets/Models/Papers_Pack/PaperPhoto/Textures/evil-medieval-names.jpg using Guid(2f1737ee9d324704199bc9f27160a637) Importer(815301076,1909f56bfc062723c751e8b465ee728b)  -> (artifact id: '3ccf2de9fa6a8ee16af463112cb5e3b7') in 0.054660 seconds
Number of updated asset objects reloaded before import = 0
Number of asset objects unloaded after import = 2
========================================================================
Received Import Request.
  Time since last request: 0.003502 seconds.
  path: Assets/Abandoned_Asylum/Textures/FilmProjector_Albedo.png
  artifactKey: Guid(0420a52c69a11d84e9b49039f5b14ae4) Importer(815301076,1909f56bfc062723c751e8b465ee728b)
Start importing Assets/Abandoned_Asylum/Textures/FilmProjector_Albedo.png using Guid(0420a52c69a11d84e9b49039f5b14ae4) Importer(815301076,1909f56bfc062723c751e8b465ee728b)  -> (artifact id: 'cd3a854c639ea3791d49e41e937a6f91') in 0.067173 seconds
Number of updated asset objects reloaded before import = 0
Number of asset objects unloaded after import = 2
========================================================================
Received Import Request.
  Time since last request: 0.000101 seconds.
  path: Assets/Models/Furniture/Common/Statues_Fish_B/Materials/Fish_Statues_B_MET.png
  artifactKey: Guid(5d1e314283605f940ac3ac37870306d7) Importer(815301076,1909f56bfc062723c751e8b465ee728b)
Start importing Assets/Models/Furniture/Common/Statues_Fish_B/Materials/Fish_Statues_B_MET.png using Guid(5d1e314283605f940ac3ac37870306d7) Importer(815301076,1909f56bfc062723c751e8b465ee728b)  -> (artifact id: '89360fdb27cc43f0fdc4dc7a0325c84f') in 0.063089 seconds
Number of updated asset objects reloaded before import = 0
Number of asset objects unloaded after import = 2
========================================================================
Received Import Request.
  Time since last request: 0.000039 seconds.
  path: Assets/Models/Furniture/Common/Statues_Fish_B/Materials/Fish_Statues_B_BASE.png
  artifactKey: Guid(432be1a6a92139641a9b5a36c87494f6) Importer(815301076,1909f56bfc062723c751e8b465ee728b)
Start importing Assets/Models/Furniture/Common/Statues_Fish_B/Materials/Fish_Statues_B_BASE.png using Guid(432be1a6a92139641a9b5a36c87494f6) Importer(815301076,1909f56bfc062723c751e8b465ee728b)  -> (artifact id: '33b81ad82ceb95ad4c6807ed58599775') in 0.042975 seconds
Number of updated asset objects reloaded before import = 0
Number of asset objects unloaded after import = 2
Editor requested this worker to shutdown with reason: Scaling down because of idle timeout
TcpMessagingSession - receive error: operation aborted. errorcode: 995, details: The I/O operation has been aborted because of either a thread exit or an application request.
AssetImportWorker is now disconnected from the server
Process exiting
Exiting without the bug reporter. Application will terminate with return code 0