Using pre-set license
Built from '2022.3/staging' branch; Version is '2022.3.8f1 (b5eafc012955) revision 11922172'; Using compiler version '192829333'; Build Type 'Release'
OS: 'Windows 11  (10.0.26100) 64bit Professional' Language: 'en' Physical Memory: 8001 MB
BatchMode: 1, IsHumanControllingUs: 0, StartBugReporterOnCrash: 0, Is64bit: 1, IsPro: 1

COMMAND LINE ARGUMENTS:
C:\Users\tiago.freitas\Documents\2022.3.8f1\Editor\Unity.exe
-adb2
-batchMode
-noUpm
-name
AssetImportWorker5
-projectPath
C:/Users/tiago.freitas/Documents/Escape/Escape-The-Maze-Tiago
-logFile
Logs/AssetImportWorker5.log
-srvPort
60547
Successfully changed project path to: C:/Users/tiago.freitas/Documents/Escape/Escape-The-Maze-Tiago
C:/Users/tiago.freitas/Documents/Escape/Escape-The-Maze-Tiago
[UnityMemory] Configuration Parameters - Can be set up in boot.config
    "memorysetup-bucket-allocator-granularity=16"
    "memorysetup-bucket-allocator-bucket-count=8"
    "memorysetup-bucket-allocator-block-size=33554432"
    "memorysetup-bucket-allocator-block-count=8"
    "memorysetup-main-allocator-block-size=16777216"
    "memorysetup-thread-allocator-block-size=16777216"
    "memorysetup-gfx-main-allocator-block-size=16777216"
    "memorysetup-gfx-thread-allocator-block-size=16777216"
    "memorysetup-cache-allocator-block-size=4194304"
    "memorysetup-typetree-allocator-block-size=2097152"
    "memorysetup-profiler-bucket-allocator-granularity=16"
    "memorysetup-profiler-bucket-allocator-bucket-count=8"
    "memorysetup-profiler-bucket-allocator-block-size=33554432"
    "memorysetup-profiler-bucket-allocator-block-count=8"
    "memorysetup-profiler-allocator-block-size=16777216"
    "memorysetup-profiler-editor-allocator-block-size=1048576"
    "memorysetup-temp-allocator-size-main=16777216"
    "memorysetup-job-temp-allocator-block-size=2097152"
    "memorysetup-job-temp-allocator-block-size-background=1048576"
    "memorysetup-job-temp-allocator-reduction-small-platforms=262144"
    "memorysetup-allocator-temp-initial-block-size-main=262144"
    "memorysetup-allocator-temp-initial-block-size-worker=262144"
    "memorysetup-temp-allocator-size-background-worker=32768"
    "memorysetup-temp-allocator-size-job-worker=262144"
    "memorysetup-temp-allocator-size-preload-manager=33554432"
    "memorysetup-temp-allocator-size-nav-mesh-worker=65536"
    "memorysetup-temp-allocator-size-audio-worker=65536"
    "memorysetup-temp-allocator-size-cloud-worker=32768"
    "memorysetup-temp-allocator-size-gi-baking-worker=262144"
    "memorysetup-temp-allocator-size-gfx=262144"
Player connection [24312] Host "[IP] 10.11.10.116 [Port] 0 [Flags] 2 [Guid] 1007510064 [EditorId] 1007510064 [Version] 1048832 [Id] WindowsEditor(7,DEV006) [Debug] 1 [PackageName] WindowsEditor [ProjectName] Editor" joined multi-casting on [225.0.0.222:54997]...

Player connection [24312] Host "[IP] 10.11.10.116 [Port] 0 [Flags] 2 [Guid] 1007510064 [EditorId] 1007510064 [Version] 1048832 [Id] WindowsEditor(7,DEV006) [Debug] 1 [PackageName] WindowsEditor [ProjectName] Editor" joined alternative multi-casting on [225.0.0.222:34997]...

[Physics::Module] Initialized MultithreadedJobDispatcher with 5 workers.
Refreshing native plugins compatible for Editor in 392.83 ms, found 8 plugins.
Preloading 0 native plugins for Editor in 0.00 ms.
Initialize engine version: 2022.3.8f1 (b5eafc012955)
[Subsystems] Discovering subsystems at path C:/Users/tiago.freitas/Documents/2022.3.8f1/Editor/Data/Resources/UnitySubsystems
[Subsystems] Discovering subsystems at path C:/Users/tiago.freitas/Documents/Escape/Escape-The-Maze-Tiago/Assets
GfxDevice: creating device client; threaded=0; jobified=0
Direct3D:
    Version:  Direct3D 11.0 [level 11.1]
    Renderer: Intel(R) UHD Graphics 630 (ID=0x3e92)
    Vendor:   Intel
    VRAM:     4000 MB
    Driver:   31.0.101.2130
Initialize mono
Mono path[0] = 'C:/Users/tiago.freitas/Documents/2022.3.8f1/Editor/Data/Managed'
Mono path[1] = 'C:/Users/tiago.freitas/Documents/2022.3.8f1/Editor/Data/MonoBleedingEdge/lib/mono/unityjit-win32'
Mono config path = 'C:/Users/tiago.freitas/Documents/2022.3.8f1/Editor/Data/MonoBleedingEdge/etc'
Using monoOptions --debugger-agent=transport=dt_socket,embedding=1,server=y,suspend=n,address=127.0.0.1:56660
Begin MonoManager ReloadAssembly
Registering precompiled unity dll's ...
Register platform support module: C:/Users/tiago.freitas/Documents/2022.3.8f1/Editor/Data/PlaybackEngines/WindowsStandaloneSupport/UnityEditor.WindowsStandalone.Extensions.dll
Registered in 0.022342 seconds.
- Loaded All Assemblies, in  1.345 seconds
Native extension for WindowsStandalone target not found
Mono: successfully reloaded assembly
- Finished resetting the current domain, in  0.433 seconds
Domain Reload Profiling: 1773ms
	BeginReloadAssembly (803ms)
		ExecutionOrderSort (0ms)
		DisableScriptedObjects (0ms)
		BackupInstance (0ms)
		ReleaseScriptingObjects (0ms)
		CreateAndSetChildDomain (2ms)
	RebuildCommonClasses (71ms)
	RebuildNativeTypeToScriptingClass (16ms)
	initialDomainReloadingComplete (155ms)
	LoadAllAssembliesAndSetupDomain (291ms)
		LoadAssemblies (796ms)
		RebuildTransferFunctionScriptingTraits (0ms)
		AnalyzeDomain (285ms)
			TypeCache.Refresh (283ms)
				TypeCache.ScanAssembly (259ms)
			ScanForSourceGeneratedMonoScriptInfo (1ms)
			ResolveRequiredComponents (1ms)
	FinalizeReload (436ms)
		ReleaseScriptCaches (0ms)
		RebuildScriptCaches (0ms)
		SetupLoadedEditorAssemblies (335ms)
			LogAssemblyErrors (0ms)
			InitializePlatformSupportModulesInManaged (15ms)
			SetLoadedEditorAssemblies (12ms)
			RefreshPlugins (0ms)
			BeforeProcessingInitializeOnLoad (3ms)
			ProcessInitializeOnLoadAttributes (194ms)
			ProcessInitializeOnLoadMethodAttributes (111ms)
			AfterProcessingInitializeOnLoad (0ms)
			EditorAssembliesLoaded (0ms)
		ExecutionOrderSort2 (0ms)
		AwakeInstancesAfterBackupRestoration (0ms)
========================================================================
Worker process is ready to serve import requests
Begin MonoManager ReloadAssembly
- Loaded All Assemblies, in  1.461 seconds
Refreshing native plugins compatible for Editor in 29.30 ms, found 8 plugins.
Native extension for WindowsStandalone target not found
Package Manager log level set to [2]
[Package Manager] Server::EnsureServerProcessIsRunning -- launch failed, reason: Unity was launched with the -noUpm command-line argument
[Package Manager] UpmClient::Send -- Unable to send message (not connected to UPM process).
[Package Manager] Cannot connect to Unity Package Manager local server
[Package Manager] Server::EnsureServerProcessIsRunning -- launch failed, reason: Unity was launched with the -noUpm command-line argument
[Package Manager] UpmClient::Send -- Unable to send message (not connected to UPM process).
[Package Manager] Cannot connect to Unity Package Manager local server
Mono: successfully reloaded assembly
[Package Manager] Server::EnsureServerProcessIsRunning -- launch failed, reason: Unity was launched with the -noUpm command-line argument
[Package Manager] UpmClient::Send -- Unable to send message (not connected to UPM process).
[Package Manager] Cannot connect to Unity Package Manager local server
[Package Manager] Server::EnsureServerProcessIsRunning -- launch failed, reason: Unity was launched with the -noUpm command-line argument
[Package Manager] UpmClient::Send -- Unable to send message (not connected to UPM process).
[Package Manager] Cannot connect to Unity Package Manager local server
- Finished resetting the current domain, in  1.891 seconds
Domain Reload Profiling: 3339ms
	BeginReloadAssembly (278ms)
		ExecutionOrderSort (0ms)
		DisableScriptedObjects (7ms)
		BackupInstance (0ms)
		ReleaseScriptingObjects (0ms)
		CreateAndSetChildDomain (36ms)
	RebuildCommonClasses (69ms)
	RebuildNativeTypeToScriptingClass (19ms)
	initialDomainReloadingComplete (90ms)
	LoadAllAssembliesAndSetupDomain (990ms)
		LoadAssemblies (786ms)
		RebuildTransferFunctionScriptingTraits (0ms)
		AnalyzeDomain (384ms)
			TypeCache.Refresh (333ms)
				TypeCache.ScanAssembly (170ms)
			ScanForSourceGeneratedMonoScriptInfo (37ms)
			ResolveRequiredComponents (11ms)
	FinalizeReload (1892ms)
		ReleaseScriptCaches (0ms)
		RebuildScriptCaches (0ms)
		SetupLoadedEditorAssemblies (1357ms)
			LogAssemblyErrors (0ms)
			InitializePlatformSupportModulesInManaged (21ms)
			SetLoadedEditorAssemblies (22ms)
			RefreshPlugins (0ms)
			BeforeProcessingInitializeOnLoad (328ms)
			ProcessInitializeOnLoadAttributes (834ms)
			ProcessInitializeOnLoadMethodAttributes (110ms)
			AfterProcessingInitializeOnLoad (40ms)
			EditorAssembliesLoaded (0ms)
		ExecutionOrderSort2 (0ms)
		AwakeInstancesAfterBackupRestoration (113ms)
Launched and connected shader compiler UnityShaderCompiler.exe after 0.27 seconds
Refreshing native plugins compatible for Editor in 51.02 ms, found 8 plugins.
Preloading 0 native plugins for Editor in 0.00 ms.
Unloading 3043 Unused Serialized files (Serialized files now loaded: 0)
Unloading 78 unused Assets / (1.3 MB). Loaded Objects now: 3514.
Memory consumption went from 135.3 MB to 134.0 MB.
Total: 9.206600 ms (FindLiveObjects: 0.637500 ms CreateObjectMapping: 0.811900 ms MarkObjects: 6.291800 ms  DeleteObjects: 1.462300 ms)

AssetImportParameters requested are different than current active one (requested -> active):
  custom:video-decoder-webm-vp8: 9c59270c3fd7afecdb556c50c9e8de78 -> 
  custom:SearchIndexIgnoredProperties: e643bd26f0fe6173181afceb89e7c659 -> 
  custom:container-demuxer-ogg: 62fdf1f143b41e24485cea50d1cbac27 -> 
  custom:AudioImporter_EditorPlatform: d09bf68614088b80899f8185d706f6e7 -> 
  custom:video-codec-MediaFoundation-h265: 746d11721c4dcdbdad8f713fa42b33f4 -> 
  custom:video-decoder-ogg-theora: a1e56fd34408186e4bbccfd4996cb3dc -> 
  custom:framework-win-MediaFoundation: 216162199b28c13a410421893ffa2e32 -> 
  custom:video-encoder-webm-vp8: eb34c28f22e8b96e1ab97ce403110664 -> 
  custom:audio-decoder-ogg-vorbis: bf7c407c2cedff20999df2af8eb42d56 -> 
  custom:CustomObjectIndexerAttribute: 756ad292c208cfabdd7b50bc23989ffe -> 
  custom:container-demuxer-webm: 4f35f7cbe854078d1ac9338744f61a02 -> 
  custom:audio-encoder-webm-vorbis: bf7c407c2cedff20999df2af8eb42d56 -> 
  custom:container-muxer-webm: aa71ff27fc2769a1b78a27578f13a17b -> 
========================================================================
Received Import Request.
  Time since last request: 1697006.648872 seconds.
  path: Assets/Models/test/ellie-backpack-acces-color 1.png
  artifactKey: Guid(6b206ea063159624a8d663efe0b6bc23) Importer(815301076,1909f56bfc062723c751e8b465ee728b)
Start importing Assets/Models/test/ellie-backpack-acces-color 1.png using Guid(6b206ea063159624a8d663efe0b6bc23) Importer(815301076,1909f56bfc062723c751e8b465ee728b)  -> (artifact id: '8bd82d6afe026b0ab693dae6be64a43f') in 0.380115 seconds
Number of updated asset objects reloaded before import = 0
Number of asset objects unloaded after import = 2
========================================================================
Received Import Request.
  Time since last request: 0.000043 seconds.
  path: Assets/Models/test/ellie-backpack-color 1.png
  artifactKey: Guid(2fb55db049e11b94eaed2de97fe3fb0a) Importer(815301076,1909f56bfc062723c751e8b465ee728b)
Start importing Assets/Models/test/ellie-backpack-color 1.png using Guid(2fb55db049e11b94eaed2de97fe3fb0a) Importer(815301076,1909f56bfc062723c751e8b465ee728b)  -> (artifact id: '5140a76a7ebf79d62976a980005a637b') in 0.049727 seconds
Number of updated asset objects reloaded before import = 0
Number of asset objects unloaded after import = 2
========================================================================
Received Import Request.
  Time since last request: 0.000070 seconds.
  path: Assets/Models/test/ellie-patrol-pants-color_test 1.png
  artifactKey: Guid(eb5a10d57757fea419a9ece6b94c8c5d) Importer(815301076,1909f56bfc062723c751e8b465ee728b)
Start importing Assets/Models/test/ellie-patrol-pants-color_test 1.png using Guid(eb5a10d57757fea419a9ece6b94c8c5d) Importer(815301076,1909f56bfc062723c751e8b465ee728b)  -> (artifact id: 'c01ced02dbe1c1c3fa3d0fb3909ff871') in 0.073228 seconds
Number of updated asset objects reloaded before import = 0
Number of asset objects unloaded after import = 2
========================================================================
Received Import Request.
  Time since last request: 0.000057 seconds.
  path: Assets/Models/test/ellie-caruncle-color 1.png
  artifactKey: Guid(929374b58da3d194db79988d1d0b19e9) Importer(815301076,1909f56bfc062723c751e8b465ee728b)
Start importing Assets/Models/test/ellie-caruncle-color 1.png using Guid(929374b58da3d194db79988d1d0b19e9) Importer(815301076,1909f56bfc062723c751e8b465ee728b)  -> (artifact id: 'cda1a1bac1cb6ed658c98d6b8bfddcbf') in 0.046342 seconds
Number of updated asset objects reloaded before import = 0
Number of asset objects unloaded after import = 2
========================================================================
Received Import Request.
  Time since last request: 0.000037 seconds.
  path: Assets/Models/test/eye-01-static_mat_color 1.png
  artifactKey: Guid(e1e27ec1f735b2541a0108657c0bd5d0) Importer(815301076,1909f56bfc062723c751e8b465ee728b)
Start importing Assets/Models/test/eye-01-static_mat_color 1.png using Guid(e1e27ec1f735b2541a0108657c0bd5d0) Importer(815301076,1909f56bfc062723c751e8b465ee728b)  -> (artifact id: '9e77bf9a3dd768749d053a7230efad9e') in 0.054131 seconds
Number of updated asset objects reloaded before import = 0
Number of asset objects unloaded after import = 2
========================================================================
Received Import Request.
  Time since last request: 0.000382 seconds.
  path: Assets/Models/test/ellie-festival-boots-color 1.png
  artifactKey: Guid(04a1250e3e989634187aa90a423116c1) Importer(815301076,1909f56bfc062723c751e8b465ee728b)
Start importing Assets/Models/test/ellie-festival-boots-color 1.png using Guid(04a1250e3e989634187aa90a423116c1) Importer(815301076,1909f56bfc062723c751e8b465ee728b)  -> (artifact id: '0ac2cd1170b9360af3e3a42d853d4341') in 0.049716 seconds
Number of updated asset objects reloaded before import = 0
Number of asset objects unloaded after import = 2
========================================================================
Received Import Request.
  Time since last request: 0.000050 seconds.
  path: Assets/Models/test/ellie-patrol-jacket-color_test 1.png
  artifactKey: Guid(62e28a0350a4ad54d813e4b73596133a) Importer(815301076,1909f56bfc062723c751e8b465ee728b)
Start importing Assets/Models/test/ellie-patrol-jacket-color_test 1.png using Guid(62e28a0350a4ad54d813e4b73596133a) Importer(815301076,1909f56bfc062723c751e8b465ee728b)  -> (artifact id: '4f1906cbf86246cd0e466f11f71fb237') in 0.053844 seconds
Number of updated asset objects reloaded before import = 0
Number of asset objects unloaded after import = 2
========================================================================
Received Import Request.
  Time since last request: 0.000087 seconds.
  path: Assets/Models/test/ellie-hair-flying-color 1.png
  artifactKey: Guid(6dcd9dfa9da706343884b69f69d41906) Importer(815301076,1909f56bfc062723c751e8b465ee728b)
Start importing Assets/Models/test/ellie-hair-flying-color 1.png using Guid(6dcd9dfa9da706343884b69f69d41906) Importer(815301076,1909f56bfc062723c751e8b465ee728b)  -> (artifact id: '0d1567db964ad8ff1f261ee52e553502') in 0.053752 seconds
Number of updated asset objects reloaded before import = 0
Number of asset objects unloaded after import = 2
========================================================================
Received Import Request.
  Time since last request: 0.000059 seconds.
  path: Assets/Models/test/ellie-patrol-gloves-color_test 1.png
  artifactKey: Guid(1876169395c9d1b42bf53f8d4c506975) Importer(815301076,1909f56bfc062723c751e8b465ee728b)
Start importing Assets/Models/test/ellie-patrol-gloves-color_test 1.png using Guid(1876169395c9d1b42bf53f8d4c506975) Importer(815301076,1909f56bfc062723c751e8b465ee728b)  -> (artifact id: '1ee3b152002f5fad6484855339278f7b') in 0.064851 seconds
Number of updated asset objects reloaded before import = 0
Number of asset objects unloaded after import = 2
========================================================================
Received Import Request.
  Time since last request: 0.000186 seconds.
  path: Assets/Models/test/ellie-brows-color2 1.png
  artifactKey: Guid(78e074a861b413143bf8ed3beb8399c0) Importer(815301076,1909f56bfc062723c751e8b465ee728b)
Start importing Assets/Models/test/ellie-brows-color2 1.png using Guid(78e074a861b413143bf8ed3beb8399c0) Importer(815301076,1909f56bfc062723c751e8b465ee728b)  -> (artifact id: '3a6d89942cd17961689f2108ce261290') in 0.066204 seconds
Number of updated asset objects reloaded before import = 0
Number of asset objects unloaded after import = 2
========================================================================
Received Import Request.
  Time since last request: 0.000154 seconds.
  path: Assets/Models/test/ellie-shirt-skein-color 1.png
  artifactKey: Guid(cd1385440e19ebc4e8db61d63b5166db) Importer(815301076,1909f56bfc062723c751e8b465ee728b)
Start importing Assets/Models/test/ellie-shirt-skein-color 1.png using Guid(cd1385440e19ebc4e8db61d63b5166db) Importer(815301076,1909f56bfc062723c751e8b465ee728b)  -> (artifact id: '3307a028204398c3da5a68df3e00f7e4') in 0.050774 seconds
Number of updated asset objects reloaded before import = 0
Number of asset objects unloaded after import = 2
========================================================================
Received Import Request.
  Time since last request: 0.000040 seconds.
  path: Assets/Models/test/ellie-patrol-hoodie-up-color_test 1.png
  artifactKey: Guid(f1cdd5eab254d734999e1eded066dfb7) Importer(815301076,1909f56bfc062723c751e8b465ee728b)
Start importing Assets/Models/test/ellie-patrol-hoodie-up-color_test 1.png using Guid(f1cdd5eab254d734999e1eded066dfb7) Importer(815301076,1909f56bfc062723c751e8b465ee728b)  -> (artifact id: '804e832e15908af4aa5828c6980e0966') in 0.044870 seconds
Number of updated asset objects reloaded before import = 0
Number of asset objects unloaded after import = 2
========================================================================
Received Import Request.
  Time since last request: 0.000049 seconds.
  path: Assets/Models/test/ellie-hair-thick-color 1.png
  artifactKey: Guid(9020377193fc52b479bfa0a4d43e98d5) Importer(815301076,1909f56bfc062723c751e8b465ee728b)
Start importing Assets/Models/test/ellie-hair-thick-color 1.png using Guid(9020377193fc52b479bfa0a4d43e98d5) Importer(815301076,1909f56bfc062723c751e8b465ee728b)  -> (artifact id: 'dc29fd51246e49ec4dd468784b85c0fa') in 0.048004 seconds
Number of updated asset objects reloaded before import = 0
Number of asset objects unloaded after import = 2
========================================================================
Received Import Request.
  Time since last request: 0.000036 seconds.
  path: Assets/Models/test/ellie-backpack-velcro-color 1.png
  artifactKey: Guid(15ede460429e2724da708cd34e104e57) Importer(815301076,1909f56bfc062723c751e8b465ee728b)
Start importing Assets/Models/test/ellie-backpack-velcro-color 1.png using Guid(15ede460429e2724da708cd34e104e57) Importer(815301076,1909f56bfc062723c751e8b465ee728b)  -> (artifact id: '7c3eb10767358d328dfd8d8516f0b166') in 0.040357 seconds
Number of updated asset objects reloaded before import = 0
Number of asset objects unloaded after import = 2
========================================================================
Received Prepare
Begin MonoManager ReloadAssembly
- Loaded All Assemblies, in  0.850 seconds
Refreshing native plugins compatible for Editor in 24.59 ms, found 8 plugins.
Native extension for WindowsStandalone target not found
[Package Manager] Server::EnsureServerProcessIsRunning -- launch failed, reason: Unity was launched with the -noUpm command-line argument
[Package Manager] UpmClient::Send -- Unable to send message (not connected to UPM process).
[Package Manager] Cannot connect to Unity Package Manager local server
[Package Manager] Server::EnsureServerProcessIsRunning -- launch failed, reason: Unity was launched with the -noUpm command-line argument
[Package Manager] UpmClient::Send -- Unable to send message (not connected to UPM process).
[Package Manager] Cannot connect to Unity Package Manager local server
Mono: successfully reloaded assembly
[Package Manager] Server::EnsureServerProcessIsRunning -- launch failed, reason: Unity was launched with the -noUpm command-line argument
[Package Manager] UpmClient::Send -- Unable to send message (not connected to UPM process).
[Package Manager] Cannot connect to Unity Package Manager local server
- Finished resetting the current domain, in  3.094 seconds
Domain Reload Profiling: 3933ms
	BeginReloadAssembly (331ms)
		ExecutionOrderSort (0ms)
		DisableScriptedObjects (10ms)
		BackupInstance (0ms)
		ReleaseScriptingObjects (0ms)
		CreateAndSetChildDomain (108ms)
	RebuildCommonClasses (51ms)
	RebuildNativeTypeToScriptingClass (16ms)
	initialDomainReloadingComplete (54ms)
	LoadAllAssembliesAndSetupDomain (387ms)
		LoadAssemblies (516ms)
		RebuildTransferFunctionScriptingTraits (0ms)
		AnalyzeDomain (19ms)
			TypeCache.Refresh (8ms)
				TypeCache.ScanAssembly (0ms)
			ScanForSourceGeneratedMonoScriptInfo (0ms)
			ResolveRequiredComponents (9ms)
	FinalizeReload (3095ms)
		ReleaseScriptCaches (0ms)
		RebuildScriptCaches (0ms)
		SetupLoadedEditorAssemblies (1241ms)
			LogAssemblyErrors (0ms)
			InitializePlatformSupportModulesInManaged (29ms)
			SetLoadedEditorAssemblies (17ms)
			RefreshPlugins (0ms)
			BeforeProcessingInitializeOnLoad (318ms)
			ProcessInitializeOnLoadAttributes (800ms)
			ProcessInitializeOnLoadMethodAttributes (58ms)
			AfterProcessingInitializeOnLoad (17ms)
			EditorAssembliesLoaded (0ms)
		ExecutionOrderSort2 (0ms)
		AwakeInstancesAfterBackupRestoration (36ms)
Refreshing native plugins compatible for Editor in 78.63 ms, found 8 plugins.
Preloading 0 native plugins for Editor in 0.00 ms.
Unloading 2980 Unused Serialized files (Serialized files now loaded: 0)
Unloading 59 unused Assets / (1.3 MB). Loaded Objects now: 3521.
Memory consumption went from 121.7 MB to 120.4 MB.
Total: 18.528500 ms (FindLiveObjects: 0.852300 ms CreateObjectMapping: 1.420000 ms MarkObjects: 14.938600 ms  DeleteObjects: 1.314200 ms)

Prepare: number of updated asset objects reloaded= 0
AssetImportParameters requested are different than current active one (requested -> active):
  custom:video-decoder-webm-vp8: 9c59270c3fd7afecdb556c50c9e8de78 -> 
  custom:SearchIndexIgnoredProperties: e643bd26f0fe6173181afceb89e7c659 -> 
  custom:container-demuxer-ogg: 62fdf1f143b41e24485cea50d1cbac27 -> 
  custom:AudioImporter_EditorPlatform: d09bf68614088b80899f8185d706f6e7 -> 
  custom:video-codec-MediaFoundation-h265: 746d11721c4dcdbdad8f713fa42b33f4 -> 
  custom:video-decoder-ogg-theora: a1e56fd34408186e4bbccfd4996cb3dc -> 
  custom:framework-win-MediaFoundation: 216162199b28c13a410421893ffa2e32 -> 
  custom:video-encoder-webm-vp8: eb34c28f22e8b96e1ab97ce403110664 -> 
  custom:audio-decoder-ogg-vorbis: bf7c407c2cedff20999df2af8eb42d56 -> 
  custom:CustomObjectIndexerAttribute: 756ad292c208cfabdd7b50bc23989ffe -> 
  custom:container-demuxer-webm: 4f35f7cbe854078d1ac9338744f61a02 -> 
  custom:audio-encoder-webm-vorbis: bf7c407c2cedff20999df2af8eb42d56 -> 
  custom:container-muxer-webm: aa71ff27fc2769a1b78a27578f13a17b -> 
Editor requested this worker to shutdown with reason: Scaling down because of idle timeout
TcpMessagingSession - receive error
AssetImportWorkerClient::OnTransportError - code=2 error=End of file
AssetImportWorker is now disconnected from the server
Process exiting
Exiting without the bug reporter. Application will terminate with return code 0